==================================================
CLIENT AI GENERATION ERROR REPORT (TELEMETRY)
Time: 2026-07-06T11:28:51.954Z
Student ID: std_htsj4gbmo
Lesson ID: bai-1
Lesson Title: Bài 1: Tập hợp
==================================================

[ERROR DETAILS]
Lỗi tại câu số 5: Không thể sinh câu hỏi thỏa mãn các ràng buộc hoặc loại bỏ trùng lặp đáp án sau 500 lần thử.
Error: Không thể sinh câu hỏi thỏa mãn các ràng buộc hoặc loại bỏ trùng lặp đáp án sau 500 lần thử.
    at Object.generateQuestionFromTemplate (http://localhost:3000/js/question-generator-worker.js:948:19)
    at self.onmessage (http://localhost:3000/js/question-generator-worker.js:1020:40)

[FAILED TEMPLATE QUESTION (INDEX: 4)]
{
  "isTemplate": true,
  "variables": {
    "targetNum": {
      "min": 36,
      "max": 72,
      "step": 12
    },
    "lowerLimit": {
      "min": 3,
      "max": 7,
      "step": 1
    },
    "upperLimit": {
      "min": 12,
      "max": 20,
      "step": 1
    }
  },
  "constraints": [
    "lowerLimit < upperLimit",
    "upperLimit <= targetNum / 2"
  ],
  "formulas": {
    "divisorsArr": "(() => { let divs = []; for (let i = 1; i <= targetNum; i++) { if (targetNum % i === 0) divs.push(i); } return divs; })();",
    "filteredDivisors": "divisorsArr.filter(d => d > lowerLimit && d < upperLimit)",
    "ans": "filteredDivisors.length",
    "w1": "ans + 1",
    "w2": "ans - 1",
    "w3": "ans + 2"
  },
  "questionText": "Một cửa hàng muốn đóng gói {targetNum} chiếc kẹo thành các gói nhỏ. Số kẹo trong mỗi gói phải là một ước của {targetNum}, đồng thời phải lớn hơn {lowerLimit} chiếc và nhỏ hơn {upperLimit} chiếc. Hỏi có bao nhiêu cách đóng gói khác nhau thỏa mãn điều kiện trên?",
  "options": [
    "A. {w1} cách",
    "B. {ans} cách",
    "C. {w2} cách",
    "D. {w3} cách"
  ],
  "correctIndex": 1,
  "hints": [
    "Đầu tiên, hãy liệt kê tất cả các ước của {targetNum}.",
    "Sau đó, lọc ra những ước thỏa mãn điều kiện về khoảng giá trị."
  ],
  "solutionHtml": "Để tìm số cách đóng gói, ta cần tìm các ước của {targetNum} thỏa mãn điều kiện {lowerLimit} < \\text{so keo trong moi goi} < {upperLimit}$.<br/>Các ước của {targetNum} là: ${divisorsArr.join(', ')}.<br/>Lọc ra các ước thỏa mãn điều kiện lớn hơn {lowerLimit} và nhỏ hơn {upperLimit}:<br/>Các ước đó là: ${filteredDivisors.join(', ')}.<br/>Số lượng các ước này chính là số cách đóng gói khác nhau: {ans} cách.<br/>Đáp án đúng là B.",
  "tip": "Hãy chắc chắn rằng bạn đã liệt kê đủ tất cả các ước và không bỏ sót hoặc thêm nhầm bất kỳ số nào khi lọc.",
  "level": "chat-luong-cao",
  "type": "bai-1-d4"
}
