==================================================
CLIENT AI GENERATION ERROR REPORT (TELEMETRY)
Time: 2026-07-19T09:39:00.707Z
Student ID: std_htsj4gbmo
Lesson ID: lt-c3-1
Lesson Title: Luyện tập chung (Phép cộng & trừ số nguyên)
==================================================

[ERROR DETAILS]
Lỗi tại câu số 9: Không thể sinh câu hỏi thỏa mãn các ràng buộc hoặc loại bỏ trùng lặp đáp án sau 500 lần thử.
Error: Không thể sinh câu hỏi thỏa mãn các ràng buộc hoặc loại bỏ trùng lặp đáp án sau 500 lần thử.
    at Object.generateQuestionFromTemplate (http://localhost:3000/js/question-generator-worker.js:1166:19)
    at self.onmessage (http://localhost:3000/js/question-generator-worker.js:1274:40)

[FAILED TEMPLATE QUESTION (INDEX: 8)]
{
  "isTemplate": true,
  "variables": {
    "temp_city_a": {
      "min": -10,
      "max": 15,
      "step": 1
    },
    "temp_city_b": {
      "min": -5,
      "max": 20,
      "step": 1
    }
  },
  "constraints": [
    "temp_city_a !== temp_city_b"
  ],
  "formulas": {
    "diff_temp": "Math.abs(temp_city_a - temp_city_b)",
    "w1": "temp_city_a + temp_city_b",
    "w2": "Math.abs(temp_city_a) + Math.abs(temp_city_b)",
    "w3": "temp_city_a - temp_city_b"
  },
  "questionText": "Nhiệt độ vào buổi sáng ở thành phố A là {temp_city_a}°C và ở thành phố B là {temp_city_b}°C. Hỏi độ chênh lệch nhiệt độ giữa hai thành phố này là bao nhiêu?",
  "options": [
    "A. {w1}°C",
    "B. {diff_temp}°C",
    "C. {w2}°C",
    "D. {w3}°C"
  ],
  "correctIndex": 1,
  "hints": [
    "Độ chênh lệch giữa hai giá trị được tính bằng giá trị tuyệt đối của hiệu hai giá trị đó.",
    "Ví dụ: Chênh lệch giữa 5°C và -2°C là $|5 - (-2)| = |5+2| = 7$°C."
  ],
  "solutionHtml": "Để tìm độ chênh lệch nhiệt độ giữa hai thành phố, ta lấy giá trị tuyệt đối của hiệu nhiệt độ hai thành phố đó.<br/>Nhiệt độ ở thành phố A là {temp_city_a}°C.<br/>Nhiệt độ ở thành phố B là {temp_city_b}°C.<br/>Độ chênh lệch nhiệt độ là: <br/>$|{temp_city_a} - {temp_city_b}| = {diff_temp}$°C.<br/>Đáp án đúng là B.",
  "tip": "Độ chênh lệch luôn là một giá trị không âm. Hãy nhớ sử dụng giá trị tuyệt đối khi tính độ chênh lệch giữa hai số nguyên.",
  "level": "chat-luong-cao",
  "type": "lt-c3-1-d9"
}
