==================================================
AI GENERATION ERROR REPORT
Time: 2026-07-14T01:14:01.477Z
Lesson ID: l1-bai-32
Lesson Title: Bài 32: Phép trừ số có hai chữ số cho số có hai chữ số
==================================================

[ERROR DETAILS]
Unexpected non-whitespace character after JSON at position 9613 (line 313 column 1)
SyntaxError: Unexpected non-whitespace character after JSON at position 9613 (line 313 column 1)
    at JSON.parse (<anonymous>)
    at F:\KHQS\AntiGravity\HocTap\server.js:3837:29
    at process.processTicksAndRejections (node:internal/process/task_queues:104:5)

[JSON DIAGNOSTICS]
Error Position: 9613 (Line: 313, Column: 1)
Character causing error: "}"

Context:
...  (quả).<br/>Đáp án đúng là C.",
      "tip": "Với các số tròn chục, bạn chỉ cần lấy chữ số hàng chục trừ cho nhau rồi thêm số 0 vào sau."
    }
  ]
}
>>>[LỖI TẠI ĐÂY]<<<} ...

[CLEANED JSON TEXT]
{
  "questions": [
    {
      "isTemplate": true,
      "variables": {
        "a": { "min": 50, "max": 99, "step": 1 },
        "b": { "min": 10, "max": 40, "step": 1 }
      },
      "constraints": [
        "a > b",
        "a % 10 >= b % 10"
      ],
      "formulas": {
        "ans": "a - b",
        "w1": "ans + 1",
        "w2": "ans - 1",
        "w3": "a + b"
      },
      "questionText": "Một cửa hàng có {a} quyển vở. Cửa hàng đã bán đi {b} quyển vở. Hỏi cửa hàng còn lại bao nhiêu quyển vở?",
      "options": [
        "A. {w1} quyển vở",
        "B. {ans} quyển vở",
        "C. {w2} quyển vở",
        "D. {w3} quyển vở"
      ],
      "correctIndex": 1,
      "hints": [
        "Để tìm số vở còn lại, ta thực hiện phép tính trừ.",
        "Ta lấy tổng số vở trừ đi số vở đã bán: {a} trừ {b}."
      ],
      "solutionHtml": "Số quyển vở cửa hàng còn lại là:<br/>$ {a} - {b} = {ans} $ (quyển vở).<br/>Đáp án đúng là B.",
      "tip": "Khi làm toán có chữ 'bán đi' hoặc 'còn lại', ta thường dùng phép trừ.",
      "level": "chat-luong-cao",
      "type": "l1-bai-32-d1"
    },
    {
      "isTemplate": true,
      "variables": {
        "a": { "min": 60, "max": 80, "step": 1 },
        "b": { "min": 20, "max": 40, "step": 1 }
      },
      "constraints": [
        "a > b",
        "a % 10 >= b % 10"
      ],
      "formulas": {
        "ans": "a - b",
        "w1": "ans + 2",
        "w2": "ans + 10",
        "w3": "ans - 5"
      },
      "questionText": "Trên cành cây có {a} con chim. Có {b} con chim bay đi mất. Hỏi trên cành cây còn lại bao nhiêu con chim?",
      "options": [
        "A. {w1} con chim",
        "B. {w2} con chim",
        "C. {ans} con chim",
        "D. {w3} con chim"
      ],
      "correctIndex": 2,
      "hints": [
        "Số chim còn lại bằng số chim ban đầu trừ đi số chim đã bay đi.",
        "Phép tính là $ {a} - {b} $."
      ],
      "solutionHtml": "Số con chim còn lại trên cành là:<br/>$ {a} - {b} = {ans} $ (con chim).<br/>Đáp án đúng là C.",
      "tip": "Hãy chú ý số đơn vị và số chục khi thực hiện phép trừ $ {a} - {b} $."
    },
    {
      "isTemplate": true,
      "variables": {
        "a": { "min": 45, "max": 95, "step": 5 },
        "b": { "min": 10, "max": 40, "step": 5 }
      },
      "constraints": [
        "a > b"
      ],
      "formulas": {
        "ans": "a - b",
        "w1": "a - b + 5",
        "w2": "a + b",
        "w3": "a - b - 5"
      },
      "questionText": "Lan có {a} viên bi, Lan cho bạn {b} viên bi. Hỏi Lan còn lại bao nhiêu viên bi?",
      "options": [
        "A. {w1} viên bi",
        "B. {ans} viên bi",
        "C. {w2} viên bi",
        "D. {w3} viên bi"
      ],
      "correctIndex": 1,
      "hints": [
        "Lan cho bạn nghĩa là số bi của Lan giảm đi.",
        "Ta thực hiện phép tính $ {a} - {b} $."
      ],
      "solutionHtml": "Số viên bi Lan còn lại là:<br/>$ {a} - {b} = {ans} $ (viên bi).<br/>Đáp án đúng là B.",
      "tip": "Đọc kỹ đề bài để xác định phép tính phù hợp."
    },
    {
      "isTemplate": true,
      "variables": {
        "a": { "min": 50, "max": 90, "step": 10 },
        "b": { "min": 10, "max": 40, "step": 10 }
      },
      "constraints": [
        "a > b"
      ],
      "formulas": {
        "ans": "a - b",
        "w1": "a",
        "w2": "a + b",
        "w3": "ans + 10"
      },
      "questionText": "Một đoàn tàu có {a} toa, đoàn tàu đã cắt bớt {b} toa. Hỏi đoàn tàu còn lại bao nhiêu toa?",
      "options": [
        "A. {w1} toa",
        "B. {w2} toa",
        "C. {ans} toa",
        "D. {w3} toa"
      ],
      "correctIndex": 2,
      "hints": [
        "Cắt bớt nghĩa là số toa tàu giảm đi.",
        "Thực hiện phép trừ $ {a} - {b} $."
      ],
      "solutionHtml": "Số toa tàu còn lại là:<br/>$ {a} - {b} = {ans} $ (toa).<br/>Đáp án đúng là C.",
      "tip": "Phép trừ số tròn chục rất đơn giản, hãy lấy số chục trừ cho nhau."
    },
    {
      "isTemplate": true,
      "variables": {
        "a": { "min": 35, "max": 65, "step": 1 },
        "b": { "min": 12, "max": 24, "step": 1 }
      },
      "constraints": [
        "a > b",
        "a % 10 >= b % 10"
      ],
      "formulas": {
        "ans": "a - b",
        "w1": "ans + 2",
        "w2": "ans - 2",
        "w3": "a + b"
      },
      "questionText": "Trong vườn có {a} cây ăn quả. Bác làm vườn đã chặt bỏ {b} cây bị sâu bệnh. Hỏi trong vườn còn lại bao nhiêu cây?",
      "options": [
        "A. {w1} cây",
        "B. {w2} cây",
        "C. {ans} cây",
        "D. {w3} cây"
      ],
      "correctIndex": 2,
      "hints": [
        "Chặt bỏ nghĩa là số cây giảm đi.",
        "Phép tính: $ {a} - {b} $."
      ],
      "solutionHtml": "Số cây còn lại trong vườn là:<br/>$ {a} - {b} = {ans} $ (cây).<br/>Đáp án đúng là C.",
      "tip": "Hãy đặt tính rồi tính để không bị sai sót."
    },
    {
      "isTemplate": true,
      "variables": {
        "a": { "min": 70, "max": 99, "step": 1 },
        "b": { "min": 30, "max": 50, "step": 1 }
      },
      "constraints": [
        "a > b",
        "a % 10 >= b % 10"
      ],
      "formulas": {
        "ans": "a - b",
        "w1": "a - 20",
        "w2": "b - 10",
        "w3": "ans + 1"
      },
      "questionText": "Hộp bánh có {a} chiếc, Mai ăn hết {b} chiếc. Hỏi trong hộp còn lại bao nhiêu chiếc bánh?",
      "options": [
        "A. {w1} chiếc",
        "B. {ans} chiếc",
        "C. {w2} chiếc",
        "D. {w3} chiếc"
      ],
      "correctIndex": 1,
      "hints": [
        "Mai ăn hết nghĩa là số bánh giảm đi.",
        "Phép tính là $ {a} - {b} $."
      ],
      "solutionHtml": "Số chiếc bánh còn lại là:<br/>$ {a} - {b} = {ans} $ (chiếc).<br/>Đáp án đúng là B.",
      "tip": "Luôn lấy hàng đơn vị trừ hàng đơn vị, hàng chục trừ hàng chục."
    },
    {
      "isTemplate": true,
      "variables": {
        "a": { "min": 40, "max": 80, "step": 2 },
        "b": { "min": 10, "max": 30, "step": 2 }
      },
      "constraints": [
        "a > b"
      ],
      "formulas": {
        "ans": "a - b",
        "w1": "ans + 4",
        "w2": "ans - 4",
        "w3": "a + b"
      },
      "questionText": "Lớp 1A có {a} học sinh, trong đó có {b} học sinh là nữ. Hỏi lớp 1A có bao nhiêu học sinh nam?",
      "options": [
        "A. {w1} học sinh",
        "B. {w2} học sinh",
        "C. {ans} học sinh",
        "D. {w3} học sinh"
      ],
      "correctIndex": 2,
      "hints": [
        "Tổng số học sinh trừ đi số học sinh nữ sẽ ra số học sinh nam.",
        "Phép tính: $ {a} - {b} $."
      ],
      "solutionHtml": "Số học sinh nam của lớp là:<br/>$ {a} - {b} = {ans} $ (học sinh).<br/>Đáp án đúng là C.",
      "tip": "Đây là bài toán tìm thành phần còn lại sau khi đã biết tổng và một phần."
    },
    {
      "isTemplate": true,
      "variables": {
        "a": { "min": 55, "max": 95, "step": 1 },
        "b": { "min": 15, "max": 45, "step": 1 }
      },
      "constraints": [
        "a > b",
        "a % 10 >= b % 10"
      ],
      "formulas": {
        "ans": "a - b",
        "w1": "ans + 5",
        "w2": "ans - 5",
        "w3": "a - b + 10"
      },
      "questionText": "Bà có {a} quả trứng, bà dùng hết {b} quả để rán trứng. Hỏi bà còn lại bao nhiêu quả trứng?",
      "options": [
        "A. {w1} quả",
        "B. {ans} quả",
        "C. {w2} quả",
        "D. {w3} quả"
      ],
      "correctIndex": 1,
      "hints": [
        "Số trứng còn lại bằng tổng số trứng trừ đi số trứng đã dùng.",
        "Phép tính: $ {a} - {b} $."
      ],
      "solutionHtml": "Số quả trứng còn lại là:<br/>$ {a} - {b} = {ans} $ (quả).<br/>Đáp án đúng là B.",
      "tip": "Đừng quên đơn vị là 'quả' nhé."
    },
    {
      "isTemplate": true,
      "variables": {
        "a": { "min": 44, "max": 88, "step": 2 },
        "b": { "min": 22, "max": 44, "step": 2 }
      },
      "constraints": [
        "a > b",
        "a % 10 >= b % 10"
      ],
      "formulas": {
        "ans": "a - b",
        "w1": "ans + 2",
        "w2": "ans - 2",
        "w3": "a + b"
      },
      "questionText": "Thư viện có {a} cuốn sách, các bạn học sinh đã mượn {b} cuốn. Hỏi thư viện còn lại bao nhiêu cuốn sách?",
      "options": [
        "A. {w1} cuốn",
        "B. {w2} cuốn",
        "C. {ans} cuốn",
        "D. {w3} cuốn"
      ],
      "correctIndex": 2,
      "hints": [
        "Số sách còn lại bằng tổng số sách trừ đi số sách đã cho mượn.",
        "Phép tính: $ {a} - {b} $."
      ],
      "solutionHtml": "Số cuốn sách còn lại là:<br/>$ {a} - {b} = {ans} $ (cuốn).<br/>Đáp án đúng là C.",
      "tip": "Kiểm tra kỹ kết quả bằng cách cộng ngược lại: số sách còn lại + số sách đã mượn = tổng số sách ban đầu."
    },
    {
      "isTemplate": true,
      "variables": {
        "a": { "min": 60, "max": 90, "step": 10 },
        "b": { "min": 20, "max": 50, "step": 10 }
      },
      "constraints": [
        "a > b"
      ],
      "formulas": {
        "ans": "a - b",
        "w1": "ans + 10",
        "w2": "ans - 10",
        "w3": "a + b"
      },
      "questionText": "Cửa hàng hoa quả có {a} quả cam, khách hàng đã mua {b} quả cam. Hỏi cửa hàng còn lại bao nhiêu quả cam?",
      "options": [
        "A. {w1} quả",
        "B. {w2} quả",
        "C. {ans} quả",
        "D. {w3} quả"
      ],
      "correctIndex": 2,
      "hints": [
        "Mua đi nghĩa là số lượng giảm đi.",
        "Thực hiện phép trừ: $ {a} - {b} $."
      ],
      "solutionHtml": "Số quả cam còn lại là:<br/>$ {a} - {b} = {ans} $ (quả).<br/>Đáp án đúng là C.",
      "tip": "Với các số tròn chục, bạn chỉ cần lấy chữ số hàng chục trừ cho nhau rồi thêm số 0 vào sau."
    }
  ]
}
}

[RAW AI RESPONSE TEXT]
{
  "questions": [
    {
      "isTemplate": true,
      "variables": {
        "a": { "min": 50, "max": 99, "step": 1 },
        "b": { "min": 10, "max": 40, "step": 1 }
      },
      "constraints": [
        "a > b",
        "a % 10 >= b % 10"
      ],
      "formulas": {
        "ans": "a - b",
        "w1": "ans + 1",
        "w2": "ans - 1",
        "w3": "a + b"
      },
      "questionText": "Một cửa hàng có {a} quyển vở. Cửa hàng đã bán đi {b} quyển vở. Hỏi cửa hàng còn lại bao nhiêu quyển vở?",
      "options": [
        "A. {w1} quyển vở",
        "B. {ans} quyển vở",
        "C. {w2} quyển vở",
        "D. {w3} quyển vở"
      ],
      "correctIndex": 1,
      "hints": [
        "Để tìm số vở còn lại, ta thực hiện phép tính trừ.",
        "Ta lấy tổng số vở trừ đi số vở đã bán: {a} trừ {b}."
      ],
      "solutionHtml": "Số quyển vở cửa hàng còn lại là:<br/>$ {a} - {b} = {ans} $ (quyển vở).<br/>Đáp án đúng là B.",
      "tip": "Khi làm toán có chữ 'bán đi' hoặc 'còn lại', ta thường dùng phép trừ.",
      "level": "chat-luong-cao",
      "type": "l1-bai-32-d1"
    },
    {
      "isTemplate": true,
      "variables": {
        "a": { "min": 60, "max": 80, "step": 1 },
        "b": { "min": 20, "max": 40, "step": 1 }
      },
      "constraints": [
        "a > b",
        "a % 10 >= b % 10"
      ],
      "formulas": {
        "ans": "a - b",
        "w1": "ans + 2",
        "w2": "ans + 10",
        "w3": "ans - 5"
      },
      "questionText": "Trên cành cây có {a} con chim. Có {b} con chim bay đi mất. Hỏi trên cành cây còn lại bao nhiêu con chim?",
      "options": [
        "A. {w1} con chim",
        "B. {w2} con chim",
        "C. {ans} con chim",
        "D. {w3} con chim"
      ],
      "correctIndex": 2,
      "hints": [
        "Số chim còn lại bằng số chim ban đầu trừ đi số chim đã bay đi.",
        "Phép tính là $ {a} - {b} $."
      ],
      "solutionHtml": "Số con chim còn lại trên cành là:<br/>$ {a} - {b} = {ans} $ (con chim).<br/>Đáp án đúng là C.",
      "tip": "Hãy chú ý số đơn vị và số chục khi thực hiện phép trừ $ {a} - {b} $."
    },
    {
      "isTemplate": true,
      "variables": {
        "a": { "min": 45, "max": 95, "step": 5 },
        "b": { "min": 10, "max": 40, "step": 5 }
      },
      "constraints": [
        "a > b"
      ],
      "formulas": {
        "ans": "a - b",
        "w1": "a - b + 5",
        "w2": "a + b",
        "w3": "a - b - 5"
      },
      "questionText": "Lan có {a} viên bi, Lan cho bạn {b} viên bi. Hỏi Lan còn lại bao nhiêu viên bi?",
      "options": [
        "A. {w1} viên bi",
        "B. {ans} viên bi",
        "C. {w2} viên bi",
        "D. {w3} viên bi"
      ],
      "correctIndex": 1,
      "hints": [
        "Lan cho bạn nghĩa là số bi của Lan giảm đi.",
        "Ta thực hiện phép tính $ {a} - {b} $."
      ],
      "solutionHtml": "Số viên bi Lan còn lại là:<br/>$ {a} - {b} = {ans} $ (viên bi).<br/>Đáp án đúng là B.",
      "tip": "Đọc kỹ đề bài để xác định phép tính phù hợp."
    },
    {
      "isTemplate": true,
      "variables": {
        "a": { "min": 50, "max": 90, "step": 10 },
        "b": { "min": 10, "max": 40, "step": 10 }
      },
      "constraints": [
        "a > b"
      ],
      "formulas": {
        "ans": "a - b",
        "w1": "a",
        "w2": "a + b",
        "w3": "ans + 10"
      },
      "questionText": "Một đoàn tàu có {a} toa, đoàn tàu đã cắt bớt {b} toa. Hỏi đoàn tàu còn lại bao nhiêu toa?",
      "options": [
        "A. {w1} toa",
        "B. {w2} toa",
        "C. {ans} toa",
        "D. {w3} toa"
      ],
      "correctIndex": 2,
      "hints": [
        "Cắt bớt nghĩa là số toa tàu giảm đi.",
        "Thực hiện phép trừ $ {a} - {b} $."
      ],
      "solutionHtml": "Số toa tàu còn lại là:<br/>$ {a} - {b} = {ans} $ (toa).<br/>Đáp án đúng là C.",
      "tip": "Phép trừ số tròn chục rất đơn giản, hãy lấy số chục trừ cho nhau."
    },
    {
      "isTemplate": true,
      "variables": {
        "a": { "min": 35, "max": 65, "step": 1 },
        "b": { "min": 12, "max": 24, "step": 1 }
      },
      "constraints": [
        "a > b",
        "a % 10 >= b % 10"
      ],
      "formulas": {
        "ans": "a - b",
        "w1": "ans + 2",
        "w2": "ans - 2",
        "w3": "a + b"
      },
      "questionText": "Trong vườn có {a} cây ăn quả. Bác làm vườn đã chặt bỏ {b} cây bị sâu bệnh. Hỏi trong vườn còn lại bao nhiêu cây?",
      "options": [
        "A. {w1} cây",
        "B. {w2} cây",
        "C. {ans} cây",
        "D. {w3} cây"
      ],
      "correctIndex": 2,
      "hints": [
        "Chặt bỏ nghĩa là số cây giảm đi.",
        "Phép tính: $ {a} - {b} $."
      ],
      "solutionHtml": "Số cây còn lại trong vườn là:<br/>$ {a} - {b} = {ans} $ (cây).<br/>Đáp án đúng là C.",
      "tip": "Hãy đặt tính rồi tính để không bị sai sót."
    },
    {
      "isTemplate": true,
      "variables": {
        "a": { "min": 70, "max": 99, "step": 1 },
        "b": { "min": 30, "max": 50, "step": 1 }
      },
      "constraints": [
        "a > b",
        "a % 10 >= b % 10"
      ],
      "formulas": {
        "ans": "a - b",
        "w1": "a - 20",
        "w2": "b - 10",
        "w3": "ans + 1"
      },
      "questionText": "Hộp bánh có {a} chiếc, Mai ăn hết {b} chiếc. Hỏi trong hộp còn lại bao nhiêu chiếc bánh?",
      "options": [
        "A. {w1} chiếc",
        "B. {ans} chiếc",
        "C. {w2} chiếc",
        "D. {w3} chiếc"
      ],
      "correctIndex": 1,
      "hints": [
        "Mai ăn hết nghĩa là số bánh giảm đi.",
        "Phép tính là $ {a} - {b} $."
      ],
      "solutionHtml": "Số chiếc bánh còn lại là:<br/>$ {a} - {b} = {ans} $ (chiếc).<br/>Đáp án đúng là B.",
      "tip": "Luôn lấy hàng đơn vị trừ hàng đơn vị, hàng chục trừ hàng chục."
    },
    {
      "isTemplate": true,
      "variables": {
        "a": { "min": 40, "max": 80, "step": 2 },
        "b": { "min": 10, "max": 30, "step": 2 }
      },
      "constraints": [
        "a > b"
      ],
      "formulas": {
        "ans": "a - b",
        "w1": "ans + 4",
        "w2": "ans - 4",
        "w3": "a + b"
      },
      "questionText": "Lớp 1A có {a} học sinh, trong đó có {b} học sinh là nữ. Hỏi lớp 1A có bao nhiêu học sinh nam?",
      "options": [
        "A. {w1} học sinh",
        "B. {w2} học sinh",
        "C. {ans} học sinh",
        "D. {w3} học sinh"
      ],
      "correctIndex": 2,
      "hints": [
        "Tổng số học sinh trừ đi số học sinh nữ sẽ ra số học sinh nam.",
        "Phép tính: $ {a} - {b} $."
      ],
      "solutionHtml": "Số học sinh nam của lớp là:<br/>$ {a} - {b} = {ans} $ (học sinh).<br/>Đáp án đúng là C.",
      "tip": "Đây là bài toán tìm thành phần còn lại sau khi đã biết tổng và một phần."
    },
    {
      "isTemplate": true,
      "variables": {
        "a": { "min": 55, "max": 95, "step": 1 },
        "b": { "min": 15, "max": 45, "step": 1 }
      },
      "constraints": [
        "a > b",
        "a % 10 >= b % 10"
      ],
      "formulas": {
        "ans": "a - b",
        "w1": "ans + 5",
        "w2": "ans - 5",
        "w3": "a - b + 10"
      },
      "questionText": "Bà có {a} quả trứng, bà dùng hết {b} quả để rán trứng. Hỏi bà còn lại bao nhiêu quả trứng?",
      "options": [
        "A. {w1} quả",
        "B. {ans} quả",
        "C. {w2} quả",
        "D. {w3} quả"
      ],
      "correctIndex": 1,
      "hints": [
        "Số trứng còn lại bằng tổng số trứng trừ đi số trứng đã dùng.",
        "Phép tính: $ {a} - {b} $."
      ],
      "solutionHtml": "Số quả trứng còn lại là:<br/>$ {a} - {b} = {ans} $ (quả).<br/>Đáp án đúng là B.",
      "tip": "Đừng quên đơn vị là 'quả' nhé."
    },
    {
      "isTemplate": true,
      "variables": {
        "a": { "min": 44, "max": 88, "step": 2 },
        "b": { "min": 22, "max": 44, "step": 2 }
      },
      "constraints": [
        "a > b",
        "a % 10 >= b % 10"
      ],
      "formulas": {
        "ans": "a - b",
        "w1": "ans + 2",
        "w2": "ans - 2",
        "w3": "a + b"
      },
      "questionText": "Thư viện có {a} cuốn sách, các bạn học sinh đã mượn {b} cuốn. Hỏi thư viện còn lại bao nhiêu cuốn sách?",
      "options": [
        "A. {w1} cuốn",
        "B. {w2} cuốn",
        "C. {ans} cuốn",
        "D. {w3} cuốn"
      ],
      "correctIndex": 2,
      "hints": [
        "Số sách còn lại bằng tổng số sách trừ đi số sách đã cho mượn.",
        "Phép tính: $ {a} - {b} $."
      ],
      "solutionHtml": "Số cuốn sách còn lại là:<br/>$ {a} - {b} = {ans} $ (cuốn).<br/>Đáp án đúng là C.",
      "tip": "Kiểm tra kỹ kết quả bằng cách cộng ngược lại: số sách còn lại + số sách đã mượn = tổng số sách ban đầu."
    },
    {
      "isTemplate": true,
      "variables": {
        "a": { "min": 60, "max": 90, "step": 10 },
        "b": { "min": 20, "max": 50, "step": 10 }
      },
      "constraints": [
        "a > b"
      ],
      "formulas": {
        "ans": "a - b",
        "w1": "ans + 10",
        "w2": "ans - 10",
        "w3": "a + b"
      },
      "questionText": "Cửa hàng hoa quả có {a} quả cam, khách hàng đã mua {b} quả cam. Hỏi cửa hàng còn lại bao nhiêu quả cam?",
      "options": [
        "A. {w1} quả",
        "B. {w2} quả",
        "C. {ans} quả",
        "D. {w3} quả"
      ],
      "correctIndex": 2,
      "hints": [
        "Mua đi nghĩa là số lượng giảm đi.",
        "Thực hiện phép trừ: $ {a} - {b} $."
      ],
      "solutionHtml": "Số quả cam còn lại là:<br/>$ {a} - {b} = {ans} $ (quả).<br/>Đáp án đúng là C.",
      "tip": "Với các số tròn chục, bạn chỉ cần lấy chữ số hàng chục trừ cho nhau rồi thêm số 0 vào sau."
    }
  ]
}
}

