==================================================
AI GENERATION ERROR REPORT
Time: 2026-07-13T23:47:43.101Z
Lesson ID: eng4-t5
Lesson Title: Unit 5: Things we can do
==================================================

[ERROR DETAILS]
Unexpected non-whitespace character after JSON at position 13038 (line 432 column 3)
SyntaxError: Unexpected non-whitespace character after JSON at position 13038 (line 432 column 3)
    at JSON.parse (<anonymous>)
    at auditMathQuestions (F:\KHQS\AntiGravity\HocTap\server.js:1130:17)
    at process.processTicksAndRejections (node:internal/process/task_queues:104:5)
    at async F:\KHQS\AntiGravity\HocTap\server.js:3840:20

[JSON DIAGNOSTICS]
Error Position: 13038 (Line: 305, Column: 2)
Character causing error: "EOF"

Context:
... >>>[LỖI TẠI ĐÂY]<<< ...

[CLEANED JSON TEXT]
[
  {
    "isTemplate": true,
    "variables": {
      "minutesPerActivity": { "min": 15, "max": 40, "step": 5 },
      "numActivities": { "min": 3, "max": 6, "step": 1 }
    },
    "constraints": ["minutesPerActivity > 10"],
    "formulas": {
      "totalMinutes": "minutesPerActivity * numActivities",
      "ans": "totalMinutes / 60",
      "w1_goc": "totalMinutes / 30",
      "w2_goc": "totalMinutes / 20",
      "w3_goc": "totalMinutes / 15",
      "w1": "(w1_goc === ans) ? 1 : w1_goc",
      "w2": "(w2_goc === ans || w2_goc === w1) ? 2 : w2_goc",
      "w3": "(w3_goc === ans || w3_goc === w1 || w3_goc === w2) ? 3 : w3_goc"
    },
    "constraints_final": ["totalMinutes % 60 === 0"],
    "questionText": "Bạn An dành ra {minutesPerActivity} phút cho mỗi hoạt động trong danh sách công việc. Biết rằng bạn ấy đã thực hiện tổng cộng {numActivities} hoạt động. Hỏi bạn An đã mất bao nhiêu giờ để hoàn thành hết các hoạt động đó?",
    "options": [
      "A. {w1} giờ",
      "B. {w2} giờ",
      "C. {ans} giờ",
      "D. {w3} giờ"
    ],
    "correctIndex": 2,
    "hints": ["Đầu tiên, hãy tính tổng số phút bạn An đã làm việc bằng cách lấy thời gian mỗi hoạt động nhân với số hoạt động.", "Sau đó, đổi đơn vị từ phút sang giờ bằng cách chia cho 60."],
    "solutionHtml": "Bước 1: Tổng số phút An làm là: $ {minutesPerActivity} \\times {numActivities} = {totalMinutes} $ (phút).<br/>Bước 2: Đổi sang đơn vị giờ: $ {totalMinutes} : 60 = {ans} $ (giờ).<br/>Đáp án đúng là C.",
    "tip": "Hãy nhớ rằng 60 phút bằng 1 giờ, vì vậy muốn tìm số giờ ta lấy tổng số phút chia cho 60.",
    "level": "chat-luong-cao",
    "type": "eng4-t5-d4"
  },
  {
    "isTemplate": true,
    "variables": {
      "a": { "min": 10, "max": 20, "step": 1 },
      "b": { "min": 5, "max": 8, "step": 1 }
    },
    "constraints": ["(a + b) % 3 === 0"],
    "formulas": {
      "total": "a + b",
      "ans": "total / 3",
      "w1_goc": "a",
      "w2_goc": "b",
      "w3_goc": "a + 2",
      "w1": "(w1_goc === ans) ? ans + 1 : w1_goc",
      "w2": "(w2_goc === ans || w2_goc === w1) ? ans + 2 : w2_goc",
      "w3": "(w3_goc === ans || w3_goc === w1 || w3_goc === w2) ? ans + 3 : w3_goc"
    },
    "questionText": "Trong câu lạc bộ kỹ năng, có {a} bạn tham gia tập hát và {b} bạn tham gia tập vẽ. Nếu chia đều số bạn này vào {3} nhóm hoạt động, thì mỗi nhóm có bao nhiêu bạn?",
    "options": [
      "A. {w1} bạn",
      "B. {ans} bạn",
      "C. {w2} bạn",
      "D. {w3} bạn"
    ],
    "correctIndex": 1,
    "hints": ["Tính tổng số bạn tham gia câu lạc bộ trước.", "Sau đó chia đều tổng đó cho 3 nhóm."],
    "solutionHtml": "Tổng số bạn tham gia là: $ {a} + {b} = {total} $ (bạn).<br/>Số bạn trong mỗi nhóm là: $ {total} : 3 = {ans} $ (bạn).<br/>Đáp án đúng là B.",
    "tip": "Đọc kỹ đề để không nhầm lẫn giữa tổng số và số lượng chia nhóm.",
    "level": "chat-luong-cao",
    "type": "eng4-t5-d4"
  },
  {
    "isTemplate": true,
    "variables": {
      "speed": { "min": 4, "max": 8, "step": 1 },
      "distance": { "min": 20, "max": 40, "step": 4 }
    },
    "constraints": ["distance % speed === 0"],
    "formulas": {
      "ans": "distance / speed",
      "w1_goc": "distance / 2",
      "w2_goc": "speed * 2",
      "w3_goc": "distance - speed",
      "w1": "(w1_goc === ans) ? ans + 1 : w1_goc",
      "w2": "(w2_goc === ans || w2_goc === w1) ? ans + 2 : w2_goc",
      "w3": "(w3_goc === ans || w3_goc === w1 || w3_goc === w2) ? ans + 3 : w3_goc"
    },
    "questionText": "Bạn Bình đạp xe với tốc độ {speed} km/h. Bạn ấy cần đi quãng đường {distance} km để đến nhà bà. Hỏi Bình mất bao nhiêu giờ để đi hết quãng đường đó?",
    "options": [
      "A. {w1} giờ",
      "B. {w2} giờ",
      "C. {w3} giờ",
      "D. {ans} giờ"
    ],
    "correctIndex": 3,
    "hints": ["Thời gian bằng quãng đường chia cho tốc độ."],
    "solutionHtml": "Thời gian Bình đạp xe là: $ {distance} : {speed} = {ans} $ (giờ).<br/>Đáp án đúng là D.",
    "tip": "Ghi nhớ công thức: Thời gian = Quãng đường / Tốc độ.",
    "level": "chat-luong-cao",
    "type": "eng4-t5-d4"
  },
  {
    "isTemplate": true,
    "variables": {
      "booksPerDay": { "min": 2, "max": 5, "step": 1 },
      "days": { "min": 7, "max": 14, "step": 1 }
    },
    "constraints": ["true"],
    "formulas": {
      "ans": "booksPerDay * days",
      "w1_goc": "booksPerDay + days",
      "w2_goc": "booksPerDay * 2",
      "w3_goc": "days * 2",
      "w1": "(w1_goc === ans) ? ans + 5 : w1_goc",
      "w2": "(w2_goc === ans || w2_goc === w1) ? ans + 10 : w2_goc",
      "w3": "(w3_goc === ans || w3_goc === w1 || w3_goc === w2) ? ans + 15 : w3_goc"
    },
    "questionText": "Mỗi ngày bạn Lan đọc được {booksPerDay} cuốn sách. Hỏi sau {days} ngày, bạn Lan đọc được tổng cộng bao nhiêu cuốn sách?",
    "options": [
      "A. {w1} cuốn",
      "B. {ans} cuốn",
      "C. {w2} cuốn",
      "D. {w3} cuốn"
    ],
    "correctIndex": 1,
    "hints": ["Lấy số sách đọc trong 1 ngày nhân với số ngày."],
    "solutionHtml": "Tổng số sách Lan đọc được là: $ {booksPerDay} \\times {days} = {ans} $ (cuốn).<br/>Đáp án đúng là B.",
    "tip": "Đọc đề thật kỹ để phân biệt các đơn vị thời gian.",
    "level": "chat-luong-cao",
    "type": "eng4-t5-d4"
  },
  {
    "isTemplate": true,
    "variables": {
      "a": { "min": 40, "max": 80, "step": 10 },
      "b": { "min": 2, "max": 5, "step": 1 }
    },
    "constraints": ["a % (b * 2) === 0"],
    "formulas": {
      "ans": "a / (b * 2)",
      "w1_goc": "a / b",
      "w2_goc": "b * 4",
      "w3_goc": "a / 4",
      "w1": "(w1_goc === ans) ? ans + 1 : w1_goc",
      "w2": "(w2_goc === ans || w2_goc === w1) ? ans + 2 : w2_goc",
      "w3": "(w3_goc === ans || w3_goc === w1 || w3_goc === w2) ? ans + 3 : w3_goc"
    },
    "questionText": "Cửa hàng có {a} kg gạo. Cửa hàng chia số gạo đó vào các túi, mỗi túi nặng {b} kg. Sau đó, họ lại gộp 2 túi gạo thành 1 giỏ. Hỏi có tất cả bao nhiêu giỏ gạo?",
    "options": [
      "A. {w1} giỏ",
      "B. {w2} giỏ",
      "C. {ans} giỏ",
      "D. {w3} giỏ"
    ],
    "correctIndex": 2,
    "hints": ["Tính số túi gạo trước, sau đó chia cho 2 để tìm số giỏ."],
    "solutionHtml": "Số túi gạo là: $ {a} : {b} = {a/b} $ (túi).<br/>Số giỏ gạo là: $ {a/b} : 2 = {ans} $ (giỏ).<br/>Đáp án đúng là C.",
    "tip": "Hãy thực hiện bài toán theo từng bước nhỏ.",
    "level": "chat-luong-cao",
    "type": "eng4-t5-d4"
  },
  {
    "isTemplate": true,
    "variables": {
      "price": { "min": 5000, "max": 10000, "step": 1000 },
      "money": { "min": 50000, "max": 80000, "step": 10000 }
    },
    "constraints": ["money % price === 0"],
    "formulas": {
      "ans": "money / price",
      "w1_goc": "ans + 2",
      "w2_goc": "ans - 1",
      "w3_goc": "ans + 3",
      "w1": "(w1_goc === ans) ? ans + 5 : w1_goc",
      "w2": "(w2_goc === ans || w2_goc === w1) ? ans + 4 : w2_goc",
      "w3": "(w3_goc === ans || w3_goc === w1 || w3_goc === w2) ? ans + 6 : w3_goc"
    },
    "questionText": "Bạn Minh có {money} đồng. Bạn ấy muốn mua bút chì, mỗi cái bút giá {price} đồng. Hỏi Minh có thể mua được tối đa bao nhiêu cái bút?",
    "options": [
      "A. {w1} cái",
      "B. {ans} cái",
      "C. {w2} cái",
      "D. {w3} cái"
    ],
    "correctIndex": 1,
    "hints": ["Lấy tổng số tiền chia cho giá mỗi chiếc bút."],
    "solutionHtml": "Số bút Minh có thể mua là: $ {money} : {price} = {ans} $ (cái).<br/>Đáp án đúng là B.",
    "tip": "Đây là bài toán chia số tiền để tìm số lượng.",
    "level": "chat-luong-cao",
    "type": "eng4-t5-d4"
  },
  {
    "isTemplate": true,
    "variables": {
      "a": { "min": 2, "max": 5, "step": 1 },
      "b": { "min": 3, "max": 6, "step": 1 }
    },
    "constraints": ["true"],
    "formulas": {
      "ans": "a * b * 4",
      "w1_goc": "a * b",
      "w2_goc": "a + b + 4",
      "w3_goc": "a * b * 2",
      "w1": "(w1_goc === ans) ? ans + 2 : w1_goc",
      "w2": "(w2_goc === ans || w2_goc === w1) ? ans + 4 : w2_goc",
      "w3": "(w3_goc === ans || w3_goc === w1 || w3_goc === w2) ? ans + 6 : w3_goc"
    },
    "questionText": "Một nhóm múa có {a} hàng, mỗi hàng có {b} bạn. Mỗi bạn cầm 4 bông hoa. Hỏi cả nhóm có bao nhiêu bông hoa?",
    "options": [
      "A. {w1} bông",
      "B. {w2} bông",
      "C. {ans} bông",
      "D. {w3} bông"
    ],
    "correctIndex": 2,
    "hints": ["Tính tổng số bạn trước, sau đó nhân với số hoa mỗi bạn cầm."],
    "solutionHtml": "Tổng số bạn trong nhóm là: $ {a} \\times {b} = {a*b} $ (bạn).<br/>Tổng số hoa là: $ {a*b} \\times 4 = {ans} $ (bông).<br/>Đáp án đúng là C.",
    "tip": "Chú ý nhân theo thứ tự để không bỏ sót dữ liệu.",
    "level": "chat-luong-cao",
    "type": "eng4-t5-d4"
  },
  {
    "isTemplate": true,
    "variables": {
      "a": { "min": 10, "max": 20, "step": 1 },
      "b": { "min": 2, "max": 4, "step": 1 }
    },
    "constraints": ["a % b === 0"],
    "formulas": {
      "ans": "(a / b) - 1",
      "w1_goc": "a / b",
      "w2_goc": "a - b",
      "w3_goc": "a + b",
      "w1": "(w1_goc === ans) ? ans + 1 : w1_goc",
      "w2": "(w2_goc === ans || w2_goc === w1) ? ans + 2 : w2_goc",
      "w3": "(w3_goc === ans || w3_goc === w1 || w3_goc === w2) ? ans + 3 : w3_goc"
    },
    "questionText": "Có {a} quả cam được xếp đều vào {b} giỏ. Nếu lấy đi 1 giỏ, thì còn lại bao nhiêu quả cam?",
    "options": [
      "A. {w1} quả",
      "B. {w2} quả",
      "C. {w3} quả",
      "D. {ans} quả"
    ],
    "correctIndex": 3,
    "hints": ["Tính số quả trong 1 giỏ trước, sau đó trừ đi số quả của 1 giỏ."],
    "solutionHtml": "Số quả trong 1 giỏ là: $ {a} : {b} = {a/b} $ (quả).<br/>Số quả còn lại là: $ {a} - {a/b} = {ans} $ (quả).<br/>Đáp án đúng là D.",
    "tip": "Đọc kỹ là 'lấy đi 1 giỏ' chứ không phải 'lấy đi 1 quả'.",
    "level": "chat-luong-cao",
    "type": "eng4-t5-d4"
  },
  {
    "isTemplate": true,
    "variables": {
      "pages": { "min": 40, "max": 100, "step": 10 },
      "days": { "min": 2, "max": 5, "step": 1 }
    },
    "constraints": ["pages % days === 0"],
    "formulas": {
      "ans": "pages / days",
      "w1_goc": "pages / 2",
      "w2_goc": "pages + days",
      "w3_goc": "pages - days",
      "w1": "(w1_goc === ans) ? ans + 2 : w1_goc",
      "w2": "(w2_goc === ans || w2_goc === w1) ? ans + 4 : w2_goc",
      "w3": "(w3_goc === ans || w3_goc === w1 || w3_goc === w2) ? ans + 6 : w3_goc"
    },
    "questionText": "Cuốn truyện có {pages} trang. Bạn Hoa muốn đọc xong trong {days} ngày với số trang đọc mỗi ngày là như nhau. Hỏi mỗi ngày Hoa cần đọc bao nhiêu trang?",
    "options": [
      "A. {w1} trang",
      "B. {ans} trang",
      "C. {w2} trang",
      "D. {w3} trang"
    ],
    "correctIndex": 1,
    "hints": ["Lấy tổng số trang chia cho số ngày."],
    "solutionHtml": "Số trang Hoa cần đọc mỗi ngày là: $ {pages} : {days} = {ans} $ (trang).<br/>Đáp án đúng là B.",
    "tip": "Đọc đề để tìm từ khóa 'đều', đây là dấu hiệu của phép chia.",
    "level": "chat-luong-cao",
    "type": "eng4-t5-d4"
  },
  {
    "isTemplate": true,
    "variables": {
      "team": { "min": 3, "max": 6, "step": 1 },
      "score": { "min": 10, "max": 20, "step": 2 }
    },
    "constraints": ["true"],
    "formulas": {
      "ans": "team * score",
      "w1_goc": "team + score",
      "w2_goc": "score * 2",
      "w3_goc": "team * 2",
      "w1": "(w1_goc === ans) ? ans + 5 : w1_goc",
      "w2": "(w2_goc === ans || w2_goc === w1) ? ans + 10 : w2_goc",
      "w3": "(w3_goc === ans || w3_goc === w1 || w3_goc === w2) ? ans + 15 : w3_goc"
    },
    "questionText": "Trong một trò chơi, mỗi đội có {team} bạn. Mỗi bạn giành được {score} điểm cho đội mình. Hỏi tổng số điểm của 1 đội là bao nhiêu?",
    "options": [
      "A. {w1} điểm",
      "B. {w2} điểm",
      "C. {w3} điểm",
      "D. {ans} điểm"
    ],
    "correctIndex": 3,
    "hints": ["Nhân số bạn trong đội với số điểm mỗi bạn giành được."],
    "solutionHtml": "Tổng điểm của đội là: $ {team} \\times {score} = {ans} $ (điểm).<br/>Đáp án đúng là D.",
    "tip": "Mỗi đội là một nhóm độc lập, hãy tính điểm cho một nhóm đó.",
    "level": "chat-luong-cao",
    "type": "eng4-t5-d4"
  }
]

[RAW AI RESPONSE TEXT]
[
  {
    "isTemplate": true,
    "variables": {
      "minutesPerActivity": { "min": 15, "max": 40, "step": 5 },
      "numActivities": { "min": 3, "max": 6, "step": 1 }
    },
    "constraints": ["minutesPerActivity > 10"],
    "formulas": {
      "totalMinutes": "minutesPerActivity * numActivities",
      "ans": "totalMinutes / 60",
      "w1_goc": "totalMinutes / 30",
      "w2_goc": "totalMinutes / 20",
      "w3_goc": "totalMinutes / 15",
      "w1": "(w1_goc === ans) ? 1 : w1_goc",
      "w2": "(w2_goc === ans || w2_goc === w1) ? 2 : w2_goc",
      "w3": "(w3_goc === ans || w3_goc === w1 || w3_goc === w2) ? 3 : w3_goc"
    },
    "constraints_final": ["totalMinutes % 60 === 0"],
    "questionText": "Bạn An dành ra {minutesPerActivity} phút cho mỗi hoạt động trong danh sách công việc. Biết rằng bạn ấy đã thực hiện tổng cộng {numActivities} hoạt động. Hỏi bạn An đã mất bao nhiêu giờ để hoàn thành hết các hoạt động đó?",
    "options": [
      "A. {w1} giờ",
      "B. {w2} giờ",
      "C. {ans} giờ",
      "D. {w3} giờ"
    ],
    "correctIndex": 2,
    "hints": ["Đầu tiên, hãy tính tổng số phút bạn An đã làm việc bằng cách lấy thời gian mỗi hoạt động nhân với số hoạt động.", "Sau đó, đổi đơn vị từ phút sang giờ bằng cách chia cho 60."],
    "solutionHtml": "Bước 1: Tổng số phút An làm là: $ {minutesPerActivity} \\times {numActivities} = {totalMinutes} $ (phút).<br/>Bước 2: Đổi sang đơn vị giờ: $ {totalMinutes} : 60 = {ans} $ (giờ).<br/>Đáp án đúng là C.",
    "tip": "Hãy nhớ rằng 60 phút bằng 1 giờ, vì vậy muốn tìm số giờ ta lấy tổng số phút chia cho 60.",
    "level": "chat-luong-cao",
    "type": "eng4-t5-d4"
  },
  {
    "isTemplate": true,
    "variables": {
      "a": { "min": 10, "max": 20, "step": 1 },
      "b": { "min": 5, "max": 8, "step": 1 }
    },
    "constraints": ["(a + b) % 3 === 0"],
    "formulas": {
      "total": "a + b",
      "ans": "total / 3",
      "w1_goc": "a",
      "w2_goc": "b",
      "w3_goc": "a + 2",
      "w1": "(w1_goc === ans) ? ans + 1 : w1_goc",
      "w2": "(w2_goc === ans || w2_goc === w1) ? ans + 2 : w2_goc",
      "w3": "(w3_goc === ans || w3_goc === w1 || w3_goc === w2) ? ans + 3 : w3_goc"
    },
    "questionText": "Trong câu lạc bộ kỹ năng, có {a} bạn tham gia tập hát và {b} bạn tham gia tập vẽ. Nếu chia đều số bạn này vào {3} nhóm hoạt động, thì mỗi nhóm có bao nhiêu bạn?",
    "options": [
      "A. {w1} bạn",
      "B. {ans} bạn",
      "C. {w2} bạn",
      "D. {w3} bạn"
    ],
    "correctIndex": 1,
    "hints": ["Tính tổng số bạn tham gia câu lạc bộ trước.", "Sau đó chia đều tổng đó cho 3 nhóm."],
    "solutionHtml": "Tổng số bạn tham gia là: $ {a} + {b} = {total} $ (bạn).<br/>Số bạn trong mỗi nhóm là: $ {total} : 3 = {ans} $ (bạn).<br/>Đáp án đúng là B.",
    "tip": "Đọc kỹ đề để không nhầm lẫn giữa tổng số và số lượng chia nhóm.",
    "level": "chat-luong-cao",
    "type": "eng4-t5-d4"
  },
  {
    "isTemplate": true,
    "variables": {
      "speed": { "min": 4, "max": 8, "step": 1 },
      "distance": { "min": 20, "max": 40, "step": 4 }
    },
    "constraints": ["distance % speed === 0"],
    "formulas": {
      "ans": "distance / speed",
      "w1_goc": "distance / 2",
      "w2_goc": "speed * 2",
      "w3_goc": "distance - speed",
      "w1": "(w1_goc === ans) ? ans + 1 : w1_goc",
      "w2": "(w2_goc === ans || w2_goc === w1) ? ans + 2 : w2_goc",
      "w3": "(w3_goc === ans || w3_goc === w1 || w3_goc === w2) ? ans + 3 : w3_goc"
    },
    "questionText": "Bạn Bình đạp xe với tốc độ {speed} km/h. Bạn ấy cần đi quãng đường {distance} km để đến nhà bà. Hỏi Bình mất bao nhiêu giờ để đi hết quãng đường đó?",
    "options": [
      "A. {w1} giờ",
      "B. {w2} giờ",
      "C. {w3} giờ",
      "D. {ans} giờ"
    ],
    "correctIndex": 3,
    "hints": ["Thời gian bằng quãng đường chia cho tốc độ."],
    "solutionHtml": "Thời gian Bình đạp xe là: $ {distance} : {speed} = {ans} $ (giờ).<br/>Đáp án đúng là D.",
    "tip": "Ghi nhớ công thức: Thời gian = Quãng đường / Tốc độ.",
    "level": "chat-luong-cao",
    "type": "eng4-t5-d4"
  },
  {
    "isTemplate": true,
    "variables": {
      "booksPerDay": { "min": 2, "max": 5, "step": 1 },
      "days": { "min": 7, "max": 14, "step": 1 }
    },
    "constraints": ["true"],
    "formulas": {
      "ans": "booksPerDay * days",
      "w1_goc": "booksPerDay + days",
      "w2_goc": "booksPerDay * 2",
      "w3_goc": "days * 2",
      "w1": "(w1_goc === ans) ? ans + 5 : w1_goc",
      "w2": "(w2_goc === ans || w2_goc === w1) ? ans + 10 : w2_goc",
      "w3": "(w3_goc === ans || w3_goc === w1 || w3_goc === w2) ? ans + 15 : w3_goc"
    },
    "questionText": "Mỗi ngày bạn Lan đọc được {booksPerDay} cuốn sách. Hỏi sau {days} ngày, bạn Lan đọc được tổng cộng bao nhiêu cuốn sách?",
    "options": [
      "A. {w1} cuốn",
      "B. {ans} cuốn",
      "C. {w2} cuốn",
      "D. {w3} cuốn"
    ],
    "correctIndex": 1,
    "hints": ["Lấy số sách đọc trong 1 ngày nhân với số ngày."],
    "solutionHtml": "Tổng số sách Lan đọc được là: $ {booksPerDay} \\times {days} = {ans} $ (cuốn).<br/>Đáp án đúng là B.",
    "tip": "Đọc đề thật kỹ để phân biệt các đơn vị thời gian.",
    "level": "chat-luong-cao",
    "type": "eng4-t5-d4"
  },
  {
    "isTemplate": true,
    "variables": {
      "a": { "min": 40, "max": 80, "step": 10 },
      "b": { "min": 2, "max": 5, "step": 1 }
    },
    "constraints": ["a % (b * 2) === 0"],
    "formulas": {
      "ans": "a / (b * 2)",
      "w1_goc": "a / b",
      "w2_goc": "b * 4",
      "w3_goc": "a / 4",
      "w1": "(w1_goc === ans) ? ans + 1 : w1_goc",
      "w2": "(w2_goc === ans || w2_goc === w1) ? ans + 2 : w2_goc",
      "w3": "(w3_goc === ans || w3_goc === w1 || w3_goc === w2) ? ans + 3 : w3_goc"
    },
    "questionText": "Cửa hàng có {a} kg gạo. Cửa hàng chia số gạo đó vào các túi, mỗi túi nặng {b} kg. Sau đó, họ lại gộp 2 túi gạo thành 1 giỏ. Hỏi có tất cả bao nhiêu giỏ gạo?",
    "options": [
      "A. {w1} giỏ",
      "B. {w2} giỏ",
      "C. {ans} giỏ",
      "D. {w3} giỏ"
    ],
    "correctIndex": 2,
    "hints": ["Tính số túi gạo trước, sau đó chia cho 2 để tìm số giỏ."],
    "solutionHtml": "Số túi gạo là: $ {a} : {b} = {a/b} $ (túi).<br/>Số giỏ gạo là: $ {a/b} : 2 = {ans} $ (giỏ).<br/>Đáp án đúng là C.",
    "tip": "Hãy thực hiện bài toán theo từng bước nhỏ.",
    "level": "chat-luong-cao",
    "type": "eng4-t5-d4"
  },
  {
    "isTemplate": true,
    "variables": {
      "price": { "min": 5000, "max": 10000, "step": 1000 },
      "money": { "min": 50000, "max": 80000, "step": 10000 }
    },
    "constraints": ["money % price === 0"],
    "formulas": {
      "ans": "money / price",
      "w1_goc": "ans + 2",
      "w2_goc": "ans - 1",
      "w3_goc": "ans + 3",
      "w1": "(w1_goc === ans) ? ans + 5 : w1_goc",
      "w2": "(w2_goc === ans || w2_goc === w1) ? ans + 4 : w2_goc",
      "w3": "(w3_goc === ans || w3_goc === w1 || w3_goc === w2) ? ans + 6 : w3_goc"
    },
    "questionText": "Bạn Minh có {money} đồng. Bạn ấy muốn mua bút chì, mỗi cái bút giá {price} đồng. Hỏi Minh có thể mua được tối đa bao nhiêu cái bút?",
    "options": [
      "A. {w1} cái",
      "B. {ans} cái",
      "C. {w2} cái",
      "D. {w3} cái"
    ],
    "correctIndex": 1,
    "hints": ["Lấy tổng số tiền chia cho giá mỗi chiếc bút."],
    "solutionHtml": "Số bút Minh có thể mua là: $ {money} : {price} = {ans} $ (cái).<br/>Đáp án đúng là B.",
    "tip": "Đây là bài toán chia số tiền để tìm số lượng.",
    "level": "chat-luong-cao",
    "type": "eng4-t5-d4"
  },
  {
    "isTemplate": true,
    "variables": {
      "a": { "min": 2, "max": 5, "step": 1 },
      "b": { "min": 3, "max": 6, "step": 1 }
    },
    "constraints": ["true"],
    "formulas": {
      "ans": "a * b * 4",
      "w1_goc": "a * b",
      "w2_goc": "a + b + 4",
      "w3_goc": "a * b * 2",
      "w1": "(w1_goc === ans) ? ans + 2 : w1_goc",
      "w2": "(w2_goc === ans || w2_goc === w1) ? ans + 4 : w2_goc",
      "w3": "(w3_goc === ans || w3_goc === w1 || w3_goc === w2) ? ans + 6 : w3_goc"
    },
    "questionText": "Một nhóm múa có {a} hàng, mỗi hàng có {b} bạn. Mỗi bạn cầm 4 bông hoa. Hỏi cả nhóm có bao nhiêu bông hoa?",
    "options": [
      "A. {w1} bông",
      "B. {w2} bông",
      "C. {ans} bông",
      "D. {w3} bông"
    ],
    "correctIndex": 2,
    "hints": ["Tính tổng số bạn trước, sau đó nhân với số hoa mỗi bạn cầm."],
    "solutionHtml": "Tổng số bạn trong nhóm là: $ {a} \\times {b} = {a*b} $ (bạn).<br/>Tổng số hoa là: $ {a*b} \\times 4 = {ans} $ (bông).<br/>Đáp án đúng là C.",
    "tip": "Chú ý nhân theo thứ tự để không bỏ sót dữ liệu.",
    "level": "chat-luong-cao",
    "type": "eng4-t5-d4"
  },
  {
    "isTemplate": true,
    "variables": {
      "a": { "min": 10, "max": 20, "step": 1 },
      "b": { "min": 2, "max": 4, "step": 1 }
    },
    "constraints": ["a % b === 0"],
    "formulas": {
      "ans": "(a / b) - 1",
      "w1_goc": "a / b",
      "w2_goc": "a - b",
      "w3_goc": "a + b",
      "w1": "(w1_goc === ans) ? ans + 1 : w1_goc",
      "w2": "(w2_goc === ans || w2_goc === w1) ? ans + 2 : w2_goc",
      "w3": "(w3_goc === ans || w3_goc === w1 || w3_goc === w2) ? ans + 3 : w3_goc"
    },
    "questionText": "Có {a} quả cam được xếp đều vào {b} giỏ. Nếu lấy đi 1 giỏ, thì còn lại bao nhiêu quả cam?",
    "options": [
      "A. {w1} quả",
      "B. {w2} quả",
      "C. {w3} quả",
      "D. {ans} quả"
    ],
    "correctIndex": 3,
    "hints": ["Tính số quả trong 1 giỏ trước, sau đó trừ đi số quả của 1 giỏ."],
    "solutionHtml": "Số quả trong 1 giỏ là: $ {a} : {b} = {a/b} $ (quả).<br/>Số quả còn lại là: $ {a} - {a/b} = {ans} $ (quả).<br/>Đáp án đúng là D.",
    "tip": "Đọc kỹ là 'lấy đi 1 giỏ' chứ không phải 'lấy đi 1 quả'.",
    "level": "chat-luong-cao",
    "type": "eng4-t5-d4"
  },
  {
    "isTemplate": true,
    "variables": {
      "pages": { "min": 40, "max": 100, "step": 10 },
      "days": { "min": 2, "max": 5, "step": 1 }
    },
    "constraints": ["pages % days === 0"],
    "formulas": {
      "ans": "pages / days",
      "w1_goc": "pages / 2",
      "w2_goc": "pages + days",
      "w3_goc": "pages - days",
      "w1": "(w1_goc === ans) ? ans + 2 : w1_goc",
      "w2": "(w2_goc === ans || w2_goc === w1) ? ans + 4 : w2_goc",
      "w3": "(w3_goc === ans || w3_goc === w1 || w3_goc === w2) ? ans + 6 : w3_goc"
    },
    "questionText": "Cuốn truyện có {pages} trang. Bạn Hoa muốn đọc xong trong {days} ngày với số trang đọc mỗi ngày là như nhau. Hỏi mỗi ngày Hoa cần đọc bao nhiêu trang?",
    "options": [
      "A. {w1} trang",
      "B. {ans} trang",
      "C. {w2} trang",
      "D. {w3} trang"
    ],
    "correctIndex": 1,
    "hints": ["Lấy tổng số trang chia cho số ngày."],
    "solutionHtml": "Số trang Hoa cần đọc mỗi ngày là: $ {pages} : {days} = {ans} $ (trang).<br/>Đáp án đúng là B.",
    "tip": "Đọc đề để tìm từ khóa 'đều', đây là dấu hiệu của phép chia.",
    "level": "chat-luong-cao",
    "type": "eng4-t5-d4"
  },
  {
    "isTemplate": true,
    "variables": {
      "team": { "min": 3, "max": 6, "step": 1 },
      "score": { "min": 10, "max": 20, "step": 2 }
    },
    "constraints": ["true"],
    "formulas": {
      "ans": "team * score",
      "w1_goc": "team + score",
      "w2_goc": "score * 2",
      "w3_goc": "team * 2",
      "w1": "(w1_goc === ans) ? ans + 5 : w1_goc",
      "w2": "(w2_goc === ans || w2_goc === w1) ? ans + 10 : w2_goc",
      "w3": "(w3_goc === ans || w3_goc === w1 || w3_goc === w2) ? ans + 15 : w3_goc"
    },
    "questionText": "Trong một trò chơi, mỗi đội có {team} bạn. Mỗi bạn giành được {score} điểm cho đội mình. Hỏi tổng số điểm của 1 đội là bao nhiêu?",
    "options": [
      "A. {w1} điểm",
      "B. {w2} điểm",
      "C. {w3} điểm",
      "D. {ans} điểm"
    ],
    "correctIndex": 3,
    "hints": ["Nhân số bạn trong đội với số điểm mỗi bạn giành được."],
    "solutionHtml": "Tổng điểm của đội là: $ {team} \\times {score} = {ans} $ (điểm).<br/>Đáp án đúng là D.",
    "tip": "Mỗi đội là một nhóm độc lập, hãy tính điểm cho một nhóm đó.",
    "level": "chat-luong-cao",
    "type": "eng4-t5-d4"
  }
]

