==================================================
AI GENERATION ERROR REPORT
Time: 2026-07-13T23:17:05.631Z
Lesson ID: l4-kt-c5
Lesson Title: Bài tập cuối chương V
==================================================

[ERROR DETAILS]
Unexpected non-whitespace character after JSON at position 10229 (line 397 column 1)
SyntaxError: Unexpected non-whitespace character after JSON at position 10229 (line 397 column 1)
    at JSON.parse (<anonymous>)
    at auditMathQuestions (F:\KHQS\AntiGravity\HocTap\server.js:1130:17)
    at process.processTicksAndRejections (node:internal/process/task_queues:104:5)
    at async F:\KHQS\AntiGravity\HocTap\server.js:3840:20

[JSON DIAGNOSTICS]
Error Position: 10229 (Line: 274, Column: 2)
Character causing error: "EOF"

Context:
... >>>[LỖI TẠI ĐÂY]<<< ...

[CLEANED JSON TEXT]
{
  "questions": [
    {
      "isTemplate": true,
      "variables": {
        "a": { "min": 100, "max": 500, "step": 10 },
        "b": { "min": 2, "max": 5, "step": 1 }
      },
      "constraints": ["a % b === 0"],
      "formulas": {
        "ans": "a / b",
        "w1": "ans + 10",
        "w2": "ans - 10",
        "w3": "a + b"
      },
      "questionText": "Một cửa hàng có {a} kg gạo, cửa hàng đã bán được $ \\frac{1}{{{b}}} $ số gạo đó. Hỏi cửa hàng đã bán được bao nhiêu ki-lô-gam gạo?",
      "options": [
        "A. {w1} kg",
        "B. {ans} kg",
        "C. {w2} kg",
        "D. {w3} kg"
      ],
      "correctIndex": 1,
      "hints": ["Để tìm số gạo đã bán, ta lấy tổng số gạo chia cho {b}."],
      "solutionHtml": "Số gạo cửa hàng đã bán là:<br/>$ {a} : {b} = {ans} $ (kg).<br/>Đáp án đúng là B.",
      "tip": "Khi bài toán hỏi một phần mấy của một số, ta lấy số đó chia cho mẫu số.",
      "level": "chat-luong-cao",
      "type": "l4-kt-c5"
    },
    {
      "isTemplate": true,
      "variables": {
        "x": { "min": 5, "max": 15, "step": 1 },
        "y": { "min": 2, "max": 4, "step": 1 }
      },
      "constraints": ["x > y"],
      "formulas": {
        "ans": "x * y",
        "w1": "x + y",
        "w2": "x - y",
        "w3": "x * y + 1"
      },
      "questionText": "Trung bình cộng của hai số là {x}. Biết một số là {y}, tìm số còn lại.",
      "options": [
        "A. {w1}",
        "B. {w2}",
        "C. {ans}",
        "D. {w3}"
      ],
      "correctIndex": 2,
      "hints": ["Tổng hai số là: {x} nhân 2.", "Số còn lại bằng tổng trừ đi số đã biết."],
      "solutionHtml": "Tổng hai số là: $ {x} \\times 2 = {x*2} $<br/>Số còn lại là: $ {x*2} - {y} = {ans} $<br/>Đáp án đúng là C.",
      "tip": "Nhớ rằng tổng hai số bằng trung bình cộng nhân với 2.",
      "level": "chat-luong-cao",
      "type": "l4-kt-c5"
    },
    {
      "isTemplate": true,
      "variables": {
        "hcn_d": { "min": 10, "max": 20, "step": 1 },
        "hcn_r": { "min": 5, "max": 9, "step": 1 }
      },
      "constraints": ["hcn_d > hcn_r"],
      "formulas": {
        "ans": "(hcn_d + hcn_r) * 2",
        "w1": "hcn_d * hcn_r",
        "w2": "hcn_d + hcn_r",
        "w3": "hcn_d * 2"
      },
      "questionText": "Một hình chữ nhật có chiều dài là {hcn_d} cm, chiều rộng là {hcn_r} cm. Tính chu vi của hình chữ nhật đó.",
      "options": [
        "A. {w1} cm",
        "B. {w2} cm",
        "C. {ans} cm",
        "D. {w3} cm"
      ],
      "correctIndex": 2,
      "hints": ["Chu vi hình chữ nhật bằng (chiều dài + chiều rộng) nhân 2."],
      "solutionHtml": "Chu vi hình chữ nhật là:<br/>$ ({hcn_d} + {hcn_r}) \\times 2 = {ans} $ (cm).<br/>Đáp án đúng là C.",
      "tip": "Đừng quên đóng ngoặc biểu thức tính tổng chiều dài và chiều rộng.",
      "level": "chat-luong-cao",
      "type": "l4-kt-c5"
    },
    {
      "isTemplate": true,
      "variables": {
        "a": { "min": 4, "max": 8, "step": 1 },
        "b": { "min": 2, "max": 3, "step": 1 }
      },
      "constraints": ["a % b === 0"],
      "formulas": {
        "ans": "a * a",
        "w1": "a * b",
        "w2": "a + b",
        "w3": "a * a + 2"
      },
      "questionText": "Một hình vuông có cạnh là {a} cm. Tính diện tích của hình vuông đó.",
      "options": [
        "A. {w1} cm2",
        "B. {w2} cm2",
        "C. {ans} cm2",
        "D. {w3} cm2"
      ],
      "correctIndex": 2,
      "hints": ["Diện tích hình vuông bằng cạnh nhân với cạnh."],
      "solutionHtml": "Diện tích hình vuông là:<br/>$ {a} \\times {a} = {ans} $ (cm2).<br/>Đáp án đúng là C.",
      "tip": "Diện tích phải có đơn vị là xăng-ti-mét vuông.",
      "level": "chat-luong-cao",
      "type": "l4-kt-c5"
    },
    {
      "isTemplate": true,
      "variables": {
        "t": { "min": 30, "max": 60, "step": 1 },
        "n": { "min": 2, "max": 4, "step": 1 }
      },
      "constraints": ["t % n === 0"],
      "formulas": {
        "ans": "t / n",
        "w1": "t + n",
        "w2": "t - n",
        "w3": "t * n"
      },
      "questionText": "Có {t} viên bi được chia đều vào {n} hộp. Hỏi mỗi hộp có bao nhiêu viên bi?",
      "options": [
        "A. {w1} viên",
        "B. {ans} viên",
        "C. {w2} viên",
        "D. {w3} viên"
      ],
      "correctIndex": 1,
      "hints": ["Muốn biết mỗi hộp có bao nhiêu viên bi, ta lấy tổng số bi chia cho số hộp."],
      "solutionHtml": "Số bi trong mỗi hộp là:<br/>$ {t} : {n} = {ans} $ (viên).<br/>Đáp án đúng là B.",
      "tip": "Phép chia giúp tìm giá trị của một phần bằng nhau.",
      "level": "chat-luong-cao",
      "type": "l4-kt-c5"
    },
    {
      "isTemplate": true,
      "variables": {
        "x": { "min": 10, "max": 20, "step": 1 },
        "y": { "min": 5, "max": 8, "step": 1 }
      },
      "constraints": ["x > y"],
      "formulas": {
        "ans": "x - y",
        "w1": "x + y",
        "w2": "x * y",
        "w3": "x + 2"
      },
      "questionText": "An có {x} quyển vở, Bình có ít hơn An {y} quyển. Hỏi Bình có bao nhiêu quyển vở?",
      "options": [
        "A. {w1} quyển",
        "B. {w2} quyển",
        "C. {ans} quyển",
        "D. {w3} quyển"
      ],
      "correctIndex": 2,
      "hints": ["Bình có ít hơn An, nên ta dùng phép trừ."],
      "solutionHtml": "Số quyển vở của Bình là:<br/>$ {x} - {y} = {ans} $ (quyển).<br/>Đáp án đúng là C.",
      "tip": "Đọc kỹ từ khóa 'ít hơn' để chọn phép tính phù hợp.",
      "level": "chat-luong-cao",
      "type": "l4-kt-c5"
    },
    {
      "isTemplate": true,
      "variables": {
        "a": { "min": 2, "max": 5, "step": 1 },
        "b": { "min": 10, "max": 20, "step": 1 }
      },
      "constraints": ["true"],
      "formulas": {
        "ans": "a * b",
        "w1": "a + b",
        "w2": "b - a",
        "w3": "a * b + 5"
      },
      "questionText": "Một bao gạo nặng {b} kg. Hỏi {a} bao gạo như thế nặng bao nhiêu ki-lô-gam?",
      "options": [
        "A. {w1} kg",
        "B. {w2} kg",
        "C. {ans} kg",
        "D. {w3} kg"
      ],
      "correctIndex": 2,
      "hints": ["Mỗi bao nặng {b} kg, vậy {a} bao sẽ nặng gấp {a} lần."],
      "solutionHtml": "Số ki-lô-gam của {a} bao gạo là:<br/>$ {b} \\times {a} = {ans} $ (kg).<br/>Đáp án đúng là C.",
      "tip": "Phép nhân dùng để tính giá trị của nhiều phần bằng nhau.",
      "level": "chat-luong-cao",
      "type": "l4-kt-c5"
    },
    {
      "isTemplate": true,
      "variables": {
        "a": { "min": 100, "max": 200, "step": 10 },
        "b": { "min": 50, "max": 80, "step": 10 }
      },
      "constraints": ["a > b"],
      "formulas": {
        "ans": "a + b",
        "w1": "a - b",
        "w2": "a * 2",
        "w3": "b * 2"
      },
      "questionText": "Thửa ruộng thứ nhất thu hoạch được {a} kg thóc, thửa ruộng thứ hai thu hoạch được {b} kg thóc. Hỏi cả hai thửa ruộng thu hoạch được bao nhiêu ki-lô-gam thóc?",
      "options": [
        "A. {w1} kg",
        "B. {w2} kg",
        "C. {ans} kg",
        "D. {w3} kg"
      ],
      "correctIndex": 2,
      "hints": ["Cả hai thửa ruộng nghĩa là ta thực hiện phép cộng."],
      "solutionHtml": "Tổng số thóc thu hoạch được là:<br/>$ {a} + {b} = {ans} $ (kg).<br/>Đáp án đúng là C.",
      "tip": "Tìm tổng thì ta cộng các số hạng lại với nhau.",
      "level": "chat-luong-cao",
      "type": "l4-kt-c5"
    },
    {
      "isTemplate": true,
      "variables": {
        "a": { "min": 10, "max": 20, "step": 1 },
        "b": { "min": 2, "max": 4, "step": 1 }
      },
      "constraints": ["a % b === 0"],
      "formulas": {
        "ans": "a * b",
        "w1": "a / b",
        "w2": "a + b",
        "w3": "a * b + 2"
      },
      "questionText": "Mỗi chiếc xe chở được {a} kg hàng. Hỏi {b} chiếc xe như thế chở được bao nhiêu ki-lô-gam hàng?",
      "options": [
        "A. {w1} kg",
        "B. {w2} kg",
        "C. {ans} kg",
        "D. {w3} kg"
      ],
      "correctIndex": 2,
      "hints": ["Muốn tìm tổng số hàng, ta lấy số hàng mỗi xe nhân với số xe."],
      "solutionHtml": "Số ki-lô-gam hàng {b} xe chở được là:<br/>$ {a} \\times {b} = {ans} $ (kg).<br/>Đáp án đúng là C.",
      "tip": "Đọc kỹ đề bài để phân biệt giữa chia và nhân.",
      "level": "chat-luong-cao",
      "type": "l4-kt-c5"
    },
    {
      "isTemplate": true,
      "variables": {
        "a": { "min": 20, "max": 40, "step": 1 },
        "b": { "min": 10, "max": 15, "step": 1 }
      },
      "constraints": ["a > b"],
      "formulas": {
        "ans": "a - b",
        "w1": "a + b",
        "w2": "a + 5",
        "w3": "a - 2"
      },
      "questionText": "Lớp 4A có {a} học sinh, trong đó có {b} bạn là nam. Hỏi lớp 4A có bao nhiêu bạn nữ?",
      "options": [
        "A. {w1} bạn",
        "B. {w2} bạn",
        "C. {ans} bạn",
        "D. {w3} bạn"
      ],
      "correctIndex": 2,
      "hints": ["Muốn tìm số bạn nữ, ta lấy tổng số học sinh trừ đi số bạn nam."],
      "solutionHtml": "Số bạn nữ của lớp là:<br/>$ {a} - {b} = {ans} $ (bạn).<br/>Đáp án đúng là C.",
      "tip": "Luôn nhớ tổng trừ đi một phần sẽ ra phần còn lại.",
      "level": "chat-luong-cao",
      "type": "l4-kt-c5"
    }
  ]
}

[RAW AI RESPONSE TEXT]
{
  "questions": [
    {
      "isTemplate": true,
      "variables": {
        "a": { "min": 100, "max": 500, "step": 10 },
        "b": { "min": 2, "max": 5, "step": 1 }
      },
      "constraints": ["a % b === 0"],
      "formulas": {
        "ans": "a / b",
        "w1": "ans + 10",
        "w2": "ans - 10",
        "w3": "a + b"
      },
      "questionText": "Một cửa hàng có {a} kg gạo, cửa hàng đã bán được $ \frac{1}{{{b}}} $ số gạo đó. Hỏi cửa hàng đã bán được bao nhiêu ki-lô-gam gạo?",
      "options": [
        "A. {w1} kg",
        "B. {ans} kg",
        "C. {w2} kg",
        "D. {w3} kg"
      ],
      "correctIndex": 1,
      "hints": ["Để tìm số gạo đã bán, ta lấy tổng số gạo chia cho {b}."],
      "solutionHtml": "Số gạo cửa hàng đã bán là:<br/>$ {a} : {b} = {ans} $ (kg).<br/>Đáp án đúng là B.",
      "tip": "Khi bài toán hỏi một phần mấy của một số, ta lấy số đó chia cho mẫu số.",
      "level": "chat-luong-cao",
      "type": "l4-kt-c5"
    },
    {
      "isTemplate": true,
      "variables": {
        "x": { "min": 5, "max": 15, "step": 1 },
        "y": { "min": 2, "max": 4, "step": 1 }
      },
      "constraints": ["x > y"],
      "formulas": {
        "ans": "x * y",
        "w1": "x + y",
        "w2": "x - y",
        "w3": "x * y + 1"
      },
      "questionText": "Trung bình cộng của hai số là {x}. Biết một số là {y}, tìm số còn lại.",
      "options": [
        "A. {w1}",
        "B. {w2}",
        "C. {ans}",
        "D. {w3}"
      ],
      "correctIndex": 2,
      "hints": ["Tổng hai số là: {x} nhân 2.", "Số còn lại bằng tổng trừ đi số đã biết."],
      "solutionHtml": "Tổng hai số là: $ {x} \\times 2 = {x*2} $<br/>Số còn lại là: $ {x*2} - {y} = {ans} $<br/>Đáp án đúng là C.",
      "tip": "Nhớ rằng tổng hai số bằng trung bình cộng nhân với 2.",
      "level": "chat-luong-cao",
      "type": "l4-kt-c5"
    },
    {
      "isTemplate": true,
      "variables": {
        "hcn_d": { "min": 10, "max": 20, "step": 1 },
        "hcn_r": { "min": 5, "max": 9, "step": 1 }
      },
      "constraints": ["hcn_d > hcn_r"],
      "formulas": {
        "ans": "(hcn_d + hcn_r) * 2",
        "w1": "hcn_d * hcn_r",
        "w2": "hcn_d + hcn_r",
        "w3": "hcn_d * 2"
      },
      "questionText": "Một hình chữ nhật có chiều dài là {hcn_d} cm, chiều rộng là {hcn_r} cm. Tính chu vi của hình chữ nhật đó.",
      "options": [
        "A. {w1} cm",
        "B. {w2} cm",
        "C. {ans} cm",
        "D. {w3} cm"
      ],
      "correctIndex": 2,
      "hints": ["Chu vi hình chữ nhật bằng (chiều dài + chiều rộng) nhân 2."],
      "solutionHtml": "Chu vi hình chữ nhật là:<br/>$ ({hcn_d} + {hcn_r}) \\times 2 = {ans} $ (cm).<br/>Đáp án đúng là C.",
      "tip": "Đừng quên đóng ngoặc biểu thức tính tổng chiều dài và chiều rộng.",
      "level": "chat-luong-cao",
      "type": "l4-kt-c5"
    },
    {
      "isTemplate": true,
      "variables": {
        "a": { "min": 4, "max": 8, "step": 1 },
        "b": { "min": 2, "max": 3, "step": 1 }
      },
      "constraints": ["a % b === 0"],
      "formulas": {
        "ans": "a * a",
        "w1": "a * b",
        "w2": "a + b",
        "w3": "a * a + 2"
      },
      "questionText": "Một hình vuông có cạnh là {a} cm. Tính diện tích của hình vuông đó.",
      "options": [
        "A. {w1} cm2",
        "B. {w2} cm2",
        "C. {ans} cm2",
        "D. {w3} cm2"
      ],
      "correctIndex": 2,
      "hints": ["Diện tích hình vuông bằng cạnh nhân với cạnh."],
      "solutionHtml": "Diện tích hình vuông là:<br/>$ {a} \\times {a} = {ans} $ (cm2).<br/>Đáp án đúng là C.",
      "tip": "Diện tích phải có đơn vị là xăng-ti-mét vuông.",
      "level": "chat-luong-cao",
      "type": "l4-kt-c5"
    },
    {
      "isTemplate": true,
      "variables": {
        "t": { "min": 30, "max": 60, "step": 1 },
        "n": { "min": 2, "max": 4, "step": 1 }
      },
      "constraints": ["t % n === 0"],
      "formulas": {
        "ans": "t / n",
        "w1": "t + n",
        "w2": "t - n",
        "w3": "t * n"
      },
      "questionText": "Có {t} viên bi được chia đều vào {n} hộp. Hỏi mỗi hộp có bao nhiêu viên bi?",
      "options": [
        "A. {w1} viên",
        "B. {ans} viên",
        "C. {w2} viên",
        "D. {w3} viên"
      ],
      "correctIndex": 1,
      "hints": ["Muốn biết mỗi hộp có bao nhiêu viên bi, ta lấy tổng số bi chia cho số hộp."],
      "solutionHtml": "Số bi trong mỗi hộp là:<br/>$ {t} : {n} = {ans} $ (viên).<br/>Đáp án đúng là B.",
      "tip": "Phép chia giúp tìm giá trị của một phần bằng nhau.",
      "level": "chat-luong-cao",
      "type": "l4-kt-c5"
    },
    {
      "isTemplate": true,
      "variables": {
        "x": { "min": 10, "max": 20, "step": 1 },
        "y": { "min": 5, "max": 8, "step": 1 }
      },
      "constraints": ["x > y"],
      "formulas": {
        "ans": "x - y",
        "w1": "x + y",
        "w2": "x * y",
        "w3": "x + 2"
      },
      "questionText": "An có {x} quyển vở, Bình có ít hơn An {y} quyển. Hỏi Bình có bao nhiêu quyển vở?",
      "options": [
        "A. {w1} quyển",
        "B. {w2} quyển",
        "C. {ans} quyển",
        "D. {w3} quyển"
      ],
      "correctIndex": 2,
      "hints": ["Bình có ít hơn An, nên ta dùng phép trừ."],
      "solutionHtml": "Số quyển vở của Bình là:<br/>$ {x} - {y} = {ans} $ (quyển).<br/>Đáp án đúng là C.",
      "tip": "Đọc kỹ từ khóa 'ít hơn' để chọn phép tính phù hợp.",
      "level": "chat-luong-cao",
      "type": "l4-kt-c5"
    },
    {
      "isTemplate": true,
      "variables": {
        "a": { "min": 2, "max": 5, "step": 1 },
        "b": { "min": 10, "max": 20, "step": 1 }
      },
      "constraints": ["true"],
      "formulas": {
        "ans": "a * b",
        "w1": "a + b",
        "w2": "b - a",
        "w3": "a * b + 5"
      },
      "questionText": "Một bao gạo nặng {b} kg. Hỏi {a} bao gạo như thế nặng bao nhiêu ki-lô-gam?",
      "options": [
        "A. {w1} kg",
        "B. {w2} kg",
        "C. {ans} kg",
        "D. {w3} kg"
      ],
      "correctIndex": 2,
      "hints": ["Mỗi bao nặng {b} kg, vậy {a} bao sẽ nặng gấp {a} lần."],
      "solutionHtml": "Số ki-lô-gam của {a} bao gạo là:<br/>$ {b} \\times {a} = {ans} $ (kg).<br/>Đáp án đúng là C.",
      "tip": "Phép nhân dùng để tính giá trị của nhiều phần bằng nhau.",
      "level": "chat-luong-cao",
      "type": "l4-kt-c5"
    },
    {
      "isTemplate": true,
      "variables": {
        "a": { "min": 100, "max": 200, "step": 10 },
        "b": { "min": 50, "max": 80, "step": 10 }
      },
      "constraints": ["a > b"],
      "formulas": {
        "ans": "a + b",
        "w1": "a - b",
        "w2": "a * 2",
        "w3": "b * 2"
      },
      "questionText": "Thửa ruộng thứ nhất thu hoạch được {a} kg thóc, thửa ruộng thứ hai thu hoạch được {b} kg thóc. Hỏi cả hai thửa ruộng thu hoạch được bao nhiêu ki-lô-gam thóc?",
      "options": [
        "A. {w1} kg",
        "B. {w2} kg",
        "C. {ans} kg",
        "D. {w3} kg"
      ],
      "correctIndex": 2,
      "hints": ["Cả hai thửa ruộng nghĩa là ta thực hiện phép cộng."],
      "solutionHtml": "Tổng số thóc thu hoạch được là:<br/>$ {a} + {b} = {ans} $ (kg).<br/>Đáp án đúng là C.",
      "tip": "Tìm tổng thì ta cộng các số hạng lại với nhau.",
      "level": "chat-luong-cao",
      "type": "l4-kt-c5"
    },
    {
      "isTemplate": true,
      "variables": {
        "a": { "min": 10, "max": 20, "step": 1 },
        "b": { "min": 2, "max": 4, "step": 1 }
      },
      "constraints": ["a % b === 0"],
      "formulas": {
        "ans": "a * b",
        "w1": "a / b",
        "w2": "a + b",
        "w3": "a * b + 2"
      },
      "questionText": "Mỗi chiếc xe chở được {a} kg hàng. Hỏi {b} chiếc xe như thế chở được bao nhiêu ki-lô-gam hàng?",
      "options": [
        "A. {w1} kg",
        "B. {w2} kg",
        "C. {ans} kg",
        "D. {w3} kg"
      ],
      "correctIndex": 2,
      "hints": ["Muốn tìm tổng số hàng, ta lấy số hàng mỗi xe nhân với số xe."],
      "solutionHtml": "Số ki-lô-gam hàng {b} xe chở được là:<br/>$ {a} \\times {b} = {ans} $ (kg).<br/>Đáp án đúng là C.",
      "tip": "Đọc kỹ đề bài để phân biệt giữa chia và nhân.",
      "level": "chat-luong-cao",
      "type": "l4-kt-c5"
    },
    {
      "isTemplate": true,
      "variables": {
        "a": { "min": 20, "max": 40, "step": 1 },
        "b": { "min": 10, "max": 15, "step": 1 }
      },
      "constraints": ["a > b"],
      "formulas": {
        "ans": "a - b",
        "w1": "a + b",
        "w2": "a + 5",
        "w3": "a - 2"
      },
      "questionText": "Lớp 4A có {a} học sinh, trong đó có {b} bạn là nam. Hỏi lớp 4A có bao nhiêu bạn nữ?",
      "options": [
        "A. {w1} bạn",
        "B. {w2} bạn",
        "C. {ans} bạn",
        "D. {w3} bạn"
      ],
      "correctIndex": 2,
      "hints": ["Muốn tìm số bạn nữ, ta lấy tổng số học sinh trừ đi số bạn nam."],
      "solutionHtml": "Số bạn nữ của lớp là:<br/>$ {a} - {b} = {ans} $ (bạn).<br/>Đáp án đúng là C.",
      "tip": "Luôn nhớ tổng trừ đi một phần sẽ ra phần còn lại.",
      "level": "chat-luong-cao",
      "type": "l4-kt-c5"
    }
  ]
}

