==================================================
AI GENERATION ERROR REPORT
Time: 2026-07-14T01:06:06.975Z
Lesson ID: l1-bai-22
Lesson Title: Bài 22: So sánh số có hai chữ số
==================================================

[ERROR DETAILS]
Unexpected non-whitespace character after JSON at position 8751 (line 225 column 1)
SyntaxError: Unexpected non-whitespace character after JSON at position 8751 (line 225 column 1)
    at JSON.parse (<anonymous>)
    at F:\KHQS\AntiGravity\HocTap\server.js:3837:29
    at process.processTicksAndRejections (node:internal/process/task_queues:104:5)

[JSON DIAGNOSTICS]
Error Position: 8751 (Line: 225, Column: 1)
Character causing error: "}"

Context:
... n số lớn nhất, hãy chọn chữ số hàng đơn vị là số lớn nhất (là 9).",
      "level": "chat-luong-cao",
      "type": "l1-bai-22-tim-so-max"
    }
  ]
}
>>>[LỖI TẠI ĐÂY]<<<} ...

[CLEANED JSON TEXT]
{
  "questions": [
    {
      "isTemplate": true,
      "variables": {
        "a": { "min": 20, "max": 40, "step": 1 },
        "b": { "min": 50, "max": 80, "step": 1 }
      },
      "constraints": ["a < b", "Math.floor(a/10) !== Math.floor(b/10)"],
      "formulas": {
        "ans": "b",
        "w1": "a",
        "w2": "b + 10",
        "w3": "a - 5"
      },
      "questionText": "Trong vườn có {a} cây táo và {b} cây cam. Hỏi trong vườn có nhiều cây gì hơn?",
      "options": [
        "A. {w1} cây táo",
        "B. {ans} cây cam",
        "C. {w2} cây",
        "D. {w3} cây"
      ],
      "correctIndex": 1,
      "hints": ["Số có hàng chục lớn hơn thì số đó lớn hơn.", "So sánh hàng chục của {a} và {b}."],
      "solutionHtml": "Ta so sánh hai số {a} và {b}:<br/>Hàng chục của {a} là số nhỏ hơn hàng chục của {b}.<br/>Vì {a} < {b} nên số cây cam nhiều hơn số cây táo.<br/>Đáp án đúng là B.",
      "tip": "Khi so sánh hai số có hai chữ số, hãy so sánh hàng chục trước, nếu hàng chục bằng nhau mới so sánh hàng đơn vị.",
      "level": "chat-luong-cao",
      "type": "l1-bai-22-so-sanh"
    },
    {
      "isTemplate": true,
      "variables": {
        "a": { "min": 31, "max": 49, "step": 1 }
      },
      "constraints": ["a % 10 !== 0"],
      "formulas": {
        "ans": "a",
        "w1": "a + 1",
        "w2": "a - 2",
        "w3": "a + 5"
      },
      "questionText": "Số nào lớn hơn {a} nhưng lại bé hơn {a+2}?",
      "options": ["A. {w1}", "B. {ans}", "C. {w2}", "D. {w3}"],
      "correctIndex": 1,
      "hints": ["Đó là số đứng giữa {a} và {a+2} trên tia số."],
      "solutionHtml": "Số đứng giữa {a} và {a+2} là {ans}.<br/>Vì {a} < {ans} < {a+2} nên {ans} là số cần tìm.<br/>Đáp án đúng là B.",
      "tip": "Hãy tưởng tượng tia số để tìm số nằm giữa hai số cho trước.",
      "level": "chat-luong-cao",
      "type": "l1-bai-22-tim-so"
    },
    {
      "isTemplate": true,
      "variables": {
        "a": { "min": 2, "max": 7, "step": 1 },
        "b": { "min": 1, "max": 9, "step": 1 }
      },
      "constraints": ["a !== b"],
      "formulas": {
        "ans": "a * 10 + b",
        "w1": "b * 10 + a",
        "w2": "a * 10 + a",
        "w3": "b * 10 + b"
      },
      "questionText": "Bạn An có hai tấm thẻ ghi số {a} và {b}. Hãy viết số lớn nhất có hai chữ số từ hai tấm thẻ này.",
      "options": ["A. {w1}", "B. {w2}", "C. {ans}", "D. {w3}"],
      "correctIndex": 2,
      "hints": ["Để số có hai chữ số là lớn nhất, ta chọn chữ số lớn hơn làm hàng chục."],
      "solutionHtml": "Để có số lớn nhất, chữ số hàng chục phải là số lớn hơn trong hai số {a} và {b}.<br/>Giả sử {a} > {b}, số lớn nhất là {a}{b}.<br/>Đáp án đúng là C.",
      "tip": "Số lớn hơn sẽ có chữ số hàng chục lớn hơn.",
      "level": "chat-luong-cao",
      "type": "l1-bai-22-logic"
    },
    {
      "isTemplate": true,
      "variables": {
        "x": { "min": 10, "max": 80, "step": 10 },
        "y": { "min": 1, "max": 9, "step": 1 }
      },
      "constraints": ["x/10 + y < 9"],
      "formulas": {
        "ans": "x + y",
        "w1": "x + y + 1",
        "w2": "x + y - 1",
        "w3": "x + y + 2"
      },
      "questionText": "Một số có hàng chục là {x/10} và hàng đơn vị là {y}. Số đó là bao nhiêu?",
      "options": ["A. {w1}", "B. {w2}", "C. {ans}", "D. {w3}"],
      "correctIndex": 2,
      "hints": ["Số có hàng chục là A và hàng đơn vị là B có dạng AB."],
      "solutionHtml": "Số có hàng chục là {x/10} và hàng đơn vị là {y} được viết là {ans}.<br/>Đáp án đúng là C.",
      "tip": "Cấu tạo số có hai chữ số gồm hàng chục và hàng đơn vị.",
      "level": "chat-luong-cao",
      "type": "l1-bai-22-cau-tao-so"
    },
    {
      "isTemplate": true,
      "variables": {
        "a": { "min": 40, "max": 60, "step": 1 }
      },
      "constraints": ["a % 10 !== 0"],
      "formulas": {
        "ans": "a + 10",
        "w1": "a - 10",
        "w2": "a + 1",
        "w3": "a - 1"
      },
      "questionText": "Số nào lớn hơn {a} đúng 1 chục?",
      "options": ["A. {w1}", "B. {w2}", "C. {ans}", "D. {w3}"],
      "correctIndex": 2,
      "hints": ["Lớn hơn 1 chục nghĩa là cộng thêm 10 vào hàng chục."],
      "solutionHtml": "Số lớn hơn {a} đúng 1 chục là: {a} + 10 = {ans}.<br/>Đáp án đúng là C.",
      "tip": "Cộng thêm 1 chục là thay đổi chữ số ở hàng chục, hàng đơn vị giữ nguyên.",
      "level": "chat-luong-cao",
      "type": "l1-bai-22-cong-chuc"
    },
    {
      "isTemplate": true,
      "variables": {
        "a": { "min": 20, "max": 30, "step": 1 },
        "b": { "min": 40, "max": 50, "step": 1 }
      },
      "constraints": ["a < 25", "b > 45"],
      "formulas": {
        "ans": "a + b",
        "w1": "a + b - 5",
        "w2": "a + b + 5",
        "w3": "a + b + 10"
      },
      "questionText": "Bạn Mai có {a} viên bi, bạn Lan có {b} viên bi. Hỏi cả hai bạn có tất cả bao nhiêu viên bi?",
      "options": ["A. {w1}", "B. {w2}", "C. {ans}", "D. {w3}"],
      "correctIndex": 2,
      "hints": ["Muốn biết tất cả, ta thực hiện phép tính cộng: {a} + {b}."],
      "solutionHtml": "Tổng số bi của hai bạn là:<br/>{a} + {b} = {ans} (viên bi).<br/>Đáp án đúng là C.",
      "tip": "Cộng các số có hai chữ số: cộng hàng đơn vị trước, hàng chục sau.",
      "level": "chat-luong-cao",
      "type": "l1-bai-22-tong-hop"
    },
    {
      "isTemplate": true,
      "variables": {
        "a": { "min": 50, "max": 90, "step": 5 }
      },
      "constraints": ["a > 50"],
      "formulas": {
        "ans": "a - 1",
        "w1": "a + 1",
        "w2": "a - 10",
        "w3": "a + 10"
      },
      "questionText": "Số liền trước của {a} là số nào?",
      "options": ["A. {w1}", "B. {w2}", "C. {ans}", "D. {w3}"],
      "correctIndex": 2,
      "hints": ["Số liền trước của một số là số bé hơn số đó 1 đơn vị."],
      "solutionHtml": "Số liền trước của {a} là: {a} - 1 = {ans}.<br/>Đáp án đúng là C.",
      "tip": "Số liền trước = Số đã cho - 1.",
      "level": "chat-luong-cao",
      "type": "l1-bai-22-lien-truoc"
    },
    {
      "isTemplate": true,
      "variables": {
        "a": { "min": 2, "max": 4, "step": 1 },
        "b": { "min": 5, "max": 8, "step": 1 }
      },
      "constraints": ["a < b"],
      "formulas": {
        "ans": "b * 10 + a",
        "w1": "a * 10 + b",
        "w2": "b * 10 + b",
        "w3": "a * 10 + a"
      },
      "questionText": "Sắp xếp các số {a*10+b}, {b*10+a}, {a*10+a}, {b*10+b} theo thứ tự từ bé đến lớn. Số nhỏ nhất là số nào?",
      "options": ["A. {a*10+a}", "B. {b*10+a}", "C. {a*10+b}", "D. {b*10+b}"],
      "correctIndex": 0,
      "hints": ["So sánh hàng chục của các số trước. Nếu hàng chục bằng nhau, so sánh hàng đơn vị."],
      "solutionHtml": "Các số đã cho là: {a*10+b}, {b*10+a}, {a*10+a}, {b*10+b}.<br/>Số có hàng chục nhỏ nhất là {a*10+a} và {a*10+b}.<br/>So sánh hàng đơn vị: {a} < {b}, nên {a*10+a} là số nhỏ nhất.<br/>Đáp án đúng là A.",
      "tip": "Khi so sánh các số, ưu tiên hàng chục trước.",
      "level": "chat-luong-cao",
      "type": "l1-bai-22-so-sanh-nhieu-so"
    },
    {
      "isTemplate": true,
      "variables": {
        "a": { "min": 1, "max": 4, "step": 1 }
      },
      "constraints": ["a > 0"],
      "formulas": {
        "ans": "a * 10 + a",
        "w1": "a * 10 + (a + 1)",
        "w2": "(a + 1) * 10 + a",
        "w3": "a * 10 + (a + 2)"
      },
      "questionText": "Số có hai chữ số mà chữ số hàng chục và hàng đơn vị giống nhau là số nào?",
      "options": ["A. {w1}", "B. {w2}", "C. {ans}", "D. {w3}"],
      "correctIndex": 2,
      "hints": ["Số có hai chữ số giống nhau có dạng AA."],
      "solutionHtml": "Số có hai chữ số giống nhau là số có hàng chục và hàng đơn vị bằng nhau, đó là {ans}.<br/>Đáp án đúng là C.",
      "tip": "Các số có hai chữ số giống nhau là 11, 22, 33, 44, 55, 66, 77, 88, 99.",
      "level": "chat-luong-cao",
      "type": "l1-bai-22-dac-biet"
    },
    {
      "isTemplate": true,
      "variables": {
        "a": { "min": 2, "max": 8, "step": 1 }
      },
      "constraints": ["a < 8"],
      "formulas": {
        "ans": "a * 10 + 9",
        "w1": "a * 10 + 8",
        "w2": "(a + 1) * 10 + 0",
        "w3": "a * 10 + 7"
      },
      "questionText": "Số lớn nhất có hai chữ số với hàng chục là {a} là số nào?",
      "options": ["A. {w1}", "B. {w2}", "C. {ans}", "D. {w3}"],
      "correctIndex": 2,
      "hints": ["Để số là lớn nhất, chữ số hàng đơn vị phải là số lớn nhất có thể (số 9)."],
      "solutionHtml": "Số có hàng chục là {a}, để là số lớn nhất thì hàng đơn vị phải là 9.<br/>Vậy số đó là {ans}.<br/>Đáp án đúng là C.",
      "tip": "Muốn số lớn nhất, hãy chọn chữ số hàng đơn vị là số lớn nhất (là 9).",
      "level": "chat-luong-cao",
      "type": "l1-bai-22-tim-so-max"
    }
  ]
}
}

[RAW AI RESPONSE TEXT]
{
  "questions": [
    {
      "isTemplate": true,
      "variables": {
        "a": { "min": 20, "max": 40, "step": 1 },
        "b": { "min": 50, "max": 80, "step": 1 }
      },
      "constraints": ["a < b", "Math.floor(a/10) !== Math.floor(b/10)"],
      "formulas": {
        "ans": "b",
        "w1": "a",
        "w2": "b + 10",
        "w3": "a - 5"
      },
      "questionText": "Trong vườn có {a} cây táo và {b} cây cam. Hỏi trong vườn có nhiều cây gì hơn?",
      "options": [
        "A. {w1} cây táo",
        "B. {ans} cây cam",
        "C. {w2} cây",
        "D. {w3} cây"
      ],
      "correctIndex": 1,
      "hints": ["Số có hàng chục lớn hơn thì số đó lớn hơn.", "So sánh hàng chục của {a} và {b}."],
      "solutionHtml": "Ta so sánh hai số {a} và {b}:<br/>Hàng chục của {a} là số nhỏ hơn hàng chục của {b}.<br/>Vì {a} < {b} nên số cây cam nhiều hơn số cây táo.<br/>Đáp án đúng là B.",
      "tip": "Khi so sánh hai số có hai chữ số, hãy so sánh hàng chục trước, nếu hàng chục bằng nhau mới so sánh hàng đơn vị.",
      "level": "chat-luong-cao",
      "type": "l1-bai-22-so-sanh"
    },
    {
      "isTemplate": true,
      "variables": {
        "a": { "min": 31, "max": 49, "step": 1 }
      },
      "constraints": ["a % 10 !== 0"],
      "formulas": {
        "ans": "a",
        "w1": "a + 1",
        "w2": "a - 2",
        "w3": "a + 5"
      },
      "questionText": "Số nào lớn hơn {a} nhưng lại bé hơn {a+2}?",
      "options": ["A. {w1}", "B. {ans}", "C. {w2}", "D. {w3}"],
      "correctIndex": 1,
      "hints": ["Đó là số đứng giữa {a} và {a+2} trên tia số."],
      "solutionHtml": "Số đứng giữa {a} và {a+2} là {ans}.<br/>Vì {a} < {ans} < {a+2} nên {ans} là số cần tìm.<br/>Đáp án đúng là B.",
      "tip": "Hãy tưởng tượng tia số để tìm số nằm giữa hai số cho trước.",
      "level": "chat-luong-cao",
      "type": "l1-bai-22-tim-so"
    },
    {
      "isTemplate": true,
      "variables": {
        "a": { "min": 2, "max": 7, "step": 1 },
        "b": { "min": 1, "max": 9, "step": 1 }
      },
      "constraints": ["a !== b"],
      "formulas": {
        "ans": "a * 10 + b",
        "w1": "b * 10 + a",
        "w2": "a * 10 + a",
        "w3": "b * 10 + b"
      },
      "questionText": "Bạn An có hai tấm thẻ ghi số {a} và {b}. Hãy viết số lớn nhất có hai chữ số từ hai tấm thẻ này.",
      "options": ["A. {w1}", "B. {w2}", "C. {ans}", "D. {w3}"],
      "correctIndex": 2,
      "hints": ["Để số có hai chữ số là lớn nhất, ta chọn chữ số lớn hơn làm hàng chục."],
      "solutionHtml": "Để có số lớn nhất, chữ số hàng chục phải là số lớn hơn trong hai số {a} và {b}.<br/>Giả sử {a} > {b}, số lớn nhất là {a}{b}.<br/>Đáp án đúng là C.",
      "tip": "Số lớn hơn sẽ có chữ số hàng chục lớn hơn.",
      "level": "chat-luong-cao",
      "type": "l1-bai-22-logic"
    },
    {
      "isTemplate": true,
      "variables": {
        "x": { "min": 10, "max": 80, "step": 10 },
        "y": { "min": 1, "max": 9, "step": 1 }
      },
      "constraints": ["x/10 + y < 9"],
      "formulas": {
        "ans": "x + y",
        "w1": "x + y + 1",
        "w2": "x + y - 1",
        "w3": "x + y + 2"
      },
      "questionText": "Một số có hàng chục là {x/10} và hàng đơn vị là {y}. Số đó là bao nhiêu?",
      "options": ["A. {w1}", "B. {w2}", "C. {ans}", "D. {w3}"],
      "correctIndex": 2,
      "hints": ["Số có hàng chục là A và hàng đơn vị là B có dạng AB."],
      "solutionHtml": "Số có hàng chục là {x/10} và hàng đơn vị là {y} được viết là {ans}.<br/>Đáp án đúng là C.",
      "tip": "Cấu tạo số có hai chữ số gồm hàng chục và hàng đơn vị.",
      "level": "chat-luong-cao",
      "type": "l1-bai-22-cau-tao-so"
    },
    {
      "isTemplate": true,
      "variables": {
        "a": { "min": 40, "max": 60, "step": 1 }
      },
      "constraints": ["a % 10 !== 0"],
      "formulas": {
        "ans": "a + 10",
        "w1": "a - 10",
        "w2": "a + 1",
        "w3": "a - 1"
      },
      "questionText": "Số nào lớn hơn {a} đúng 1 chục?",
      "options": ["A. {w1}", "B. {w2}", "C. {ans}", "D. {w3}"],
      "correctIndex": 2,
      "hints": ["Lớn hơn 1 chục nghĩa là cộng thêm 10 vào hàng chục."],
      "solutionHtml": "Số lớn hơn {a} đúng 1 chục là: {a} + 10 = {ans}.<br/>Đáp án đúng là C.",
      "tip": "Cộng thêm 1 chục là thay đổi chữ số ở hàng chục, hàng đơn vị giữ nguyên.",
      "level": "chat-luong-cao",
      "type": "l1-bai-22-cong-chuc"
    },
    {
      "isTemplate": true,
      "variables": {
        "a": { "min": 20, "max": 30, "step": 1 },
        "b": { "min": 40, "max": 50, "step": 1 }
      },
      "constraints": ["a < 25", "b > 45"],
      "formulas": {
        "ans": "a + b",
        "w1": "a + b - 5",
        "w2": "a + b + 5",
        "w3": "a + b + 10"
      },
      "questionText": "Bạn Mai có {a} viên bi, bạn Lan có {b} viên bi. Hỏi cả hai bạn có tất cả bao nhiêu viên bi?",
      "options": ["A. {w1}", "B. {w2}", "C. {ans}", "D. {w3}"],
      "correctIndex": 2,
      "hints": ["Muốn biết tất cả, ta thực hiện phép tính cộng: {a} + {b}."],
      "solutionHtml": "Tổng số bi của hai bạn là:<br/>{a} + {b} = {ans} (viên bi).<br/>Đáp án đúng là C.",
      "tip": "Cộng các số có hai chữ số: cộng hàng đơn vị trước, hàng chục sau.",
      "level": "chat-luong-cao",
      "type": "l1-bai-22-tong-hop"
    },
    {
      "isTemplate": true,
      "variables": {
        "a": { "min": 50, "max": 90, "step": 5 }
      },
      "constraints": ["a > 50"],
      "formulas": {
        "ans": "a - 1",
        "w1": "a + 1",
        "w2": "a - 10",
        "w3": "a + 10"
      },
      "questionText": "Số liền trước của {a} là số nào?",
      "options": ["A. {w1}", "B. {w2}", "C. {ans}", "D. {w3}"],
      "correctIndex": 2,
      "hints": ["Số liền trước của một số là số bé hơn số đó 1 đơn vị."],
      "solutionHtml": "Số liền trước của {a} là: {a} - 1 = {ans}.<br/>Đáp án đúng là C.",
      "tip": "Số liền trước = Số đã cho - 1.",
      "level": "chat-luong-cao",
      "type": "l1-bai-22-lien-truoc"
    },
    {
      "isTemplate": true,
      "variables": {
        "a": { "min": 2, "max": 4, "step": 1 },
        "b": { "min": 5, "max": 8, "step": 1 }
      },
      "constraints": ["a < b"],
      "formulas": {
        "ans": "b * 10 + a",
        "w1": "a * 10 + b",
        "w2": "b * 10 + b",
        "w3": "a * 10 + a"
      },
      "questionText": "Sắp xếp các số {a*10+b}, {b*10+a}, {a*10+a}, {b*10+b} theo thứ tự từ bé đến lớn. Số nhỏ nhất là số nào?",
      "options": ["A. {a*10+a}", "B. {b*10+a}", "C. {a*10+b}", "D. {b*10+b}"],
      "correctIndex": 0,
      "hints": ["So sánh hàng chục của các số trước. Nếu hàng chục bằng nhau, so sánh hàng đơn vị."],
      "solutionHtml": "Các số đã cho là: {a*10+b}, {b*10+a}, {a*10+a}, {b*10+b}.<br/>Số có hàng chục nhỏ nhất là {a*10+a} và {a*10+b}.<br/>So sánh hàng đơn vị: {a} < {b}, nên {a*10+a} là số nhỏ nhất.<br/>Đáp án đúng là A.",
      "tip": "Khi so sánh các số, ưu tiên hàng chục trước.",
      "level": "chat-luong-cao",
      "type": "l1-bai-22-so-sanh-nhieu-so"
    },
    {
      "isTemplate": true,
      "variables": {
        "a": { "min": 1, "max": 4, "step": 1 }
      },
      "constraints": ["a > 0"],
      "formulas": {
        "ans": "a * 10 + a",
        "w1": "a * 10 + (a + 1)",
        "w2": "(a + 1) * 10 + a",
        "w3": "a * 10 + (a + 2)"
      },
      "questionText": "Số có hai chữ số mà chữ số hàng chục và hàng đơn vị giống nhau là số nào?",
      "options": ["A. {w1}", "B. {w2}", "C. {ans}", "D. {w3}"],
      "correctIndex": 2,
      "hints": ["Số có hai chữ số giống nhau có dạng AA."],
      "solutionHtml": "Số có hai chữ số giống nhau là số có hàng chục và hàng đơn vị bằng nhau, đó là {ans}.<br/>Đáp án đúng là C.",
      "tip": "Các số có hai chữ số giống nhau là 11, 22, 33, 44, 55, 66, 77, 88, 99.",
      "level": "chat-luong-cao",
      "type": "l1-bai-22-dac-biet"
    },
    {
      "isTemplate": true,
      "variables": {
        "a": { "min": 2, "max": 8, "step": 1 }
      },
      "constraints": ["a < 8"],
      "formulas": {
        "ans": "a * 10 + 9",
        "w1": "a * 10 + 8",
        "w2": "(a + 1) * 10 + 0",
        "w3": "a * 10 + 7"
      },
      "questionText": "Số lớn nhất có hai chữ số với hàng chục là {a} là số nào?",
      "options": ["A. {w1}", "B. {w2}", "C. {ans}", "D. {w3}"],
      "correctIndex": 2,
      "hints": ["Để số là lớn nhất, chữ số hàng đơn vị phải là số lớn nhất có thể (số 9)."],
      "solutionHtml": "Số có hàng chục là {a}, để là số lớn nhất thì hàng đơn vị phải là 9.<br/>Vậy số đó là {ans}.<br/>Đáp án đúng là C.",
      "tip": "Muốn số lớn nhất, hãy chọn chữ số hàng đơn vị là số lớn nhất (là 9).",
      "level": "chat-luong-cao",
      "type": "l1-bai-22-tim-so-max"
    }
  ]
}
}

