==================================================
AI GENERATION ERROR REPORT
Time: 2026-07-05T01:16:53.786Z
Lesson ID: l4-bai-31
Lesson Title: Bài 31: Hình bình hành, hình thoi
==================================================

[ERROR DETAILS]
Toàn bộ API Keys đều gặp sự cố: Tài khoản API hết hạn ngạch ngày (Quota Exceeded - 429): {
  "error": {
    "code": 429,
    "message": "You exceeded your current quota, please check your plan and billing details. For more information on t
Error: Toàn bộ API Keys đều gặp sự cố: Tài khoản API hết hạn ngạch ngày (Quota Exceeded - 429): {
  "error": {
    "code": 429,
    "message": "You exceeded your current quota, please check your plan and billing details. For more information on t
    at callGeminiAPI (F:\KHQS\AntiGravity\HocTap\server.js:517:9)
    at async auditMathQuestions (F:\KHQS\AntiGravity\HocTap\server.js:539:18)
    at async F:\KHQS\AntiGravity\HocTap\server.js:1679:20

[JSON DIAGNOSTICS]
No specific JSON position found in error message.

[CLEANED JSON TEXT]
[
  {
    "isTemplate": true,
    "variables": {
      "sideA": { "min": 15, "max": 30, "step": 1 },
      "sideB": { "min": 25, "max": 40, "step": 1 }
    },
    "constraints": [
      "variables.sideA !== variables.sideB"
    ],
    "formulas": {
      "ans": "2 * (variables.sideA + variables.sideB)",
      "w1": "variables.sideA + variables.sideB",
      "w2": "2 * variables.sideA + variables.sideB",
      "w3": "(variables.sideA + variables.sideB) * 3 / 2"
    },
    "questionText": "Bác thợ mộc làm một khung tranh dán tường hình bình hành có độ dài một cặp cạnh đối là $ {sideA} $ cm và một cặp cạnh đối khác là $ {sideB} $ cm. Hỏi chu vi của khung tranh đó là bao nhiêu cm?",
    "options": [
      "A. $ {w1} $ cm",
      "B. $ {ans} $ cm",
      "C. $ {w2} $ cm",
      "D. $ {w3} $ cm"
    ],
    "correctIndex": 1,
    "hints": [
      "Hình bình hành có hai cặp cạnh đối diện bằng nhau. Chu vi của hình bình hành bằng tổng độ dài hai cạnh kề nhân với 2.",
      "Hãy tính tổng độ dài hai cạnh kề, sau đó nhân với 2 để tìm chu vi."
    ],
    "solutionHtml": "Chu vi của hình bình hành được tính bằng công thức: <br/>$ \\text{Chu vi} = 2 \\times (\\text{cạnh kề 1} + \\text{cạnh kề 2}) $<br/>Áp dụng vào bài toán, chu vi của khung tranh là:<br/>$ {ans} = 2 \\times ({sideA} + {sideB}) = 2 \\times {w1} = {ans} $ (cm).<br/>Vậy, chu vi của khung tranh là $ {ans} $ cm.<br/>Đáp án đúng là B.",
    "tip": "Hãy nhớ rằng hình bình hành có hai cặp cạnh đối diện bằng nhau. Đừng nhầm lẫn với diện tích!",
    "level": "chat-luong-cao",
    "type": "l4-bai-31-d1"
  },
  {
    "isTemplate": true,
    "variables": {
      "side": { "min": 8, "max": 20, "step": 1 }
    },
    "constraints": [],
    "formulas": {
      "ans": "4 * variables.side",
      "w1": "2 * variables.side",
      "w2": "variables.side * variables.side",
      "w3": "3 * variables.side"
    },
    "questionText": "Một khu vườn hình thoi có độ dài cạnh là $ {side} $ m. Để rào xung quanh khu vườn, người ta cần bao nhiêu mét hàng rào?",
    "options": [
      "A. $ {w1} $ m",
      "B. $ {ans} $ m",
      "C. $ {w2} $ m",
      "D. $ {w3} $ m"
    ],
    "correctIndex": 1,
    "hints": [
      "Hình thoi là hình có bốn cạnh bằng nhau.",
      "Chu vi của hình thoi bằng độ dài một cạnh nhân với 4."
    ],
    "solutionHtml": "Hình thoi có 4 cạnh bằng nhau. Để rào xung quanh khu vườn hình thoi, ta cần tính chu vi của nó.<br/>Công thức tính chu vi hình thoi là: <br/>$ \\text{Chu vi} = \\text{độ dài cạnh} \\times 4 $<br/>Áp dụng vào bài toán, số mét hàng rào cần dùng là:<br/>$ {ans} = {side} \\times 4 = {ans} $ (m).<br/>Vậy, người ta cần $ {ans} $ mét hàng rào.<br/>Đáp án đúng là B.",
    "tip": "Đừng nhầm lẫn hình thoi với hình bình hành thông thường khi tính chu vi. Hình thoi có tính chất đặc biệt là các cạnh bằng nhau.",
    "level": "chat-luong-cao",
    "type": "l4-bai-31-d2"
  },
  {
    "isTemplate": true,
    "variables": {
      "perimeter": { "min": 60, "max": 120, "step": 2 },
      "knownSide": { "min": 15, "max": 25, "step": 1 }
    },
    "constraints": [
      "variables.perimeter > 2 * variables.knownSide",
      "(variables.perimeter - 2 * variables.knownSide) % 2 === 0"
    ],
    "formulas": {
      "halfPerimeter": "variables.perimeter / 2",
      "ans": "this.halfPerimeter - variables.knownSide",
      "w1": "this.halfPerimeter + variables.knownSide",
      "w2": "variables.perimeter - variables.knownSide",
      "w3": "variables.knownSide * 2"
    },
    "questionText": "Một mảnh đất hình bình hành có chu vi là $ {perimeter} $ m. Biết một cạnh của mảnh đất dài $ {knownSide} $ m. Hỏi cạnh còn lại của mảnh đất đó dài bao nhiêu mét?",
    "options": [
      "A. $ {w1} $ m",
      "B. $ {ans} $ m",
      "C. $ {w2} $ m",
      "D. $ {w3} $ m"
    ],
    "correctIndex": 1,
    "hints": [
      "Chu vi hình bình hành bằng 2 lần tổng độ dài hai cạnh kề.",
      "Trước hết, hãy tìm tổng độ dài hai cạnh kề của hình bình hành."
    ],
    "solutionHtml": "Chu vi của hình bình hành được tính bằng công thức: $ \\text{Chu vi} = 2 \\times (\\text{cạnh 1} + \\text{cạnh 2}) $. <br/>Vậy, tổng độ dài hai cạnh kề của mảnh đất là:<br/>$ {halfPerimeter} = {perimeter} \\div 2 = {halfPerimeter} $ (m).<br/>Biết một cạnh dài $ {knownSide} $ m, cạnh còn lại sẽ là:<br/>$ {ans} = {halfPerimeter} - {knownSide} = {ans} $ (m).<br/>Vậy, cạnh còn lại của mảnh đất dài $ {ans} $ m.<br/>Đáp án đúng là B.",
    "tip": "Khi giải các bài toán ngược (biết chu vi tìm cạnh), hãy bắt đầu bằng việc chia chu vi cho 2 để tìm tổng hai cạnh kề.",
    "level": "chat-luong-cao",
    "type": "l4-bai-31-d3"
  },
  {
    "isTemplate": true,
    "variables": {
      "paraSideA": { "min": 15, "max": 25, "step": 1 },
      "paraSideB": { "min": 20, "max": 30, "step": 1 },
      "squareSide": { "min": 18, "max": 28, "step": 1 }
    },
    "constraints": [
      "variables.paraSideA !== variables.paraSideB"
    ],
    "formulas": {
      "paraPerimeter": "2 * (variables.paraSideA + variables.paraSideB)",
      "squarePerimeter": "4 * variables.squareSide",
      "ans": "Math.abs(this.paraPerimeter - this.squarePerimeter)",
      "w1": "this.paraPerimeter + this.squarePerimeter",
      "w2": "Math.abs(this.paraPerimeter - variables.squareSide)",
      "w3": "Math.abs(this.squarePerimeter - variables.paraSideA)"
    },
    "questionText": "Cô giáo Lan có hai mảnh vải. Một mảnh hình bình hành có các cạnh lần lượt là $ {paraSideA} $ cm và $ {paraSideB} $ cm. Mảnh còn lại là hình vuông có cạnh dài $ {squareSide} $ cm. Hỏi hiệu chu vi của hai mảnh vải đó là bao nhiêu cm?",
    "options": [
      "A. $ {w1} $ cm",
      "B. $ {ans} $ cm",
      "C. $ {w2} $ cm",
      "D. $ {w3} $ cm"
    ],
    "correctIndex": 1,
    "hints": [
      "Tính chu vi của mảnh vải hình bình hành.",
      "Tính chu vi của mảnh vải hình vuông.",
      "Hiệu chu vi là kết quả của phép trừ chu vi lớn hơn cho chu vi nhỏ hơn."
    ],
    "solutionHtml": "Bước 1: Tính chu vi của mảnh vải hình bình hành.<br/>Chu vi hình bình hành là: $ {paraPerimeter} = 2 \\times ({paraSideA} + {paraSideB}) = 2 \\times {2*(variables.paraSideA+variables.paraSideB)/2} = {paraPerimeter} $ (cm).<br/>Bước 2: Tính chu vi của mảnh vải hình vuông.<br/>Chu vi hình vuông là: $ {squarePerimeter} = {squareSide} \\times 4 = {squarePerimeter} $ (cm).<br/>Bước 3: Tính hiệu chu vi của hai mảnh vải.<br/>Hiệu chu vi của hai mảnh vải là: $ {ans} = |{paraPerimeter} - {squarePerimeter}| = {ans} $ (cm).<br/>Vậy, hiệu chu vi của hai mảnh vải đó là $ {ans} $ cm.<br/>Đáp án đúng là B.",
    "tip": "Luôn tính toán cẩn thận từng chu vi của mỗi hình trước khi thực hiện phép so sánh hoặc tìm hiệu.",
    "level": "chat-luong-cao",
    "type": "l4-bai-31-d4"
  },
  {
    "isTemplate": true,
    "variables": {
      "numTiles": { "min": 4, "max": 10, "step": 1 },
      "sideLength": { "min": 10, "max": 20, "step": 1 }
    },
    "constraints": [],
    "formulas": {
      "rhombusPerimeter": "4 * variables.sideLength",
      "totalPerimeter": "variables.numTiles * this.rhombusPerimeter",
      "ans": "variables.sideLength",
      "w1": "this.rhombusPerimeter",
      "w2": "this.totalPerimeter / 4",
      "w3": "this.totalPerimeter / variables.numTiles"
    },
    "questionText": "Sân nhà bạn An được lát bằng $ {numTiles} $ viên gạch hình thoi giống hệt nhau. Tổng chu vi của tất cả các viên gạch là $ {totalPerimeter} $ cm. Hỏi độ dài cạnh của mỗi viên gạch là bao nhiêu cm?",
    "options": [
      "A. $ {w1} $ cm",
      "B. $ {ans} $ cm",
      "C. $ {w2} $ cm",
      "D. $ {w3} $ cm"
    ],
    "correctIndex": 1,
    "hints": [
      "Trước hết, hãy tìm chu vi của một viên gạch hình thoi.",
      "Sau đó, từ chu vi của một viên gạch, em có thể tìm được độ dài cạnh của nó."
    ],
    "solutionHtml": "Bước 1: Tìm chu vi của một viên gạch hình thoi.<br/>Vì có $ {numTiles} $ viên gạch giống hệt nhau và tổng chu vi của tất cả là $ {totalPerimeter} $ cm, nên chu vi của một viên gạch là:<br/>$ {rhombusPerimeter} = {totalPerimeter} \\div {numTiles} = {rhombusPerimeter} $ (cm).<br/>Bước 2: Tìm độ dài cạnh của mỗi viên gạch.<br/>Hình thoi có 4 cạnh bằng nhau, vậy độ dài cạnh của mỗi viên gạch là:<br/>$ {ans} = {rhombusPerimeter} \\div 4 = {ans} $ (cm).<br/>Vậy, độ dài cạnh của mỗi viên gạch là $ {ans} $ cm.<br/>Đáp án đúng là B.",
    "tip": "Đọc kỹ đề bài để xác định phép tính cần thực hiện ở mỗi bước. Đây là bài toán ngược nhiều bước.",
    "level": "chat-luong-cao",
    "type": "l4-bai-31-d5"
  },
  {
    "isTemplate": true,
    "variables": {
      "initialPerimeter": { "min": 80, "max": 160, "step": 4 },
      "increaseAmount": { "min": 2, "max": 5, "step": 1 }
    },
    "constraints": [
      "variables.initialPerimeter % 4 === 0"
    ],
    "formulas": {
      "initialSide": "variables.initialPerimeter / 4",
      "newSide": "this.initialSide + variables.increaseAmount",
      "ans": "4 * this.newSide",
      "w1": "variables.initialPerimeter + variables.increaseAmount",
      "w2": "variables.initialPerimeter + 2 * variables.increaseAmount",
      "w3": "4 * variables.increaseAmount"
    },
    "questionText": "Một tấm biển quảng cáo hình thoi có chu vi là $ {initialPerimeter} $ cm. Nếu người ta tăng độ dài mỗi cạnh của tấm biển thêm $ {increaseAmount} $ cm, thì chu vi mới của tấm biển sẽ là bao nhiêu cm?",
    "options": [
      "A. $ {w1} $ cm",
      "B. $ {ans} $ cm",
      "C. $ {w2} $ cm",
      "D. $ {w3} $ cm"
    ],
    "correctIndex": 1,
    "hints": [
      "Đầu tiên, hãy tính độ dài cạnh ban đầu của tấm biển hình thoi.",
      "Sau đó, tính độ dài cạnh mới sau khi tăng thêm.",
      "Cuối cùng, tính chu vi mới của tấm biển."
    ],
    "solutionHtml": "Bước 1: Tính độ dài cạnh ban đầu của tấm biển hình thoi.<br/>Chu vi hình thoi bằng 4 lần độ dài một cạnh. Vậy độ dài cạnh ban đầu là:<br/>$ {initialSide} = {initialPerimeter} \\div 4 = {initialSide} $ (cm).<br/>Bước 2: Tính độ dài cạnh mới của tấm biển.<br/>Độ dài mỗi cạnh tăng thêm $ {increaseAmount} $ cm, vậy cạnh mới là:<br/>$ {newSide} = {initialSide} + {increaseAmount} = {newSide} $ (cm).<br/>Bước 3: Tính chu vi mới của tấm biển.<br/>Chu vi mới của tấm biển hình thoi là:<br/>$ {ans} = {newSide} \\times 4 = {ans} $ (cm).<br/>Vậy, chu vi mới của tấm biển là $ {ans} $ cm.<br/>Đáp án đúng là B.",
    "tip": "Lưu ý rằng việc tăng độ dài 'mỗi cạnh' sẽ ảnh hưởng đến chu vi theo tỉ lệ của số cạnh của hình đó.",
    "level": "chat-luong-cao",
    "type": "l4-bai-31-d6"
  },
  {
    "isTemplate": true,
    "variables": {
      "totalLength": { "min": 200, "max": 400, "step": 4 },
      "numFrames": { "min": 2, "max": 5, "step": 1 }
    },
    "constraints": [
      "variables.totalLength % variables.numFrames === 0",
      "(variables.totalLength / variables.numFrames) % 4 === 0"
    ],
    "formulas": {
      "ans": "variables.totalLength / variables.numFrames",
      "side": "this.ans / 4",
      "w1": "variables.totalLength - variables.numFrames",
      "w2": "variables.totalLength + variables.numFrames",
      "w3": "variables.totalLength / (variables.numFrames * 2)"
    },
    "questionText": "Bác thợ điện có một sợi dây đồng dài $ {totalLength} $ cm. Bác dùng sợi dây đó để uốn thành $ {numFrames} $ khung hình thoi nhỏ giống hệt nhau. Hỏi chu vi của mỗi khung hình thoi đó là bao nhiêu cm?",
    "options": [
      "A. $ {w1} $ cm",
      "B. $ {ans} $ cm",
      "C. $ {w2} $ cm",
      "D. $ {w3} $ cm"
    ],
    "correctIndex": 1,
    "hints": [
      "Sợi dây đồng được chia đều cho các khung hình thoi.",
      "Tổng chiều dài sợi dây chia cho số khung sẽ ra chu vi của mỗi khung."
    ],
    "solutionHtml": "Để uốn thành $ {numFrames} $ khung hình thoi nhỏ giống hệt nhau từ sợi dây dài $ {totalLength} $ cm, thì mỗi khung hình thoi sẽ có chu vi bằng tổng chiều dài sợi dây chia cho số khung.<br/>Chu vi của mỗi khung hình thoi là:<br/>$ {ans} = {totalLength} \\div {numFrames} = {ans} $ (cm).<br/>Vậy, chu vi của mỗi khung hình thoi là $ {ans} $ cm.<br/>Đáp án đúng là B.",
    "tip": "Chu vi của một hình chính là tổng độ dài các cạnh bao quanh hình đó. Khi chia một sợi dây dài thành các phần bằng nhau để làm khung, mỗi phần chính là chu vi của một khung.",
    "level": "chat-luong-cao",
    "type": "l4-bai-31-d7"
  },
  {
    "isTemplate": true,
    "variables": {},
    "constraints": [],
    "formulas": {},
    "questionText": "Cho một hình bình hành ABCD. Phát biểu nào sau đây là **sai**?",
    "options": [
      "A. Các cạnh đối diện của hình bình hành luôn bằng nhau.",
      "B. Các góc đối diện của hình bình hành luôn bằng nhau.",
      "C. Hình bình hành có hai đường chéo bằng nhau.",
      "D. Chu vi của hình bình hành bằng tổng độ dài hai cạnh kề nhân với 2."
    ],
    "correctIndex": 2,
    "hints": [
      "Nhớ lại các tính chất cơ bản của hình bình hành về cạnh, góc và đường chéo.",
      "Một số hình đặc biệt như hình chữ nhật hoặc hình vuông có đường chéo bằng nhau, nhưng hình bình hành nói chung thì không."
    ],
    "solutionHtml": "Chúng ta hãy xem xét từng phát biểu:<br/>- A. Các cạnh đối diện của hình bình hành luôn bằng nhau. Đây là một tính chất đúng của hình bình hành.<br/>- B. Các góc đối diện của hình bình hành luôn bằng nhau. Đây cũng là một tính chất đúng của hình bình hành.<br/>- C. Hình bình hành có hai đường chéo bằng nhau. Phát biểu này là **sai**. Chỉ có hình chữ nhật và hình vuông (là các trường hợp đặc biệt của hình bình hành) mới có hai đường chéo bằng nhau. Đối với hình bình hành thông thường, hai đường chéo không bằng nhau.<br/>- D. Chu vi của hình bình hành bằng tổng độ dài hai cạnh kề nhân với 2. Đây là công thức tính chu vi hình bình hành, nên là phát biểu đúng.<br/>Vậy, phát biểu sai là C.<br/>Đáp án đúng là C.",
    "tip": "Các tính chất của hình bình hành rất quan trọng. Hãy học thuộc lòng các tính chất về cạnh, góc và đường chéo để không bị nhầm lẫn.",
    "level": "chat-luong-cao",
    "type": "l4-bai-31-d8"
  },
  {
    "isTemplate": true,
    "variables": {},
    "constraints": [],
    "formulas": {},
    "questionText": "Một hình tứ giác có bốn cạnh bằng nhau và các cạnh đối diện song song. Đó là hình gì?",
    "options": [
      "A. Hình bình hành",
      "B. Hình chữ nhật",
      "C. Hình thoi",
      "D. Hình thang"
    ],
    "correctIndex": 2,
    "hints": [
      "Hãy nghĩ về các tính chất của hình thoi và hình bình hành.",
      "Hình thoi có bốn cạnh bằng nhau.",
      "Hình bình hành có các cạnh đối diện song song."
    ],
    "solutionHtml": "Chúng ta hãy phân tích các tính chất được cho:<br/>- 'Có bốn cạnh bằng nhau': Tính chất này đặc trưng cho hình thoi và hình vuông.<br/>- 'Các cạnh đối diện song song': Tính chất này đặc trưng cho hình bình hành (và các hình đặc biệt của nó như hình chữ nhật, hình thoi, hình vuông).<br/>Một hình tứ giác thỏa mãn cả hai tính chất trên là hình thoi. (Hình vuông cũng có các tính chất này, nhưng hình thoi là tên gọi chung và trực tiếp nhất cho một hình bình hành có bốn cạnh bằng nhau).<br/>Đáp án đúng là C.",
    "tip": "Hãy nắm vững định nghĩa và các tính chất của từng loại hình tứ giác. Hình thoi là một trường hợp đặc biệt của hình bình hành, nơi mà tất cả các cạnh đều có cùng độ dài.",
    "level": "chat-luong-cao",
    "type": "l4-bai-31-d9"
  },
  {
    "isTemplate": true,
    "variables": {
      "perimeter": { "min": 60, "max": 100, "step": 4 },
      "sideA": { "min": 10, "max": 20, "step": 1 }
    },
    "constraints": [
      "variables.perimeter % 2 === 0",
      "(variables.perimeter / 2 - variables.sideA) > 0",
      "variables.perimeter % 4 === 0"
    ],
    "formulas": {
      "sideB": "variables.perimeter / 2 - variables.sideA",
      "rhombusSide": "variables.perimeter / 4",
      "ans": "this.rhombusSide",
      "w1": "variables.perimeter / 2",
      "w2": "variables.perimeter / 4 + 2",
      "w3": "variables.sideA"
    },
    "questionText": "Một mảnh vải hình bình hành có chu vi là $ {perimeter} $ cm. Biết rằng chiều dài một cạnh là $ {sideA} $ cm. Để may được một mảnh vải hình thoi có chu vi bằng chu vi mảnh vải hình bình hành này, thì cạnh của mảnh vải hình thoi phải dài bao nhiêu cm?",
    "options": [
      "A. $ {w1} $ cm",
      "B. $ {ans} $ cm",
      "C. $ {w2} $ cm",
      "D. $ {w3} $ cm"
    ],
    "correctIndex": 1,
    "hints": [
      "Đề bài cho biết chu vi của mảnh vải hình bình hành và chu vi của mảnh vải hình thoi là bằng nhau.",
      "Hãy nhớ công thức tính chu vi hình thoi."
    ],
    "solutionHtml": "Theo đề bài, chu vi của mảnh vải hình bình hành bằng chu vi của mảnh vải hình thoi.<br/>Chu vi của mảnh vải hình bình hành là $ {perimeter} $ cm.<br/>Vậy, chu vi của mảnh vải hình thoi cũng là $ {perimeter} $ cm.<br/>Hình thoi có 4 cạnh bằng nhau. Công thức tính chu vi hình thoi là: $ \\text{Chu vi} = \\text{độ dài cạnh} \\times 4 $.<br/>Để tìm độ dài cạnh của mảnh vải hình thoi, ta lấy chu vi chia cho 4:<br/>$ {ans} = {perimeter} \\div 4 = {ans} $ (cm).<br/>Vậy, cạnh của mảnh vải hình thoi phải dài $ {ans} $ cm.<br/>Đáp án đúng là B.",
    "tip": "Đọc kỹ các mối quan hệ giữa các hình trong bài toán. Ở đây, 'chu vi bằng nhau' là thông tin then chốt để giải quyết vấn đề.",
    "level": "chat-luong-cao",
    "type": "l4-bai-31-d10"
  }
]

[RAW AI RESPONSE TEXT]
[
  {
    "isTemplate": true,
    "variables": {
      "sideA": { "min": 15, "max": 30, "step": 1 },
      "sideB": { "min": 25, "max": 40, "step": 1 }
    },
    "constraints": [
      "variables.sideA !== variables.sideB"
    ],
    "formulas": {
      "ans": "2 * (variables.sideA + variables.sideB)",
      "w1": "variables.sideA + variables.sideB",
      "w2": "2 * variables.sideA + variables.sideB",
      "w3": "(variables.sideA + variables.sideB) * 3 / 2"
    },
    "questionText": "Bác thợ mộc làm một khung tranh dán tường hình bình hành có độ dài một cặp cạnh đối là $ {sideA} $ cm và một cặp cạnh đối khác là $ {sideB} $ cm. Hỏi chu vi của khung tranh đó là bao nhiêu cm?",
    "options": [
      "A. $ {w1} $ cm",
      "B. $ {ans} $ cm",
      "C. $ {w2} $ cm",
      "D. $ {w3} $ cm"
    ],
    "correctIndex": 1,
    "hints": [
      "Hình bình hành có hai cặp cạnh đối diện bằng nhau. Chu vi của hình bình hành bằng tổng độ dài hai cạnh kề nhân với 2.",
      "Hãy tính tổng độ dài hai cạnh kề, sau đó nhân với 2 để tìm chu vi."
    ],
    "solutionHtml": "Chu vi của hình bình hành được tính bằng công thức: <br/>$ \\text{Chu vi} = 2 \\times (\\text{cạnh kề 1} + \\text{cạnh kề 2}) $<br/>Áp dụng vào bài toán, chu vi của khung tranh là:<br/>$ {ans} = 2 \\times ({sideA} + {sideB}) = 2 \\times {w1} = {ans} $ (cm).<br/>Vậy, chu vi của khung tranh là $ {ans} $ cm.<br/>Đáp án đúng là B.",
    "tip": "Hãy nhớ rằng hình bình hành có hai cặp cạnh đối diện bằng nhau. Đừng nhầm lẫn với diện tích!",
    "level": "chat-luong-cao",
    "type": "l4-bai-31-d1"
  },
  {
    "isTemplate": true,
    "variables": {
      "side": { "min": 8, "max": 20, "step": 1 }
    },
    "constraints": [],
    "formulas": {
      "ans": "4 * variables.side",
      "w1": "2 * variables.side",
      "w2": "variables.side * variables.side",
      "w3": "3 * variables.side"
    },
    "questionText": "Một khu vườn hình thoi có độ dài cạnh là $ {side} $ m. Để rào xung quanh khu vườn, người ta cần bao nhiêu mét hàng rào?",
    "options": [
      "A. $ {w1} $ m",
      "B. $ {ans} $ m",
      "C. $ {w2} $ m",
      "D. $ {w3} $ m"
    ],
    "correctIndex": 1,
    "hints": [
      "Hình thoi là hình có bốn cạnh bằng nhau.",
      "Chu vi của hình thoi bằng độ dài một cạnh nhân với 4."
    ],
    "solutionHtml": "Hình thoi có 4 cạnh bằng nhau. Để rào xung quanh khu vườn hình thoi, ta cần tính chu vi của nó.<br/>Công thức tính chu vi hình thoi là: <br/>$ \\text{Chu vi} = \\text{độ dài cạnh} \\times 4 $<br/>Áp dụng vào bài toán, số mét hàng rào cần dùng là:<br/>$ {ans} = {side} \\times 4 = {ans} $ (m).<br/>Vậy, người ta cần $ {ans} $ mét hàng rào.<br/>Đáp án đúng là B.",
    "tip": "Đừng nhầm lẫn hình thoi với hình bình hành thông thường khi tính chu vi. Hình thoi có tính chất đặc biệt là các cạnh bằng nhau.",
    "level": "chat-luong-cao",
    "type": "l4-bai-31-d2"
  },
  {
    "isTemplate": true,
    "variables": {
      "perimeter": { "min": 60, "max": 120, "step": 2 },
      "knownSide": { "min": 15, "max": 25, "step": 1 }
    },
    "constraints": [
      "variables.perimeter > 2 * variables.knownSide",
      "(variables.perimeter - 2 * variables.knownSide) % 2 === 0"
    ],
    "formulas": {
      "halfPerimeter": "variables.perimeter / 2",
      "ans": "this.halfPerimeter - variables.knownSide",
      "w1": "this.halfPerimeter + variables.knownSide",
      "w2": "variables.perimeter - variables.knownSide",
      "w3": "variables.knownSide * 2"
    },
    "questionText": "Một mảnh đất hình bình hành có chu vi là $ {perimeter} $ m. Biết một cạnh của mảnh đất dài $ {knownSide} $ m. Hỏi cạnh còn lại của mảnh đất đó dài bao nhiêu mét?",
    "options": [
      "A. $ {w1} $ m",
      "B. $ {ans} $ m",
      "C. $ {w2} $ m",
      "D. $ {w3} $ m"
    ],
    "correctIndex": 1,
    "hints": [
      "Chu vi hình bình hành bằng 2 lần tổng độ dài hai cạnh kề.",
      "Trước hết, hãy tìm tổng độ dài hai cạnh kề của hình bình hành."
    ],
    "solutionHtml": "Chu vi của hình bình hành được tính bằng công thức: $ \\text{Chu vi} = 2 \\times (\\text{cạnh 1} + \\text{cạnh 2}) $. <br/>Vậy, tổng độ dài hai cạnh kề của mảnh đất là:<br/>$ {halfPerimeter} = {perimeter} \\div 2 = {halfPerimeter} $ (m).<br/>Biết một cạnh dài $ {knownSide} $ m, cạnh còn lại sẽ là:<br/>$ {ans} = {halfPerimeter} - {knownSide} = {ans} $ (m).<br/>Vậy, cạnh còn lại của mảnh đất dài $ {ans} $ m.<br/>Đáp án đúng là B.",
    "tip": "Khi giải các bài toán ngược (biết chu vi tìm cạnh), hãy bắt đầu bằng việc chia chu vi cho 2 để tìm tổng hai cạnh kề.",
    "level": "chat-luong-cao",
    "type": "l4-bai-31-d3"
  },
  {
    "isTemplate": true,
    "variables": {
      "paraSideA": { "min": 15, "max": 25, "step": 1 },
      "paraSideB": { "min": 20, "max": 30, "step": 1 },
      "squareSide": { "min": 18, "max": 28, "step": 1 }
    },
    "constraints": [
      "variables.paraSideA !== variables.paraSideB"
    ],
    "formulas": {
      "paraPerimeter": "2 * (variables.paraSideA + variables.paraSideB)",
      "squarePerimeter": "4 * variables.squareSide",
      "ans": "Math.abs(this.paraPerimeter - this.squarePerimeter)",
      "w1": "this.paraPerimeter + this.squarePerimeter",
      "w2": "Math.abs(this.paraPerimeter - variables.squareSide)",
      "w3": "Math.abs(this.squarePerimeter - variables.paraSideA)"
    },
    "questionText": "Cô giáo Lan có hai mảnh vải. Một mảnh hình bình hành có các cạnh lần lượt là $ {paraSideA} $ cm và $ {paraSideB} $ cm. Mảnh còn lại là hình vuông có cạnh dài $ {squareSide} $ cm. Hỏi hiệu chu vi của hai mảnh vải đó là bao nhiêu cm?",
    "options": [
      "A. $ {w1} $ cm",
      "B. $ {ans} $ cm",
      "C. $ {w2} $ cm",
      "D. $ {w3} $ cm"
    ],
    "correctIndex": 1,
    "hints": [
      "Tính chu vi của mảnh vải hình bình hành.",
      "Tính chu vi của mảnh vải hình vuông.",
      "Hiệu chu vi là kết quả của phép trừ chu vi lớn hơn cho chu vi nhỏ hơn."
    ],
    "solutionHtml": "Bước 1: Tính chu vi của mảnh vải hình bình hành.<br/>Chu vi hình bình hành là: $ {paraPerimeter} = 2 \\times ({paraSideA} + {paraSideB}) = 2 \\times {2*(variables.paraSideA+variables.paraSideB)/2} = {paraPerimeter} $ (cm).<br/>Bước 2: Tính chu vi của mảnh vải hình vuông.<br/>Chu vi hình vuông là: $ {squarePerimeter} = {squareSide} \\times 4 = {squarePerimeter} $ (cm).<br/>Bước 3: Tính hiệu chu vi của hai mảnh vải.<br/>Hiệu chu vi của hai mảnh vải là: $ {ans} = |{paraPerimeter} - {squarePerimeter}| = {ans} $ (cm).<br/>Vậy, hiệu chu vi của hai mảnh vải đó là $ {ans} $ cm.<br/>Đáp án đúng là B.",
    "tip": "Luôn tính toán cẩn thận từng chu vi của mỗi hình trước khi thực hiện phép so sánh hoặc tìm hiệu.",
    "level": "chat-luong-cao",
    "type": "l4-bai-31-d4"
  },
  {
    "isTemplate": true,
    "variables": {
      "numTiles": { "min": 4, "max": 10, "step": 1 },
      "sideLength": { "min": 10, "max": 20, "step": 1 }
    },
    "constraints": [],
    "formulas": {
      "rhombusPerimeter": "4 * variables.sideLength",
      "totalPerimeter": "variables.numTiles * this.rhombusPerimeter",
      "ans": "variables.sideLength",
      "w1": "this.rhombusPerimeter",
      "w2": "this.totalPerimeter / 4",
      "w3": "this.totalPerimeter / variables.numTiles"
    },
    "questionText": "Sân nhà bạn An được lát bằng $ {numTiles} $ viên gạch hình thoi giống hệt nhau. Tổng chu vi của tất cả các viên gạch là $ {totalPerimeter} $ cm. Hỏi độ dài cạnh của mỗi viên gạch là bao nhiêu cm?",
    "options": [
      "A. $ {w1} $ cm",
      "B. $ {ans} $ cm",
      "C. $ {w2} $ cm",
      "D. $ {w3} $ cm"
    ],
    "correctIndex": 1,
    "hints": [
      "Trước hết, hãy tìm chu vi của một viên gạch hình thoi.",
      "Sau đó, từ chu vi của một viên gạch, em có thể tìm được độ dài cạnh của nó."
    ],
    "solutionHtml": "Bước 1: Tìm chu vi của một viên gạch hình thoi.<br/>Vì có $ {numTiles} $ viên gạch giống hệt nhau và tổng chu vi của tất cả là $ {totalPerimeter} $ cm, nên chu vi của một viên gạch là:<br/>$ {rhombusPerimeter} = {totalPerimeter} \\div {numTiles} = {rhombusPerimeter} $ (cm).<br/>Bước 2: Tìm độ dài cạnh của mỗi viên gạch.<br/>Hình thoi có 4 cạnh bằng nhau, vậy độ dài cạnh của mỗi viên gạch là:<br/>$ {ans} = {rhombusPerimeter} \\div 4 = {ans} $ (cm).<br/>Vậy, độ dài cạnh của mỗi viên gạch là $ {ans} $ cm.<br/>Đáp án đúng là B.",
    "tip": "Đọc kỹ đề bài để xác định phép tính cần thực hiện ở mỗi bước. Đây là bài toán ngược nhiều bước.",
    "level": "chat-luong-cao",
    "type": "l4-bai-31-d5"
  },
  {
    "isTemplate": true,
    "variables": {
      "initialPerimeter": { "min": 80, "max": 160, "step": 4 },
      "increaseAmount": { "min": 2, "max": 5, "step": 1 }
    },
    "constraints": [
      "variables.initialPerimeter % 4 === 0"
    ],
    "formulas": {
      "initialSide": "variables.initialPerimeter / 4",
      "newSide": "this.initialSide + variables.increaseAmount",
      "ans": "4 * this.newSide",
      "w1": "variables.initialPerimeter + variables.increaseAmount",
      "w2": "variables.initialPerimeter + 2 * variables.increaseAmount",
      "w3": "4 * variables.increaseAmount"
    },
    "questionText": "Một tấm biển quảng cáo hình thoi có chu vi là $ {initialPerimeter} $ cm. Nếu người ta tăng độ dài mỗi cạnh của tấm biển thêm $ {increaseAmount} $ cm, thì chu vi mới của tấm biển sẽ là bao nhiêu cm?",
    "options": [
      "A. $ {w1} $ cm",
      "B. $ {ans} $ cm",
      "C. $ {w2} $ cm",
      "D. $ {w3} $ cm"
    ],
    "correctIndex": 1,
    "hints": [
      "Đầu tiên, hãy tính độ dài cạnh ban đầu của tấm biển hình thoi.",
      "Sau đó, tính độ dài cạnh mới sau khi tăng thêm.",
      "Cuối cùng, tính chu vi mới của tấm biển."
    ],
    "solutionHtml": "Bước 1: Tính độ dài cạnh ban đầu của tấm biển hình thoi.<br/>Chu vi hình thoi bằng 4 lần độ dài một cạnh. Vậy độ dài cạnh ban đầu là:<br/>$ {initialSide} = {initialPerimeter} \\div 4 = {initialSide} $ (cm).<br/>Bước 2: Tính độ dài cạnh mới của tấm biển.<br/>Độ dài mỗi cạnh tăng thêm $ {increaseAmount} $ cm, vậy cạnh mới là:<br/>$ {newSide} = {initialSide} + {increaseAmount} = {newSide} $ (cm).<br/>Bước 3: Tính chu vi mới của tấm biển.<br/>Chu vi mới của tấm biển hình thoi là:<br/>$ {ans} = {newSide} \\times 4 = {ans} $ (cm).<br/>Vậy, chu vi mới của tấm biển là $ {ans} $ cm.<br/>Đáp án đúng là B.",
    "tip": "Lưu ý rằng việc tăng độ dài 'mỗi cạnh' sẽ ảnh hưởng đến chu vi theo tỉ lệ của số cạnh của hình đó.",
    "level": "chat-luong-cao",
    "type": "l4-bai-31-d6"
  },
  {
    "isTemplate": true,
    "variables": {
      "totalLength": { "min": 200, "max": 400, "step": 4 },
      "numFrames": { "min": 2, "max": 5, "step": 1 }
    },
    "constraints": [
      "variables.totalLength % variables.numFrames === 0",
      "(variables.totalLength / variables.numFrames) % 4 === 0"
    ],
    "formulas": {
      "ans": "variables.totalLength / variables.numFrames",
      "side": "this.ans / 4",
      "w1": "variables.totalLength - variables.numFrames",
      "w2": "variables.totalLength + variables.numFrames",
      "w3": "variables.totalLength / (variables.numFrames * 2)"
    },
    "questionText": "Bác thợ điện có một sợi dây đồng dài $ {totalLength} $ cm. Bác dùng sợi dây đó để uốn thành $ {numFrames} $ khung hình thoi nhỏ giống hệt nhau. Hỏi chu vi của mỗi khung hình thoi đó là bao nhiêu cm?",
    "options": [
      "A. $ {w1} $ cm",
      "B. $ {ans} $ cm",
      "C. $ {w2} $ cm",
      "D. $ {w3} $ cm"
    ],
    "correctIndex": 1,
    "hints": [
      "Sợi dây đồng được chia đều cho các khung hình thoi.",
      "Tổng chiều dài sợi dây chia cho số khung sẽ ra chu vi của mỗi khung."
    ],
    "solutionHtml": "Để uốn thành $ {numFrames} $ khung hình thoi nhỏ giống hệt nhau từ sợi dây dài $ {totalLength} $ cm, thì mỗi khung hình thoi sẽ có chu vi bằng tổng chiều dài sợi dây chia cho số khung.<br/>Chu vi của mỗi khung hình thoi là:<br/>$ {ans} = {totalLength} \\div {numFrames} = {ans} $ (cm).<br/>Vậy, chu vi của mỗi khung hình thoi là $ {ans} $ cm.<br/>Đáp án đúng là B.",
    "tip": "Chu vi của một hình chính là tổng độ dài các cạnh bao quanh hình đó. Khi chia một sợi dây dài thành các phần bằng nhau để làm khung, mỗi phần chính là chu vi của một khung.",
    "level": "chat-luong-cao",
    "type": "l4-bai-31-d7"
  },
  {
    "isTemplate": true,
    "variables": {},
    "constraints": [],
    "formulas": {},
    "questionText": "Cho một hình bình hành ABCD. Phát biểu nào sau đây là **sai**?",
    "options": [
      "A. Các cạnh đối diện của hình bình hành luôn bằng nhau.",
      "B. Các góc đối diện của hình bình hành luôn bằng nhau.",
      "C. Hình bình hành có hai đường chéo bằng nhau.",
      "D. Chu vi của hình bình hành bằng tổng độ dài hai cạnh kề nhân với 2."
    ],
    "correctIndex": 2,
    "hints": [
      "Nhớ lại các tính chất cơ bản của hình bình hành về cạnh, góc và đường chéo.",
      "Một số hình đặc biệt như hình chữ nhật hoặc hình vuông có đường chéo bằng nhau, nhưng hình bình hành nói chung thì không."
    ],
    "solutionHtml": "Chúng ta hãy xem xét từng phát biểu:<br/>- A. Các cạnh đối diện của hình bình hành luôn bằng nhau. Đây là một tính chất đúng của hình bình hành.<br/>- B. Các góc đối diện của hình bình hành luôn bằng nhau. Đây cũng là một tính chất đúng của hình bình hành.<br/>- C. Hình bình hành có hai đường chéo bằng nhau. Phát biểu này là **sai**. Chỉ có hình chữ nhật và hình vuông (là các trường hợp đặc biệt của hình bình hành) mới có hai đường chéo bằng nhau. Đối với hình bình hành thông thường, hai đường chéo không bằng nhau.<br/>- D. Chu vi của hình bình hành bằng tổng độ dài hai cạnh kề nhân với 2. Đây là công thức tính chu vi hình bình hành, nên là phát biểu đúng.<br/>Vậy, phát biểu sai là C.<br/>Đáp án đúng là C.",
    "tip": "Các tính chất của hình bình hành rất quan trọng. Hãy học thuộc lòng các tính chất về cạnh, góc và đường chéo để không bị nhầm lẫn.",
    "level": "chat-luong-cao",
    "type": "l4-bai-31-d8"
  },
  {
    "isTemplate": true,
    "variables": {},
    "constraints": [],
    "formulas": {},
    "questionText": "Một hình tứ giác có bốn cạnh bằng nhau và các cạnh đối diện song song. Đó là hình gì?",
    "options": [
      "A. Hình bình hành",
      "B. Hình chữ nhật",
      "C. Hình thoi",
      "D. Hình thang"
    ],
    "correctIndex": 2,
    "hints": [
      "Hãy nghĩ về các tính chất của hình thoi và hình bình hành.",
      "Hình thoi có bốn cạnh bằng nhau.",
      "Hình bình hành có các cạnh đối diện song song."
    ],
    "solutionHtml": "Chúng ta hãy phân tích các tính chất được cho:<br/>- 'Có bốn cạnh bằng nhau': Tính chất này đặc trưng cho hình thoi và hình vuông.<br/>- 'Các cạnh đối diện song song': Tính chất này đặc trưng cho hình bình hành (và các hình đặc biệt của nó như hình chữ nhật, hình thoi, hình vuông).<br/>Một hình tứ giác thỏa mãn cả hai tính chất trên là hình thoi. (Hình vuông cũng có các tính chất này, nhưng hình thoi là tên gọi chung và trực tiếp nhất cho một hình bình hành có bốn cạnh bằng nhau).<br/>Đáp án đúng là C.",
    "tip": "Hãy nắm vững định nghĩa và các tính chất của từng loại hình tứ giác. Hình thoi là một trường hợp đặc biệt của hình bình hành, nơi mà tất cả các cạnh đều có cùng độ dài.",
    "level": "chat-luong-cao",
    "type": "l4-bai-31-d9"
  },
  {
    "isTemplate": true,
    "variables": {
      "perimeter": { "min": 60, "max": 100, "step": 4 },
      "sideA": { "min": 10, "max": 20, "step": 1 }
    },
    "constraints": [
      "variables.perimeter % 2 === 0",
      "(variables.perimeter / 2 - variables.sideA) > 0",
      "variables.perimeter % 4 === 0"
    ],
    "formulas": {
      "sideB": "variables.perimeter / 2 - variables.sideA",
      "rhombusSide": "variables.perimeter / 4",
      "ans": "this.rhombusSide",
      "w1": "variables.perimeter / 2",
      "w2": "variables.perimeter / 4 + 2",
      "w3": "variables.sideA"
    },
    "questionText": "Một mảnh vải hình bình hành có chu vi là $ {perimeter} $ cm. Biết rằng chiều dài một cạnh là $ {sideA} $ cm. Để may được một mảnh vải hình thoi có chu vi bằng chu vi mảnh vải hình bình hành này, thì cạnh của mảnh vải hình thoi phải dài bao nhiêu cm?",
    "options": [
      "A. $ {w1} $ cm",
      "B. $ {ans} $ cm",
      "C. $ {w2} $ cm",
      "D. $ {w3} $ cm"
    ],
    "correctIndex": 1,
    "hints": [
      "Đề bài cho biết chu vi của mảnh vải hình bình hành và chu vi của mảnh vải hình thoi là bằng nhau.",
      "Hãy nhớ công thức tính chu vi hình thoi."
    ],
    "solutionHtml": "Theo đề bài, chu vi của mảnh vải hình bình hành bằng chu vi của mảnh vải hình thoi.<br/>Chu vi của mảnh vải hình bình hành là $ {perimeter} $ cm.<br/>Vậy, chu vi của mảnh vải hình thoi cũng là $ {perimeter} $ cm.<br/>Hình thoi có 4 cạnh bằng nhau. Công thức tính chu vi hình thoi là: $ \\text{Chu vi} = \\text{độ dài cạnh} \\times 4 $.<br/>Để tìm độ dài cạnh của mảnh vải hình thoi, ta lấy chu vi chia cho 4:<br/>$ {ans} = {perimeter} \\div 4 = {ans} $ (cm).<br/>Vậy, cạnh của mảnh vải hình thoi phải dài $ {ans} $ cm.<br/>Đáp án đúng là B.",
    "tip": "Đọc kỹ các mối quan hệ giữa các hình trong bài toán. Ở đây, 'chu vi bằng nhau' là thông tin then chốt để giải quyết vấn đề.",
    "level": "chat-luong-cao",
    "type": "l4-bai-31-d10"
  }
]

