==================================================
AI GENERATION ERROR REPORT
Time: 2026-07-13T23:48:53.677Z
Lesson ID: eng4-t8
Lesson Title: Unit 8: My favourite subjects
==================================================

[ERROR DETAILS]
Unexpected non-whitespace character after JSON at position 11399 (line 397 column 1)
SyntaxError: Unexpected non-whitespace character after JSON at position 11399 (line 397 column 1)
    at JSON.parse (<anonymous>)
    at auditMathQuestions (F:\KHQS\AntiGravity\HocTap\server.js:1130:17)
    at process.processTicksAndRejections (node:internal/process/task_queues:104:5)
    at async F:\KHQS\AntiGravity\HocTap\server.js:3840:20

[JSON DIAGNOSTICS]
Error Position: 11399 (Line: 278, Column: 2)
Character causing error: "EOF"

Context:
... >>>[LỖI TẠI ĐÂY]<<< ...

[CLEANED JSON TEXT]
[
  {
    "isTemplate": true,
    "variables": {
      "a": { "min": 20, "max": 50, "step": 5 },
      "b": { "min": 3, "max": 8, "step": 1 }
    },
    "constraints": ["(a % b) === 0"],
    "formulas": {
      "ans": "a / b",
      "w1_goc": "a / b + 2",
      "w2_goc": "a / b - 1",
      "w3_goc": "a / b + 4",
      "w1": "w1_goc",
      "w2": "(w2_goc === ans || w2_goc === w1) ? ans + 3 : w2_goc",
      "w3": "(w3_goc === ans || w3_goc === w1 || w3_goc === w2) ? ans + 5 : w3_goc"
    },
    "questionText": "Trong lớp 4A, cô giáo chia {a} cuốn sách bài tập tiếng Anh cho {b} tổ, biết rằng mỗi tổ nhận được số lượng sách bằng nhau. Hỏi mỗi tổ nhận được bao nhiêu cuốn sách?",
    "options": [
      "A. {w1} cuốn sách",
      "B. {ans} cuốn sách",
      "C. {w2} cuốn sách",
      "D. {w3} cuốn sách"
    ],
    "correctIndex": 1,
    "hints": [
      "Để tìm số sách mỗi tổ nhận được, ta lấy tổng số sách là {a} chia cho {b} tổ.",
      "Thực hiện phép tính $ {a} : {b} $."
    ],
    "solutionHtml": "Mỗi tổ nhận được số cuốn sách là:<br/>$ {a} : {b} = {ans} $ (cuốn sách).<br/>Đáp án đúng là B.",
    "tip": "Khi bài toán yêu cầu chia đều, ta luôn thực hiện phép tính chia.",
    "level": "chat-luong-cao",
    "type": "eng4-t8-d1"
  },
  {
    "isTemplate": true,
    "variables": {
      "a": { "min": 5, "max": 12, "step": 1 },
      "b": { "min": 2, "max": 4, "step": 1 }
    },
    "constraints": ["true"],
    "formulas": {
      "ans": "a * b",
      "w1": "a + b + 10",
      "w2": "a * b + 2",
      "w3": "a * b - 1"
    },
    "questionText": "Bạn An yêu thích môn Toán nên đã giải được {a} bài tập mỗi ngày trong {b} ngày liên tiếp. Hỏi bạn An đã giải được bao nhiêu bài tập?",
    "options": [
      "A. {w1} bài tập",
      "B. {ans} bài tập",
      "C. {w2} bài tập",
      "D. {w3} bài tập"
    ],
    "correctIndex": 1,
    "hints": ["Tính tổng số bài tập bằng cách lấy số bài mỗi ngày nhân với số ngày."],
    "solutionHtml": "Số bài tập An giải được là:<br/>$ {a} \\times {b} = {ans} $ (bài tập).<br/>Đáp án đúng là B.",
    "tip": "Với các bài toán về số lượng trong một khoảng thời gian, ta sử dụng phép nhân.",
    "level": "chat-luong-cao",
    "type": "eng4-t8-d2"
  },
  {
    "isTemplate": true,
    "variables": {
      "a": { "min": 10, "max": 20, "step": 2 },
      "b": { "min": 5, "max": 15, "step": 1 }
    },
    "constraints": ["a > b"],
    "formulas": {
      "ans": "a - b",
      "w1": "a + b",
      "w2": "a - b + 3",
      "w3": "a - b - 2"
    },
    "questionText": "Minh có {a} bút chì màu để vẽ tranh. Trong giờ học Mỹ thuật, Minh đã sử dụng hết {b} chiếc. Hỏi Minh còn lại bao nhiêu chiếc bút chì màu?",
    "options": [
      "A. {w1} chiếc",
      "B. {ans} chiếc",
      "C. {w2} chiếc",
      "D. {w3} chiếc"
    ],
    "correctIndex": 1,
    "hints": ["Sử dụng phép trừ để tìm số lượng còn lại."],
    "solutionHtml": "Số bút chì màu Minh còn lại là:<br/>$ {a} - {b} = {ans} $ (chiếc).<br/>Đáp án đúng là B.",
    "tip": "Từ 'còn lại' thường gợi ý cho chúng ta phép tính trừ.",
    "level": "chat-luong-cao",
    "type": "eng4-t8-d3"
  },
  {
    "isTemplate": true,
    "variables": {
      "a": { "min": 4, "max": 8, "step": 1 },
      "b": { "min": 5, "max": 10, "step": 1 }
    },
    "constraints": ["true"],
    "formulas": {
      "ans": "a + b",
      "w1": "a * b",
      "w2": "a + b + 5",
      "w3": "a + b - 1"
    },
    "questionText": "Trong câu lạc bộ Tiếng Anh, có {a} bạn nam và {b} bạn nữ tham gia dự án. Hỏi câu lạc bộ có tất cả bao nhiêu bạn tham gia?",
    "options": [
      "A. {w1} bạn",
      "B. {ans} bạn",
      "C. {w2} bạn",
      "D. {w3} bạn"
    ],
    "correctIndex": 1,
    "hints": ["Cộng số bạn nam và số bạn nữ lại với nhau."],
    "solutionHtml": "Tổng số bạn tham gia là:<br/>$ {a} + {b} = {ans} $ (bạn).<br/>Đáp án đúng là B.",
    "tip": "Khi hỏi tổng số lượng, ta sử dụng phép cộng.",
    "level": "chat-luong-cao",
    "type": "eng4-t8-d4"
  },
  {
    "isTemplate": true,
    "variables": {
      "a": { "min": 3, "max": 6, "step": 1 },
      "b": { "min": 10, "max": 20, "step": 2 }
    },
    "constraints": ["true"],
    "formulas": {
      "ans": "a * b",
      "w1": "a + b",
      "w2": "a * b + 5",
      "w3": "a * b - 3"
    },
    "questionText": "Mỗi tiết học Tiếng Anh kéo dài {b} phút. Hỏi trong {a} tiết học, tổng thời gian học là bao nhiêu phút?",
    "options": [
      "A. {w1} phút",
      "B. {ans} phút",
      "C. {w2} phút",
      "D. {w3} phút"
    ],
    "correctIndex": 1,
    "hints": ["Nhân thời gian một tiết với số tiết học."],
    "solutionHtml": "Tổng thời gian học là:<br/>$ {b} \\times {a} = {ans} $ (phút).<br/>Đáp án đúng là B.",
    "tip": "Để tính tổng thời gian của nhiều phần bằng nhau, ta dùng phép nhân.",
    "level": "chat-luong-cao",
    "type": "eng4-t8-d5"
  },
  {
    "isTemplate": true,
    "variables": {
      "a": { "min": 40, "max": 80, "step": 5 },
      "b": { "min": 2, "max": 4, "step": 1 }
    },
    "constraints": ["a % b === 0"],
    "formulas": {
      "ans": "a / b",
      "w1": "a / b + 10",
      "w2": "a / b - 5",
      "w3": "a / b + 2"
    },
    "questionText": "Cả khối lớp 4 có {a} học sinh đăng ký học ngoại khóa. Biết rằng số học sinh này được chia đều vào {b} lớp khác nhau. Hỏi mỗi lớp có bao nhiêu học sinh?",
    "options": [
      "A. {w1} học sinh",
      "B. {ans} học sinh",
      "C. {w2} học sinh",
      "D. {w3} học sinh"
    ],
    "correctIndex": 1,
    "hints": ["Chia tổng số học sinh cho số lớp."],
    "solutionHtml": "Số học sinh mỗi lớp là:<br/>$ {a} : {b} = {ans} $ (học sinh).<br/>Đáp án đúng là B.",
    "tip": "Phép chia được sử dụng để phân phối đều một lượng tổng thể.",
    "level": "chat-luong-cao",
    "type": "eng4-t8-d6"
  },
  {
    "isTemplate": true,
    "variables": {
      "a": { "min": 10, "max": 30, "step": 2 },
      "b": { "min": 5, "max": 15, "step": 1 }
    },
    "constraints": ["a > b"],
    "formulas": {
      "ans": "a - b",
      "w1": "a + b",
      "w2": "a - b + 2",
      "w3": "a - b - 1"
    },
    "questionText": "Bạn Mai có {a} cuốn truyện tranh tiếng Anh. Bạn cho Lan mượn {b} cuốn. Hỏi Mai còn lại bao nhiêu cuốn truyện?",
    "options": [
      "A. {w1} cuốn",
      "B. {ans} cuốn",
      "C. {w2} cuốn",
      "D. {w3} cuốn"
    ],
    "correctIndex": 1,
    "hints": ["Lấy số truyện ban đầu trừ đi số truyện đã cho mượn."],
    "solutionHtml": "Số truyện Mai còn lại là:<br/>$ {a} - {b} = {ans} $ (cuốn).<br/>Đáp án đúng là B.",
    "tip": "Khi bớt đi một lượng, ta thực hiện phép trừ.",
    "level": "chat-luong-cao",
    "type": "eng4-t8-d7"
  },
  {
    "isTemplate": true,
    "variables": {
      "a": { "min": 2, "max": 5, "step": 1 },
      "b": { "min": 3, "max": 6, "step": 1 }
    },
    "constraints": ["true"],
    "formulas": {
      "ans": "a + b + 7",
      "w1": "a + b",
      "w2": "a + b + 5",
      "w3": "a + b + 9"
    },
    "questionText": "Hôm nay, Nam học {a} tiết Toán và {b} tiết Tiếng Anh. Ngoài ra, Nam còn học thêm 7 tiết tự học. Hỏi tổng số tiết học của Nam hôm nay là bao nhiêu?",
    "options": [
      "A. {w1} tiết",
      "B. {ans} tiết",
      "C. {w2} tiết",
      "D. {w3} tiết"
    ],
    "correctIndex": 1,
    "hints": ["Cộng số tiết các môn học và số tiết tự học lại với nhau."],
    "solutionHtml": "Tổng số tiết học là:<br/>$ {a} + {b} + 7 = {ans} $ (tiết).<br/>Đáp án đúng là B.",
    "tip": "Tính tổng các thành phần bằng phép cộng.",
    "level": "chat-luong-cao",
    "type": "eng4-t8-d8"
  },
  {
    "isTemplate": true,
    "variables": {
      "a": { "min": 10, "max": 25, "step": 1 },
      "b": { "min": 2, "max": 5, "step": 1 }
    },
    "constraints": ["a % b === 0"],
    "formulas": {
      "ans": "a / b",
      "w1": "a + b",
      "w2": "a / b + 3",
      "w3": "a / b - 2"
    },
    "questionText": "Có {a} chiếc bút được chia đều vào {b} hộp. Hỏi mỗi hộp có bao nhiêu chiếc bút?",
    "options": [
      "A. {w1} chiếc",
      "B. {ans} chiếc",
      "C. {w2} chiếc",
      "D. {w3} chiếc"
    ],
    "correctIndex": 1,
    "hints": ["Chia đều số bút vào các hộp."],
    "solutionHtml": "Số bút mỗi hộp là:<br/>$ {a} : {b} = {ans} $ (chiếc).<br/>Đáp án đúng là B.",
    "tip": "Chia đều là phép tính cơ bản trong bài toán chia.",
    "level": "chat-luong-cao",
    "type": "eng4-t8-d9"
  },
  {
    "isTemplate": true,
    "variables": {
      "a": { "min": 3, "max": 9, "step": 1 },
      "b": { "min": 4, "max": 8, "step": 1 }
    },
    "constraints": ["true"],
    "formulas": {
      "ans": "a * b",
      "w1": "a + b",
      "w2": "a * b + 4",
      "w3": "a * b - 2"
    },
    "questionText": "Một kệ sách có {a} ngăn, mỗi ngăn chứa {b} cuốn sách. Hỏi kệ sách có tất cả bao nhiêu cuốn sách?",
    "options": [
      "A. {w1} cuốn",
      "B. {ans} cuốn",
      "C. {w2} cuốn",
      "D. {w3} cuốn"
    ],
    "correctIndex": 1,
    "hints": ["Lấy số ngăn nhân với số sách trên mỗi ngăn."],
    "solutionHtml": "Tổng số sách là:<br/>$ {a} \\times {b} = {ans} $ (cuốn).<br/>Đáp án đúng là B.",
    "tip": "Khi biết số lượng trong một nhóm và số nhóm, ta dùng phép nhân.",
    "level": "chat-luong-cao",
    "type": "eng4-t8-d10"
  }
]

[RAW AI RESPONSE TEXT]
[
  {
    "isTemplate": true,
    "variables": {
      "a": { "min": 20, "max": 50, "step": 5 },
      "b": { "min": 3, "max": 8, "step": 1 }
    },
    "constraints": ["(a % b) === 0"],
    "formulas": {
      "ans": "a / b",
      "w1_goc": "a / b + 2",
      "w2_goc": "a / b - 1",
      "w3_goc": "a / b + 4",
      "w1": "w1_goc",
      "w2": "(w2_goc === ans || w2_goc === w1) ? ans + 3 : w2_goc",
      "w3": "(w3_goc === ans || w3_goc === w1 || w3_goc === w2) ? ans + 5 : w3_goc"
    },
    "questionText": "Trong lớp 4A, cô giáo chia {a} cuốn sách bài tập tiếng Anh cho {b} tổ, biết rằng mỗi tổ nhận được số lượng sách bằng nhau. Hỏi mỗi tổ nhận được bao nhiêu cuốn sách?",
    "options": [
      "A. {w1} cuốn sách",
      "B. {ans} cuốn sách",
      "C. {w2} cuốn sách",
      "D. {w3} cuốn sách"
    ],
    "correctIndex": 1,
    "hints": [
      "Để tìm số sách mỗi tổ nhận được, ta lấy tổng số sách là {a} chia cho {b} tổ.",
      "Thực hiện phép tính $ {a} : {b} $."
    ],
    "solutionHtml": "Mỗi tổ nhận được số cuốn sách là:<br/>$ {a} : {b} = {ans} $ (cuốn sách).<br/>Đáp án đúng là B.",
    "tip": "Khi bài toán yêu cầu chia đều, ta luôn thực hiện phép tính chia.",
    "level": "chat-luong-cao",
    "type": "eng4-t8-d1"
  },
  {
    "isTemplate": true,
    "variables": {
      "a": { "min": 5, "max": 12, "step": 1 },
      "b": { "min": 2, "max": 4, "step": 1 }
    },
    "constraints": ["true"],
    "formulas": {
      "ans": "a * b",
      "w1": "a + b + 10",
      "w2": "a * b + 2",
      "w3": "a * b - 1"
    },
    "questionText": "Bạn An yêu thích môn Toán nên đã giải được {a} bài tập mỗi ngày trong {b} ngày liên tiếp. Hỏi bạn An đã giải được bao nhiêu bài tập?",
    "options": [
      "A. {w1} bài tập",
      "B. {ans} bài tập",
      "C. {w2} bài tập",
      "D. {w3} bài tập"
    ],
    "correctIndex": 1,
    "hints": ["Tính tổng số bài tập bằng cách lấy số bài mỗi ngày nhân với số ngày."],
    "solutionHtml": "Số bài tập An giải được là:<br/>$ {a} \\times {b} = {ans} $ (bài tập).<br/>Đáp án đúng là B.",
    "tip": "Với các bài toán về số lượng trong một khoảng thời gian, ta sử dụng phép nhân.",
    "level": "chat-luong-cao",
    "type": "eng4-t8-d2"
  },
  {
    "isTemplate": true,
    "variables": {
      "a": { "min": 10, "max": 20, "step": 2 },
      "b": { "min": 5, "max": 15, "step": 1 }
    },
    "constraints": ["a > b"],
    "formulas": {
      "ans": "a - b",
      "w1": "a + b",
      "w2": "a - b + 3",
      "w3": "a - b - 2"
    },
    "questionText": "Minh có {a} bút chì màu để vẽ tranh. Trong giờ học Mỹ thuật, Minh đã sử dụng hết {b} chiếc. Hỏi Minh còn lại bao nhiêu chiếc bút chì màu?",
    "options": [
      "A. {w1} chiếc",
      "B. {ans} chiếc",
      "C. {w2} chiếc",
      "D. {w3} chiếc"
    ],
    "correctIndex": 1,
    "hints": ["Sử dụng phép trừ để tìm số lượng còn lại."],
    "solutionHtml": "Số bút chì màu Minh còn lại là:<br/>$ {a} - {b} = {ans} $ (chiếc).<br/>Đáp án đúng là B.",
    "tip": "Từ 'còn lại' thường gợi ý cho chúng ta phép tính trừ.",
    "level": "chat-luong-cao",
    "type": "eng4-t8-d3"
  },
  {
    "isTemplate": true,
    "variables": {
      "a": { "min": 4, "max": 8, "step": 1 },
      "b": { "min": 5, "max": 10, "step": 1 }
    },
    "constraints": ["true"],
    "formulas": {
      "ans": "a + b",
      "w1": "a * b",
      "w2": "a + b + 5",
      "w3": "a + b - 1"
    },
    "questionText": "Trong câu lạc bộ Tiếng Anh, có {a} bạn nam và {b} bạn nữ tham gia dự án. Hỏi câu lạc bộ có tất cả bao nhiêu bạn tham gia?",
    "options": [
      "A. {w1} bạn",
      "B. {ans} bạn",
      "C. {w2} bạn",
      "D. {w3} bạn"
    ],
    "correctIndex": 1,
    "hints": ["Cộng số bạn nam và số bạn nữ lại với nhau."],
    "solutionHtml": "Tổng số bạn tham gia là:<br/>$ {a} + {b} = {ans} $ (bạn).<br/>Đáp án đúng là B.",
    "tip": "Khi hỏi tổng số lượng, ta sử dụng phép cộng.",
    "level": "chat-luong-cao",
    "type": "eng4-t8-d4"
  },
  {
    "isTemplate": true,
    "variables": {
      "a": { "min": 3, "max": 6, "step": 1 },
      "b": { "min": 10, "max": 20, "step": 2 }
    },
    "constraints": ["true"],
    "formulas": {
      "ans": "a * b",
      "w1": "a + b",
      "w2": "a * b + 5",
      "w3": "a * b - 3"
    },
    "questionText": "Mỗi tiết học Tiếng Anh kéo dài {b} phút. Hỏi trong {a} tiết học, tổng thời gian học là bao nhiêu phút?",
    "options": [
      "A. {w1} phút",
      "B. {ans} phút",
      "C. {w2} phút",
      "D. {w3} phút"
    ],
    "correctIndex": 1,
    "hints": ["Nhân thời gian một tiết với số tiết học."],
    "solutionHtml": "Tổng thời gian học là:<br/>$ {b} \\times {a} = {ans} $ (phút).<br/>Đáp án đúng là B.",
    "tip": "Để tính tổng thời gian của nhiều phần bằng nhau, ta dùng phép nhân.",
    "level": "chat-luong-cao",
    "type": "eng4-t8-d5"
  },
  {
    "isTemplate": true,
    "variables": {
      "a": { "min": 40, "max": 80, "step": 5 },
      "b": { "min": 2, "max": 4, "step": 1 }
    },
    "constraints": ["a % b === 0"],
    "formulas": {
      "ans": "a / b",
      "w1": "a / b + 10",
      "w2": "a / b - 5",
      "w3": "a / b + 2"
    },
    "questionText": "Cả khối lớp 4 có {a} học sinh đăng ký học ngoại khóa. Biết rằng số học sinh này được chia đều vào {b} lớp khác nhau. Hỏi mỗi lớp có bao nhiêu học sinh?",
    "options": [
      "A. {w1} học sinh",
      "B. {ans} học sinh",
      "C. {w2} học sinh",
      "D. {w3} học sinh"
    ],
    "correctIndex": 1,
    "hints": ["Chia tổng số học sinh cho số lớp."],
    "solutionHtml": "Số học sinh mỗi lớp là:<br/>$ {a} : {b} = {ans} $ (học sinh).<br/>Đáp án đúng là B.",
    "tip": "Phép chia được sử dụng để phân phối đều một lượng tổng thể.",
    "level": "chat-luong-cao",
    "type": "eng4-t8-d6"
  },
  {
    "isTemplate": true,
    "variables": {
      "a": { "min": 10, "max": 30, "step": 2 },
      "b": { "min": 5, "max": 15, "step": 1 }
    },
    "constraints": ["a > b"],
    "formulas": {
      "ans": "a - b",
      "w1": "a + b",
      "w2": "a - b + 2",
      "w3": "a - b - 1"
    },
    "questionText": "Bạn Mai có {a} cuốn truyện tranh tiếng Anh. Bạn cho Lan mượn {b} cuốn. Hỏi Mai còn lại bao nhiêu cuốn truyện?",
    "options": [
      "A. {w1} cuốn",
      "B. {ans} cuốn",
      "C. {w2} cuốn",
      "D. {w3} cuốn"
    ],
    "correctIndex": 1,
    "hints": ["Lấy số truyện ban đầu trừ đi số truyện đã cho mượn."],
    "solutionHtml": "Số truyện Mai còn lại là:<br/>$ {a} - {b} = {ans} $ (cuốn).<br/>Đáp án đúng là B.",
    "tip": "Khi bớt đi một lượng, ta thực hiện phép trừ.",
    "level": "chat-luong-cao",
    "type": "eng4-t8-d7"
  },
  {
    "isTemplate": true,
    "variables": {
      "a": { "min": 2, "max": 5, "step": 1 },
      "b": { "min": 3, "max": 6, "step": 1 }
    },
    "constraints": ["true"],
    "formulas": {
      "ans": "a + b + 7",
      "w1": "a + b",
      "w2": "a + b + 5",
      "w3": "a + b + 9"
    },
    "questionText": "Hôm nay, Nam học {a} tiết Toán và {b} tiết Tiếng Anh. Ngoài ra, Nam còn học thêm 7 tiết tự học. Hỏi tổng số tiết học của Nam hôm nay là bao nhiêu?",
    "options": [
      "A. {w1} tiết",
      "B. {ans} tiết",
      "C. {w2} tiết",
      "D. {w3} tiết"
    ],
    "correctIndex": 1,
    "hints": ["Cộng số tiết các môn học và số tiết tự học lại với nhau."],
    "solutionHtml": "Tổng số tiết học là:<br/>$ {a} + {b} + 7 = {ans} $ (tiết).<br/>Đáp án đúng là B.",
    "tip": "Tính tổng các thành phần bằng phép cộng.",
    "level": "chat-luong-cao",
    "type": "eng4-t8-d8"
  },
  {
    "isTemplate": true,
    "variables": {
      "a": { "min": 10, "max": 25, "step": 1 },
      "b": { "min": 2, "max": 5, "step": 1 }
    },
    "constraints": ["a % b === 0"],
    "formulas": {
      "ans": "a / b",
      "w1": "a + b",
      "w2": "a / b + 3",
      "w3": "a / b - 2"
    },
    "questionText": "Có {a} chiếc bút được chia đều vào {b} hộp. Hỏi mỗi hộp có bao nhiêu chiếc bút?",
    "options": [
      "A. {w1} chiếc",
      "B. {ans} chiếc",
      "C. {w2} chiếc",
      "D. {w3} chiếc"
    ],
    "correctIndex": 1,
    "hints": ["Chia đều số bút vào các hộp."],
    "solutionHtml": "Số bút mỗi hộp là:<br/>$ {a} : {b} = {ans} $ (chiếc).<br/>Đáp án đúng là B.",
    "tip": "Chia đều là phép tính cơ bản trong bài toán chia.",
    "level": "chat-luong-cao",
    "type": "eng4-t8-d9"
  },
  {
    "isTemplate": true,
    "variables": {
      "a": { "min": 3, "max": 9, "step": 1 },
      "b": { "min": 4, "max": 8, "step": 1 }
    },
    "constraints": ["true"],
    "formulas": {
      "ans": "a * b",
      "w1": "a + b",
      "w2": "a * b + 4",
      "w3": "a * b - 2"
    },
    "questionText": "Một kệ sách có {a} ngăn, mỗi ngăn chứa {b} cuốn sách. Hỏi kệ sách có tất cả bao nhiêu cuốn sách?",
    "options": [
      "A. {w1} cuốn",
      "B. {ans} cuốn",
      "C. {w2} cuốn",
      "D. {w3} cuốn"
    ],
    "correctIndex": 1,
    "hints": ["Lấy số ngăn nhân với số sách trên mỗi ngăn."],
    "solutionHtml": "Tổng số sách là:<br/>$ {a} \\times {b} = {ans} $ (cuốn).<br/>Đáp án đúng là B.",
    "tip": "Khi biết số lượng trong một nhóm và số nhóm, ta dùng phép nhân.",
    "level": "chat-luong-cao",
    "type": "eng4-t8-d10"
  }
]

