==================================================
AI GENERATION ERROR REPORT
Time: 2026-07-05T05:22:14.711Z
Lesson ID: l4-bai-49
Lesson Title: Bài 49: Dãy số liệu thống kê
==================================================

[ERROR DETAILS]
Toàn bộ API Keys đều gặp sự cố: Tài khoản API hết hạn ngạch ngày (Quota Exceeded - 429): {
  "error": {
    "code": 429,
    "message": "You exceeded your current quota, please check your plan and billing details. For more information on t
Error: Toàn bộ API Keys đều gặp sự cố: Tài khoản API hết hạn ngạch ngày (Quota Exceeded - 429): {
  "error": {
    "code": 429,
    "message": "You exceeded your current quota, please check your plan and billing details. For more information on t
    at callGeminiAPI (F:\KHQS\AntiGravity\HocTap\server.js:517:9)
    at async auditMathQuestions (F:\KHQS\AntiGravity\HocTap\server.js:539:18)
    at async F:\KHQS\AntiGravity\HocTap\server.js:1671:20

[JSON DIAGNOSTICS]
No specific JSON position found in error message.

[CLEANED JSON TEXT]
[
  {
    "isTemplate": true,
    "variables": {
      "heightA": { "min": 120, "max": 140, "step": 1 },
      "heightB": { "min": 120, "max": 140, "step": 1 },
      "heightC": { "min": 120, "max": 140, "step": 1 },
      "heightD": { "min": 120, "max": 140, "step": 1 },
      "heightE": { "min": 120, "max": 140, "step": 1 },
      "nameA": { "type": "string", "options": ["An", "Bình", "Cường", "Đăng", "Mai", "Hương"] },
      "nameB": { "type": "string", "options": ["An", "Bình", "Cường", "Đăng", "Mai", "Hương"] },
      "nameC": { "type": "string", "options": ["An", "Bình", "Cường", "Đăng", "Mai", "Hương"] },
      "nameD": { "type": "string", "options": ["An", "Bình", "Cường", "Đăng", "Mai", "Hương"] },
      "nameE": { "type": "string", "options": ["An", "Bình", "Cường", "Đăng", "Mai", "Hương"] }
    },
    "constraints": [
      "heightA !== heightB", "heightA !== heightC", "heightA !== heightD", "heightA !== heightE",
      "heightB !== heightC", "heightB !== heightD", "heightB !== heightE",
      "heightC !== heightD", "heightC !== heightE",
      "heightD !== heightE",
      "nameA !== nameB", "nameA !== nameC", "nameA !== nameD", "nameA !== nameE",
      "nameB !== nameC", "nameB !== nameD", "nameB !== nameE",
      "nameC !== nameD", "nameC !== nameE",
      "nameD !== nameE"
    ],
    "formulas": {
      "maxHeight": "Math.max(variables.heightA, variables.heightB, variables.heightC, variables.heightD, variables.heightE)",
      "minHeight": "Math.min(variables.heightA, variables.heightB, variables.heightC, variables.heightD, variables.heightE)",
      "ans": "formulas.maxHeight - formulas.minHeight",
      "w1": "formulas.maxHeight + formulas.minHeight",
      "w2": "Math.abs(formulas.maxHeight - formulas.minHeight - 2)",
      "w3": "Math.abs(formulas.maxHeight - formulas.minHeight + 3)"
    },
    "questionText": "Dãy số liệu thống kê dưới đây ghi lại chiều cao (tính bằng cm) của 5 bạn học sinh lớp 4: <br/>{nameA}: {heightA} cm, {nameB}: {heightB} cm, {nameC}: {heightC} cm, {nameD}: {heightD} cm, {nameE}: {heightE} cm.<br/>Hỏi bạn cao nhất cao hơn bạn thấp nhất bao nhiêu xăng-ti-mét?",
    "options": [
      "A. {w1} cm",
      "B. {ans} cm",
      "C. {w2} cm",
      "D. {w3} cm"
    ],
    "correctIndex": 1,
    "hints": [
      "Đầu tiên, hãy xác định bạn nào có chiều cao lớn nhất và bạn nào có chiều cao nhỏ nhất trong dãy số liệu.",
      "Sau đó, thực hiện phép trừ để tìm sự chênh lệch chiều cao."
    ],
    "solutionHtml": "Để tìm bạn cao nhất cao hơn bạn thấp nhất bao nhiêu xăng-ti-mét, ta thực hiện các bước sau:<br/>1. Tìm chiều cao lớn nhất trong dãy số liệu: Chiều cao lớn nhất là $ {maxHeight} $ cm.<br/>2. Tìm chiều cao nhỏ nhất trong dãy số liệu: Chiều cao nhỏ nhất là $ {minHeight} $ cm.<br/>3. Tính hiệu số chiều cao giữa bạn cao nhất và bạn thấp nhất:<br/>$ {maxHeight} - {minHeight} = {ans} $ (cm).<br/>Vậy, bạn cao nhất cao hơn bạn thấp nhất $ {ans} $ cm.<br/>Đáp án đúng là B.",
    "tip": "Khi làm bài toán so sánh sự chênh lệch giữa hai giá trị, ta thường dùng phép trừ.",
    "level": "chat-luong-cao",
    "type": "l4-bai-49-d1"
  },
  {
    "isTemplate": true,
    "variables": {
      "saleMon": { "min": 20, "max": 50, "step": 1 },
      "saleTue": { "min": 20, "max": 50, "step": 1 },
      "saleWed": { "min": 20, "max": 50, "step": 1 },
      "saleThu": { "min": 20, "max": 50, "step": 1 },
      "saleFri": { "min": 20, "max": 50, "step": 1 },
      "saleSat": { "min": 50, "max": 80, "step": 1 },
      "saleSun": { "min": 50, "max": 80, "step": 1 }
    },
    "constraints": [
      "saleMon !== saleTue", "saleMon !== saleWed", "saleMon !== saleThu", "saleMon !== saleFri", "saleMon !== saleSat", "saleMon !== saleSun",
      "saleTue !== saleWed", "saleTue !== saleThu", "saleTue !== saleFri", "saleTue !== saleSat", "saleTue !== saleSun",
      "saleWed !== saleThu", "saleWed !== saleFri", "saleWed !== saleSat", "saleWed !== saleSun",
      "saleThu !== saleFri", "saleThu !== saleSat", "saleThu !== saleSun",
      "saleFri !== saleSat", "saleFri !== saleSun",
      "saleSat !== saleSun"
    ],
    "formulas": {
      "totalSales": "variables.saleMon + variables.saleTue + variables.saleWed + variables.saleThu + variables.saleFri + variables.saleSat + variables.saleSun",
      "maxSaleDayValue": "Math.max(variables.saleMon, variables.saleTue, variables.saleWed, variables.saleThu, variables.saleFri, variables.saleSat, variables.saleSun)",
      "ans": "formulas.totalSales",
      "w1": "formulas.totalSales - 10",
      "w2": "formulas.totalSales + 5",
      "w3": "formulas.maxSaleDayValue * 7"
    },
    "questionText": "Một cửa hàng ghi lại số lượng sản phẩm bán được mỗi ngày trong tuần qua như sau:<br/>Thứ Hai: {saleMon} sản phẩm<br/>Thứ Ba: {saleTue} sản phẩm<br/>Thứ Tư: {saleWed} sản phẩm<br/>Thứ Năm: {saleThu} sản phẩm<br/>Thứ Sáu: {saleFri} sản phẩm<br/>Thứ Bảy: {saleSat} sản phẩm<br/>Chủ Nhật: {saleSun} sản phẩm<br/>Tổng cộng trong cả tuần, cửa hàng đó đã bán được bao nhiêu sản phẩm?",
    "options": [
      "A. {w1} sản phẩm",
      "B. {ans} sản phẩm",
      "C. {w2} sản phẩm",
      "D. {w3} sản phẩm"
    ],
    "correctIndex": 1,
    "hints": [
      "Để tính tổng số sản phẩm bán được cả tuần, em cần cộng số sản phẩm của tất cả các ngày lại với nhau.",
      "Hãy cẩn thận khi cộng các số có hai chữ số."
    ],
    "solutionHtml": "Để tìm tổng số sản phẩm bán được trong cả tuần, ta cộng số sản phẩm bán được của mỗi ngày lại:<br/>$ {saleMon} + {saleTue} + {saleWed} + {saleThu} + {saleFri} + {saleSat} + {saleSun} = {ans} $ (sản phẩm).<br/>Vậy, tổng cộng trong cả tuần, cửa hàng đã bán được $ {ans} $ sản phẩm.<br/>Đáp án đúng là B.",
    "tip": "Khi cộng nhiều số, nên nhóm các số tròn chục, tròn trăm để tính toán nhanh và chính xác hơn.",
    "level": "chat-luong-cao",
    "type": "l4-bai-49-d2"
  },
  {
    "isTemplate": true,
    "variables": {
      "mathScore": { "min": 7, "max": 10, "step": 1 },
      "vietnameseScore": { "min": 7, "max": 10, "step": 1 },
      "englishScore": { "min": 7, "max": 10, "step": 1 },
      "scienceScore": { "min": 7, "max": 10, "step": 1 },
      "artScore": { "min": 7, "max": 10, "step": 1 },
      "studentName": { "type": "string", "options": ["Hương", "Minh", "Nam", "Mai", "Long"] }
    },
    "constraints": [
      "mathScore !== vietnameseScore", "mathScore !== englishScore", "mathScore !== scienceScore", "mathScore !== artScore",
      "vietnameseScore !== englishScore", "vietnameseScore !== scienceScore", "vietnameseScore !== artScore",
      "englishScore !== scienceScore", "englishScore !== artScore",
      "scienceScore !== artScore"
    ],
    "formulas": {
      "totalScore": "variables.mathScore + variables.vietnameseScore + variables.englishScore + variables.scienceScore + variables.artScore",
      "minScore": "Math.min(variables.mathScore, variables.vietnameseScore, variables.englishScore, variables.scienceScore, variables.artScore)",
      "maxScore": "Math.max(variables.mathScore, variables.vietnameseScore, variables.englishScore, variables.scienceScore, variables.artScore)",
      "ans": "formulas.maxScore - formulas.minScore",
      "w1": "formulas.totalScore",
      "w2": "formulas.maxScore + formulas.minScore",
      "w3": "formulas.maxScore"
    },
    "questionText": "Bảng điểm kiểm tra học kì I của bạn {studentName} như sau:<br/>Toán: {mathScore} điểm<br/>Tiếng Việt: {vietnameseScore} điểm<br/>Tiếng Anh: {englishScore} điểm<br/>Khoa học: {scienceScore} điểm<br/>Mĩ thuật: {artScore} điểm<br/>Hỏi môn học bạn {studentName} đạt điểm cao nhất hơn môn học đạt điểm thấp nhất bao nhiêu điểm?",
    "options": [
      "A. {w1} điểm",
      "B. {ans} điểm",
      "C. {w2} điểm",
      "D. {w3} điểm"
    ],
    "correctIndex": 1,
    "hints": [
      "Tìm điểm cao nhất và điểm thấp nhất trong bảng điểm của bạn {studentName}.",
      "Sử dụng phép trừ để tìm sự chênh lệch."
    ],
    "solutionHtml": "Để tìm sự chênh lệch điểm giữa môn cao nhất và môn thấp nhất của bạn {studentName}, ta làm như sau:<br/>1. Xác định điểm cao nhất của bạn {studentName}: $ {maxScore} $ điểm.<br/>2. Xác định điểm thấp nhất của bạn {studentName}: $ {minScore} $ điểm.<br/>3. Tính hiệu số điểm:<br/>$ {maxScore} - {minScore} = {ans} $ (điểm).<br/>Vậy, môn học bạn {studentName} đạt điểm cao nhất hơn môn học đạt điểm thấp nhất $ {ans} $ điểm.<br/>Đáp án đúng là B.",
    "tip": "Hãy chắc chắn rằng em đã tìm đúng giá trị lớn nhất và nhỏ nhất trong dãy số liệu trước khi thực hiện phép tính.",
    "level": "chat-luong-cao",
    "type": "l4-bai-49-d3"
  },
  {
    "isTemplate": true,
    "variables": {
      "month1": { "min": 10, "max": 20, "step": 1 },
      "month2": { "min": 10, "max": 20, "step": 1 },
      "month3": { "min": 10, "max": 20, "step": 1 },
      "month4": { "min": 10, "max": 20, "step": 1 },
      "month5": { "min": 10, "max": 20, "step": 1 },
      "month6": { "min": 10, "max": 20, "step": 1 },
      "family": { "type": "string", "options": ["nhà An", "nhà Bình", "nhà Cường", "nhà Đăng"] }
    },
    "constraints": [
      "month1 !== month2", "month1 !== month3", "month1 !== month4", "month1 !== month5", "month1 !== month6",
      "month2 !== month3", "month2 !== month4", "month2 !== month5", "month2 !== month6",
      "month3 !== month4", "month3 !== month5", "month3 !== month6",
      "month4 !== month5", "month4 !== month6",
      "month5 !== month6"
    ],
    "formulas": {
      "totalWater": "variables.month1 + variables.month2 + variables.month3 + variables.month4 + variables.month5 + variables.month6",
      "maxWater": "Math.max(variables.month1, variables.month2, variables.month3, variables.month4, variables.month5, variables.month6)",
      "minWater": "Math.min(variables.month1, variables.month2, variables.month3, variables.month4, variables.month5, variables.month6)",
      "ans": "formulas.totalWater",
      "w1": "formulas.maxWater - formulas.minWater",
      "w2": "formulas.totalWater - 5",
      "w3": "formulas.totalWater + 5"
    },
    "questionText": "Dãy số liệu thống kê dưới đây cho biết lượng nước sinh hoạt (tính bằng mét khối) của {family} trong 6 tháng đầu năm:<br/>Tháng 1: {month1} m³<br/>Tháng 2: {month2} m³<br/>Tháng 3: {month3} m³<br/>Tháng 4: {month4} m³<br/>Tháng 5: {month5} m³<br/>Tháng 6: {month6} m³<br/>Hỏi tổng cộng {family} đã sử dụng bao nhiêu mét khối nước trong 6 tháng đầu năm?",
    "options": [
      "A. {ans} m³",
      "B. {w1} m³",
      "C. {w2} m³",
      "D. {w3} m³"
    ],
    "correctIndex": 0,
    "hints": [
      "Để tính tổng lượng nước sử dụng, em cần cộng lượng nước của từng tháng lại với nhau.",
      "Chú ý đơn vị mét khối ($ m^3 $)."
    ],
    "solutionHtml": "Để tính tổng lượng nước sinh hoạt của {family} trong 6 tháng đầu năm, ta cộng tất cả các số liệu lại:<br/>$ {month1} + {month2} + {month3} + {month4} + {month5} + {month6} = {ans} $ ($ m^3 $).<br/>Vậy, {family} đã sử dụng tổng cộng $ {ans} $ mét khối nước trong 6 tháng đầu năm.<br/>Đáp án đúng là A.",
    "tip": "Hãy kiểm tra lại phép cộng nhiều lần để đảm bảo kết quả chính xác, đặc biệt với các số lớn.",
    "level": "chat-luong-cao",
    "type": "l4-bai-49-d4"
  },
  {
    "isTemplate": true,
    "variables": {
      "interval1": { "min": 5, "max": 15, "step": 1 },
      "interval2": { "min": 5, "max": 15, "step": 1 },
      "interval3": { "min": 5, "max": 15, "step": 1 },
      "interval4": { "min": 5, "max": 15, "step": 1 },
      "storeType": { "type": "string", "options": ["cửa hàng sách", "hiệu bánh", "cửa hàng đồ chơi"] }
    },
    "constraints": [
      "interval1 !== interval2", "interval1 !== interval3", "interval1 !== interval4",
      "interval2 !== interval3", "interval2 !== interval4",
      "interval3 !== interval4"
    ],
    "formulas": {
      "maxCustomersInInterval": "Math.max(variables.interval1, variables.interval2, variables.interval3, variables.interval4)",
      "minCustomersInInterval": "Math.min(variables.interval1, variables.interval2, variables.interval3, variables.interval4)",
      "ans": "formulas.maxCustomersInInterval - formulas.minCustomersInInterval",
      "w1": "formulas.maxCustomersInInterval + formulas.minCustomersInInterval",
      "w2": "formulas.maxCustomersInInterval",
      "w3": "formulas.minCustomersInInterval"
    },
    "questionText": "Một {storeType} thống kê số lượng khách ghé thăm trong một giờ (chia thành 4 khoảng thời gian 15 phút) như sau:<br/>Từ 8:00 đến 8:15: {interval1} khách<br/>Từ 8:15 đến 8:30: {interval2} khách<br/>Từ 8:30 đến 8:45: {interval3} khách<br/>Từ 8:45 đến 9:00: {interval4} khách<br/>Hỏi khoảng thời gian đông khách nhất hơn khoảng thời gian ít khách nhất bao nhiêu khách?",
    "options": [
      "A. {w1} khách",
      "B. {ans} khách",
      "C. {w2} khách",
      "D. {w3} khách"
    ],
    "correctIndex": 1,
    "hints": [
      "Xác định số khách nhiều nhất và số khách ít nhất trong các khoảng thời gian đã cho.",
      "Tìm hiệu của hai số đó để biết sự chênh lệch."
    ],
    "solutionHtml": "Để tìm khoảng thời gian đông khách nhất hơn khoảng thời gian ít khách nhất bao nhiêu khách, ta thực hiện các bước sau:<br/>1. Tìm số khách đông nhất trong các khoảng thời gian: $ {maxCustomersInInterval} $ khách.<br/>2. Tìm số khách ít nhất trong các khoảng thời gian: $ {minCustomersInInterval} $ khách.<br/>3. Tính hiệu số khách:<br/>$ {maxCustomersInInterval} - {minCustomersInInterval} = {ans} $ (khách).<br/>Vậy, khoảng thời gian đông khách nhất hơn khoảng thời gian ít khách nhất $ {ans} $ khách.<br/>Đáp án đúng là B.",
    "tip": "Luôn đọc kỹ câu hỏi để hiểu rõ yêu cầu: tìm tổng, tìm giá trị lớn nhất, nhỏ nhất, hay hiệu của chúng.",
    "level": "chat-luong-cao",
    "type": "l4-bai-49-d5"
  },
  {
    "isTemplate": true,
    "variables": {
      "popA": { "min": 2500, "max": 5000, "step": 100 },
      "popB": { "min": 2500, "max": 5000, "step": 100 },
      "popC": { "min": 2500, "max": 5000, "step": 100 },
      "popD": { "min": 2500, "max": 5000, "step": 100 },
      "communeA": { "type": "string", "options": ["Hòa Bình", "Thanh Sơn", "Đồng Tâm", "Phú Cường", "Tân Lập"] },
      "communeB": { "type": "string", "options": ["Hòa Bình", "Thanh Sơn", "Đồng Tâm", "Phú Cường", "Tân Lập"] },
      "communeC": { "type": "string", "options": ["Hòa Bình", "Thanh Sơn", "Đồng Tâm", "Phú Cường", "Tân Lập"] },
      "communeD": { "type": "string", "options": ["Hòa Bình", "Thanh Sơn", "Đồng Tâm", "Phú Cường", "Tân Lập"] }
    },
    "constraints": [
      "popA !== popB", "popA !== popC", "popA !== popD",
      "popB !== popC", "popB !== popD",
      "popC !== popD",
      "communeA !== communeB", "communeA !== communeC", "communeA !== communeD",
      "communeB !== communeC", "communeB !== communeD",
      "communeC !== communeD"
    ],
    "formulas": {
      "totalPopulation": "variables.popA + variables.popB + variables.popC + variables.popD",
      "maxPopulation": "Math.max(variables.popA, variables.popB, variables.popC, variables.popD)",
      "ans": "formulas.totalPopulation",
      "w1": "formulas.maxPopulation",
      "w2": "formulas.totalPopulation - variables.popA",
      "w3": "formulas.totalPopulation + 100"
    },
    "questionText": "Dưới đây là thống kê dân số của 4 xã thuộc một huyện:<br/>Xã {communeA}: {popA} người<br/>Xã {communeB}: {popB} người<br/>Xã {communeC}: {popC} người<br/>Xã {communeD}: {popD} người<br/>Tổng dân số của 4 xã trên là bao nhiêu người?",
    "options": [
      "A. {ans} người",
      "B. {w1} người",
      "C. {w2} người",
      "D. {w3} người"
    ],
    "correctIndex": 0,
    "hints": [
      "Để tính tổng dân số, em cần cộng số người của từng xã lại với nhau.",
      "Hãy cẩn thận khi cộng các số hàng nghìn."
    ],
    "solutionHtml": "Để tính tổng dân số của 4 xã, ta cộng số dân của mỗi xã lại:<br/>$ {popA} + {popB} + {popC} + {popD} = {ans} $ (người).<br/>Vậy, tổng dân số của 4 xã trên là $ {ans} $ người.<br/>Đáp án đúng là A.",
    "tip": "Khi cộng các số có nhiều chữ số, hãy đặt tính thẳng hàng và cộng từ phải sang trái để tránh nhầm lẫn.",
    "level": "chat-luong-cao",
    "type": "l4-bai-49-d6"
  },
  {
    "isTemplate": true,
    "variables": {
      "tempMon": { "min": 25, "max": 35, "step": 1 },
      "tempTue": { "min": 25, "max": 35, "step": 1 },
      "tempWed": { "min": 25, "max": 35, "step": 1 },
      "tempThu": { "min": 25, "max": 35, "step": 1 },
      "tempFri": { "min": 25, "max": 35, "step": 1 },
      "city": { "type": "string", "options": ["Hà Nội", "Đà Nẵng", "Thành phố Hồ Chí Minh", "Cần Thơ"] }
    },
    "constraints": [
      "tempMon !== tempTue", "tempMon !== tempWed", "tempMon !== tempThu", "tempMon !== tempFri",
      "tempTue !== tempWed", "tempTue !== tempThu", "tempTue !== tempFri",
      "tempWed !== tempThu", "tempWed !== tempFri",
      "tempThu !== tempFri"
    ],
    "formulas": {
      "maxTemp": "Math.max(variables.tempMon, variables.tempTue, variables.tempWed, variables.tempThu, variables.tempFri)",
      "minTemp": "Math.min(variables.tempMon, variables.tempTue, variables.tempWed, variables.tempThu, variables.tempFri)",
      "ans": "formulas.maxTemp - formulas.minTemp",
      "w1": "formulas.maxTemp + formulas.minTemp",
      "w2": "formulas.maxTemp",
      "w3": "formulas.minTemp"
    },
    "questionText": "Bảng thống kê nhiệt độ trung bình (đơn vị độ C) tại {city} trong 5 ngày đầu tuần như sau:<br/>Thứ Hai: {tempMon} $ ^\\circ C $<br/>Thứ Ba: {tempTue} $ ^\\circ C $<br/>Thứ Tư: {tempWed} $ ^\\circ C $<br/>Thứ Năm: {tempThu} $ ^\\circ C $<br/>Thứ Sáu: {tempFri} $ ^\\circ C $<br/>Hỏi nhiệt độ cao nhất và nhiệt độ thấp nhất trong 5 ngày này chênh lệch nhau bao nhiêu độ C?",
    "options": [
      "A. {w1} $ ^\\circ C $",
      "B. {ans} $ ^\\circ C $",
      "C. {w2} $ ^\\circ C $",
      "D. {w3} $ ^\\circ C $"
    ],
    "correctIndex": 1,
    "hints": [
      "Xác định nhiệt độ cao nhất và nhiệt độ thấp nhất trong dãy số liệu.",
      "Lấy nhiệt độ cao nhất trừ đi nhiệt độ thấp nhất để tìm sự chênh lệch."
    ],
    "solutionHtml": "Để tìm sự chênh lệch nhiệt độ cao nhất và nhiệt độ thấp nhất, ta làm như sau:<br/>1. Tìm nhiệt độ cao nhất trong 5 ngày: $ {maxTemp} ^\\circ C $.<br/>2. Tìm nhiệt độ thấp nhất trong 5 ngày: $ {minTemp} ^\\circ C $.<br/>3. Tính hiệu số nhiệt độ:<br/>$ {maxTemp} - {minTemp} = {ans} $ ($ ^\\circ C $).<br/>Vậy, nhiệt độ cao nhất và nhiệt độ thấp nhất chênh lệch nhau $ {ans} ^\\circ C $.<br/>Đáp án đúng là B.",
    "tip": "Khi so sánh các giá trị trong một dãy số liệu, hãy tìm giá trị lớn nhất và nhỏ nhất một cách cẩn thận.",
    "level": "chat-luong-cao",
    "type": "l4-bai-49-d7"
  },
  {
    "isTemplate": true,
    "variables": {
      "costDay1": { "min": 80000, "max": 150000, "step": 10000 },
      "costDay2": { "min": 80000, "max": 150000, "step": 10000 },
      "costDay3": { "min": 80000, "max": 150000, "step": 10000 },
      "person": { "type": "string", "options": ["Bác Ba", "Cô Tư", "Chú Năm", "Dì Sáu"] }
    },
    "constraints": [
      "costDay1 !== costDay2", "costDay1 !== costDay3",
      "costDay2 !== costDay3"
    ],
    "formulas": {
      "totalCost": "variables.costDay1 + variables.costDay2 + variables.costDay3",
      "maxCost": "Math.max(variables.costDay1, variables.costDay2, variables.costDay3)",
      "minCost": "Math.min(variables.costDay1, variables.costDay2, variables.costDay3)",
      "ans": "formulas.totalCost",
      "w1": "formulas.maxCost - formulas.minCost",
      "w2": "Math.floor(formulas.totalCost / 3)",
      "w3": "formulas.totalCost + 10000"
    },
    "questionText": "{person} ghi lại chi phí sinh hoạt của gia đình trong 3 ngày đầu tuần như sau:<br/>Thứ Hai: {costDay1} đồng<br/>Thứ Ba: {costDay2} đồng<br/>Thứ Tư: {costDay3} đồng<br/>Hỏi tổng số tiền gia đình {person} đã chi tiêu trong 3 ngày này là bao nhiêu?",
    "options": [
      "A. {ans} đồng",
      "B. {w1} đồng",
      "C. {w2} đồng",
      "D. {w3} đồng"
    ],
    "correctIndex": 0,
    "hints": [
      "Để tìm tổng số tiền chi tiêu, em cần cộng chi phí của mỗi ngày lại.",
      "Hãy chú ý đến các số có nhiều chữ số khi thực hiện phép cộng."
    ],
    "solutionHtml": "Để tính tổng số tiền gia đình {person} đã chi tiêu trong 3 ngày, ta cộng các khoản chi phí lại:<br/>$ {costDay1} + {costDay2} + {costDay3} = {ans} $ (đồng).<br/>Vậy, tổng số tiền gia đình {person} đã chi tiêu trong 3 ngày là $ {ans} $ đồng.<br/>Đáp án đúng là A.",
    "tip": "Khi làm việc với các số tiền lớn, hãy chắc chắn em đã cộng đúng các hàng đơn vị, hàng chục, hàng trăm, v.v. để tránh sai sót.",
    "level": "chat-luong-cao",
    "type": "l4-bai-49-d8"
  },
  {
    "isTemplate": true,
    "variables": {
      "timeA": { "min": 15, "max": 30, "step": 1 },
      "timeB": { "min": 15, "max": 30, "step": 1 },
      "timeC": { "min": 15, "max": 30, "step": 1 },
      "timeD": { "min": 15, "max": 30, "step": 1 },
      "studentA": { "type": "string", "options": ["Lan", "Nam", "An", "Bình", "Mai"] },
      "studentB": { "type": "string", "options": ["Lan", "Nam", "An", "Bình", "Mai"] },
      "studentC": { "type": "string", "options": ["Lan", "Nam", "An", "Bình", "Mai"] },
      "studentD": { "type": "string", "options": ["Lan", "Nam", "An", "Bình", "Mai"] }
    },
    "constraints": [
      "timeA !== timeB", "timeA !== timeC", "timeA !== timeD",
      "timeB !== timeC", "timeB !== timeD",
      "timeC !== timeD",
      "studentA !== studentB", "studentA !== studentC", "studentA !== studentD",
      "studentB !== studentC", "studentB !== studentD",
      "studentC !== studentD"
    ],
    "formulas": {
      "maxTime": "Math.max(variables.timeA, variables.timeB, variables.timeC, variables.timeD)",
      "minTime": "Math.min(variables.timeA, variables.timeB, variables.timeC, variables.timeD)",
      "ans": "formulas.maxTime - formulas.minTime",
      "w1": "formulas.maxTime + formulas.minTime",
      "w2": "formulas.maxTime",
      "w3": "formulas.minTime"
    },
    "questionText": "Dưới đây là thời gian (tính bằng phút) hoàn thành bài tập Toán của 4 bạn học sinh lớp 4:<br/>Bạn {studentA}: {timeA} phút<br/>Bạn {studentB}: {timeB} phút<br/>Bạn {studentC}: {timeC} phút<br/>Bạn {studentD}: {timeD} phút<br/>Hỏi bạn làm bài lâu nhất hơn bạn làm bài nhanh nhất bao nhiêu phút?",
    "options": [
      "A. {w1} phút",
      "B. {ans} phút",
      "C. {w2} phút",
      "D. {w3} phút"
    ],
    "correctIndex": 1,
    "hints": [
      "Xác định thời gian làm bài dài nhất (lâu nhất) và ngắn nhất (nhanh nhất) trong dãy số liệu.",
      "Lấy thời gian dài nhất trừ đi thời gian ngắn nhất để tìm sự chênh lệch."
    ],
    "solutionHtml": "Để tìm sự chênh lệch thời gian giữa bạn làm bài lâu nhất và bạn làm bài nhanh nhất, ta làm như sau:<br/>1. Thời gian làm bài lâu nhất là: $ {maxTime} $ phút.<br/>2. Thời gian làm bài nhanh nhất là: $ {minTime} $ phút.<br/>3. Tính hiệu số thời gian:<br/>$ {maxTime} - {minTime} = {ans} $ (phút).<br/>Vậy, bạn làm bài lâu nhất hơn bạn làm bài nhanh nhất $ {ans} $ phút.<br/>Đáp án đúng là B.",
    "tip": "Thời gian hoàn thành bài tập càng nhỏ thì bạn đó làm càng nhanh. Thời gian càng lớn thì bạn đó làm càng lâu.",
    "level": "chat-luong-cao",
    "type": "l4-bai-49-d9"
  },
  {
    "isTemplate": true,
    "variables": {
      "booksA": { "min": 5, "max": 12, "step": 1 },
      "booksB": { "min": 5, "max": 12, "step": 1 },
      "booksC": { "min": 5, "max": 12, "step": 1 },
      "booksD": { "min": 5, "max": 12, "step": 1 },
      "booksE": { "min": 5, "max": 12, "step": 1 },
      "readerA": { "type": "string", "options": ["Hà", "Minh", "Quân", "Trang", "Việt"] },
      "readerB": { "type": "string", "options": ["Hà", "Minh", "Quân", "Trang", "Việt"] },
      "readerC": { "type": "string", "options": ["Hà", "Minh", "Quân", "Trang", "Việt"] },
      "readerD": { "type": "string", "options": ["Hà", "Minh", "Quân", "Trang", "Việt"] },
      "readerE": { "type": "string", "options": ["Hà", "Minh", "Quân", "Trang", "Việt"] }
    },
    "constraints": [
      "booksA !== booksB", "booksA !== booksC", "booksA !== booksD", "booksA !== booksE",
      "booksB !== booksC", "booksB !== booksD", "booksB !== booksE",
      "booksC !== booksD", "booksC !== booksE",
      "booksD !== booksE",
      "readerA !== readerB", "readerA !== readerC", "readerA !== readerD", "readerA !== readerE",
      "readerB !== readerC", "readerB !== readerD", "readerB !== readerE",
      "readerC !== readerD", "readerC !== readerE",
      "readerD !== readerE"
    ],
    "formulas": {
      "totalBooks": "variables.booksA + variables.booksB + variables.booksC + variables.booksD + variables.booksE",
      "maxBooks": "Math.max(variables.booksA, variables.booksB, variables.booksC, variables.booksD, variables.booksE)",
      "minBooks": "Math.min(variables.booksA, variables.booksB, variables.booksC, variables.booksD, variables.booksE)",
      "ans": "formulas.totalBooks",
      "w1": "formulas.maxBooks",
      "w2": "formulas.maxBooks - formulas.minBooks",
      "w3": "formulas.totalBooks - 5"
    },
    "questionText": "Dãy số liệu thống kê dưới đây cho biết số quyển sách mỗi bạn đọc được trong tháng vừa qua:<br/>Bạn {readerA}: {booksA} quyển<br/>Bạn {readerB}: {booksB} quyển<br/>Bạn {readerC}: {booksC} quyển<br/>Bạn {readerD}: {booksD} quyển<br/>Bạn {readerE}: {booksE} quyển<br/>Hỏi tổng cộng 5 bạn đã đọc được bao nhiêu quyển sách trong tháng?",
    "options": [
      "A. {w1} quyển",
      "B. {w2} quyển",
      "C. {ans} quyển",
      "D. {w3} quyển"
    ],
    "correctIndex": 2,
    "hints": [
      "Để tìm tổng số sách đã đọc, em cần cộng số sách của từng bạn lại với nhau.",
      "Cẩn thận khi thực hiện phép cộng các số nhỏ."
    ],
    "solutionHtml": "Để tìm tổng số quyển sách mà 5 bạn đã đọc trong tháng, ta cộng số sách của mỗi bạn lại:<br/>$ {booksA} + {booksB} + {booksC} + {booksD} + {booksE} = {ans} $ (quyển).<br/>Vậy, tổng cộng 5 bạn đã đọc được $ {ans} $ quyển sách trong tháng.<br/>Đáp án đúng là C.",
    "tip": "Hãy đọc kỹ câu hỏi và xác định phép tính cần thực hiện (cộng, trừ, tìm giá trị lớn nhất/nhỏ nhất) dựa trên yêu cầu của đề bài.",
    "level": "chat-luong-cao",
    "type": "l4-bai-49-d10"
  }
]

[RAW AI RESPONSE TEXT]
[
  {
    "isTemplate": true,
    "variables": {
      "heightA": { "min": 120, "max": 140, "step": 1 },
      "heightB": { "min": 120, "max": 140, "step": 1 },
      "heightC": { "min": 120, "max": 140, "step": 1 },
      "heightD": { "min": 120, "max": 140, "step": 1 },
      "heightE": { "min": 120, "max": 140, "step": 1 },
      "nameA": { "type": "string", "options": ["An", "Bình", "Cường", "Đăng", "Mai", "Hương"] },
      "nameB": { "type": "string", "options": ["An", "Bình", "Cường", "Đăng", "Mai", "Hương"] },
      "nameC": { "type": "string", "options": ["An", "Bình", "Cường", "Đăng", "Mai", "Hương"] },
      "nameD": { "type": "string", "options": ["An", "Bình", "Cường", "Đăng", "Mai", "Hương"] },
      "nameE": { "type": "string", "options": ["An", "Bình", "Cường", "Đăng", "Mai", "Hương"] }
    },
    "constraints": [
      "heightA !== heightB", "heightA !== heightC", "heightA !== heightD", "heightA !== heightE",
      "heightB !== heightC", "heightB !== heightD", "heightB !== heightE",
      "heightC !== heightD", "heightC !== heightE",
      "heightD !== heightE",
      "nameA !== nameB", "nameA !== nameC", "nameA !== nameD", "nameA !== nameE",
      "nameB !== nameC", "nameB !== nameD", "nameB !== nameE",
      "nameC !== nameD", "nameC !== nameE",
      "nameD !== nameE"
    ],
    "formulas": {
      "maxHeight": "Math.max(variables.heightA, variables.heightB, variables.heightC, variables.heightD, variables.heightE)",
      "minHeight": "Math.min(variables.heightA, variables.heightB, variables.heightC, variables.heightD, variables.heightE)",
      "ans": "formulas.maxHeight - formulas.minHeight",
      "w1": "formulas.maxHeight + formulas.minHeight",
      "w2": "Math.abs(formulas.maxHeight - formulas.minHeight - 2)",
      "w3": "Math.abs(formulas.maxHeight - formulas.minHeight + 3)"
    },
    "questionText": "Dãy số liệu thống kê dưới đây ghi lại chiều cao (tính bằng cm) của 5 bạn học sinh lớp 4: <br/>{nameA}: {heightA} cm, {nameB}: {heightB} cm, {nameC}: {heightC} cm, {nameD}: {heightD} cm, {nameE}: {heightE} cm.<br/>Hỏi bạn cao nhất cao hơn bạn thấp nhất bao nhiêu xăng-ti-mét?",
    "options": [
      "A. {w1} cm",
      "B. {ans} cm",
      "C. {w2} cm",
      "D. {w3} cm"
    ],
    "correctIndex": 1,
    "hints": [
      "Đầu tiên, hãy xác định bạn nào có chiều cao lớn nhất và bạn nào có chiều cao nhỏ nhất trong dãy số liệu.",
      "Sau đó, thực hiện phép trừ để tìm sự chênh lệch chiều cao."
    ],
    "solutionHtml": "Để tìm bạn cao nhất cao hơn bạn thấp nhất bao nhiêu xăng-ti-mét, ta thực hiện các bước sau:<br/>1. Tìm chiều cao lớn nhất trong dãy số liệu: Chiều cao lớn nhất là $ {maxHeight} $ cm.<br/>2. Tìm chiều cao nhỏ nhất trong dãy số liệu: Chiều cao nhỏ nhất là $ {minHeight} $ cm.<br/>3. Tính hiệu số chiều cao giữa bạn cao nhất và bạn thấp nhất:<br/>$ {maxHeight} - {minHeight} = {ans} $ (cm).<br/>Vậy, bạn cao nhất cao hơn bạn thấp nhất $ {ans} $ cm.<br/>Đáp án đúng là B.",
    "tip": "Khi làm bài toán so sánh sự chênh lệch giữa hai giá trị, ta thường dùng phép trừ.",
    "level": "chat-luong-cao",
    "type": "l4-bai-49-d1"
  },
  {
    "isTemplate": true,
    "variables": {
      "saleMon": { "min": 20, "max": 50, "step": 1 },
      "saleTue": { "min": 20, "max": 50, "step": 1 },
      "saleWed": { "min": 20, "max": 50, "step": 1 },
      "saleThu": { "min": 20, "max": 50, "step": 1 },
      "saleFri": { "min": 20, "max": 50, "step": 1 },
      "saleSat": { "min": 50, "max": 80, "step": 1 },
      "saleSun": { "min": 50, "max": 80, "step": 1 }
    },
    "constraints": [
      "saleMon !== saleTue", "saleMon !== saleWed", "saleMon !== saleThu", "saleMon !== saleFri", "saleMon !== saleSat", "saleMon !== saleSun",
      "saleTue !== saleWed", "saleTue !== saleThu", "saleTue !== saleFri", "saleTue !== saleSat", "saleTue !== saleSun",
      "saleWed !== saleThu", "saleWed !== saleFri", "saleWed !== saleSat", "saleWed !== saleSun",
      "saleThu !== saleFri", "saleThu !== saleSat", "saleThu !== saleSun",
      "saleFri !== saleSat", "saleFri !== saleSun",
      "saleSat !== saleSun"
    ],
    "formulas": {
      "totalSales": "variables.saleMon + variables.saleTue + variables.saleWed + variables.saleThu + variables.saleFri + variables.saleSat + variables.saleSun",
      "maxSaleDayValue": "Math.max(variables.saleMon, variables.saleTue, variables.saleWed, variables.saleThu, variables.saleFri, variables.saleSat, variables.saleSun)",
      "ans": "formulas.totalSales",
      "w1": "formulas.totalSales - 10",
      "w2": "formulas.totalSales + 5",
      "w3": "formulas.maxSaleDayValue * 7"
    },
    "questionText": "Một cửa hàng ghi lại số lượng sản phẩm bán được mỗi ngày trong tuần qua như sau:<br/>Thứ Hai: {saleMon} sản phẩm<br/>Thứ Ba: {saleTue} sản phẩm<br/>Thứ Tư: {saleWed} sản phẩm<br/>Thứ Năm: {saleThu} sản phẩm<br/>Thứ Sáu: {saleFri} sản phẩm<br/>Thứ Bảy: {saleSat} sản phẩm<br/>Chủ Nhật: {saleSun} sản phẩm<br/>Tổng cộng trong cả tuần, cửa hàng đó đã bán được bao nhiêu sản phẩm?",
    "options": [
      "A. {w1} sản phẩm",
      "B. {ans} sản phẩm",
      "C. {w2} sản phẩm",
      "D. {w3} sản phẩm"
    ],
    "correctIndex": 1,
    "hints": [
      "Để tính tổng số sản phẩm bán được cả tuần, em cần cộng số sản phẩm của tất cả các ngày lại với nhau.",
      "Hãy cẩn thận khi cộng các số có hai chữ số."
    ],
    "solutionHtml": "Để tìm tổng số sản phẩm bán được trong cả tuần, ta cộng số sản phẩm bán được của mỗi ngày lại:<br/>$ {saleMon} + {saleTue} + {saleWed} + {saleThu} + {saleFri} + {saleSat} + {saleSun} = {ans} $ (sản phẩm).<br/>Vậy, tổng cộng trong cả tuần, cửa hàng đã bán được $ {ans} $ sản phẩm.<br/>Đáp án đúng là B.",
    "tip": "Khi cộng nhiều số, nên nhóm các số tròn chục, tròn trăm để tính toán nhanh và chính xác hơn.",
    "level": "chat-luong-cao",
    "type": "l4-bai-49-d2"
  },
  {
    "isTemplate": true,
    "variables": {
      "mathScore": { "min": 7, "max": 10, "step": 1 },
      "vietnameseScore": { "min": 7, "max": 10, "step": 1 },
      "englishScore": { "min": 7, "max": 10, "step": 1 },
      "scienceScore": { "min": 7, "max": 10, "step": 1 },
      "artScore": { "min": 7, "max": 10, "step": 1 },
      "studentName": { "type": "string", "options": ["Hương", "Minh", "Nam", "Mai", "Long"] }
    },
    "constraints": [
      "mathScore !== vietnameseScore", "mathScore !== englishScore", "mathScore !== scienceScore", "mathScore !== artScore",
      "vietnameseScore !== englishScore", "vietnameseScore !== scienceScore", "vietnameseScore !== artScore",
      "englishScore !== scienceScore", "englishScore !== artScore",
      "scienceScore !== artScore"
    ],
    "formulas": {
      "totalScore": "variables.mathScore + variables.vietnameseScore + variables.englishScore + variables.scienceScore + variables.artScore",
      "minScore": "Math.min(variables.mathScore, variables.vietnameseScore, variables.englishScore, variables.scienceScore, variables.artScore)",
      "maxScore": "Math.max(variables.mathScore, variables.vietnameseScore, variables.englishScore, variables.scienceScore, variables.artScore)",
      "ans": "formulas.maxScore - formulas.minScore",
      "w1": "formulas.totalScore",
      "w2": "formulas.maxScore + formulas.minScore",
      "w3": "formulas.maxScore"
    },
    "questionText": "Bảng điểm kiểm tra học kì I của bạn {studentName} như sau:<br/>Toán: {mathScore} điểm<br/>Tiếng Việt: {vietnameseScore} điểm<br/>Tiếng Anh: {englishScore} điểm<br/>Khoa học: {scienceScore} điểm<br/>Mĩ thuật: {artScore} điểm<br/>Hỏi môn học bạn {studentName} đạt điểm cao nhất hơn môn học đạt điểm thấp nhất bao nhiêu điểm?",
    "options": [
      "A. {w1} điểm",
      "B. {ans} điểm",
      "C. {w2} điểm",
      "D. {w3} điểm"
    ],
    "correctIndex": 1,
    "hints": [
      "Tìm điểm cao nhất và điểm thấp nhất trong bảng điểm của bạn {studentName}.",
      "Sử dụng phép trừ để tìm sự chênh lệch."
    ],
    "solutionHtml": "Để tìm sự chênh lệch điểm giữa môn cao nhất và môn thấp nhất của bạn {studentName}, ta làm như sau:<br/>1. Xác định điểm cao nhất của bạn {studentName}: $ {maxScore} $ điểm.<br/>2. Xác định điểm thấp nhất của bạn {studentName}: $ {minScore} $ điểm.<br/>3. Tính hiệu số điểm:<br/>$ {maxScore} - {minScore} = {ans} $ (điểm).<br/>Vậy, môn học bạn {studentName} đạt điểm cao nhất hơn môn học đạt điểm thấp nhất $ {ans} $ điểm.<br/>Đáp án đúng là B.",
    "tip": "Hãy chắc chắn rằng em đã tìm đúng giá trị lớn nhất và nhỏ nhất trong dãy số liệu trước khi thực hiện phép tính.",
    "level": "chat-luong-cao",
    "type": "l4-bai-49-d3"
  },
  {
    "isTemplate": true,
    "variables": {
      "month1": { "min": 10, "max": 20, "step": 1 },
      "month2": { "min": 10, "max": 20, "step": 1 },
      "month3": { "min": 10, "max": 20, "step": 1 },
      "month4": { "min": 10, "max": 20, "step": 1 },
      "month5": { "min": 10, "max": 20, "step": 1 },
      "month6": { "min": 10, "max": 20, "step": 1 },
      "family": { "type": "string", "options": ["nhà An", "nhà Bình", "nhà Cường", "nhà Đăng"] }
    },
    "constraints": [
      "month1 !== month2", "month1 !== month3", "month1 !== month4", "month1 !== month5", "month1 !== month6",
      "month2 !== month3", "month2 !== month4", "month2 !== month5", "month2 !== month6",
      "month3 !== month4", "month3 !== month5", "month3 !== month6",
      "month4 !== month5", "month4 !== month6",
      "month5 !== month6"
    ],
    "formulas": {
      "totalWater": "variables.month1 + variables.month2 + variables.month3 + variables.month4 + variables.month5 + variables.month6",
      "maxWater": "Math.max(variables.month1, variables.month2, variables.month3, variables.month4, variables.month5, variables.month6)",
      "minWater": "Math.min(variables.month1, variables.month2, variables.month3, variables.month4, variables.month5, variables.month6)",
      "ans": "formulas.totalWater",
      "w1": "formulas.maxWater - formulas.minWater",
      "w2": "formulas.totalWater - 5",
      "w3": "formulas.totalWater + 5"
    },
    "questionText": "Dãy số liệu thống kê dưới đây cho biết lượng nước sinh hoạt (tính bằng mét khối) của {family} trong 6 tháng đầu năm:<br/>Tháng 1: {month1} m³<br/>Tháng 2: {month2} m³<br/>Tháng 3: {month3} m³<br/>Tháng 4: {month4} m³<br/>Tháng 5: {month5} m³<br/>Tháng 6: {month6} m³<br/>Hỏi tổng cộng {family} đã sử dụng bao nhiêu mét khối nước trong 6 tháng đầu năm?",
    "options": [
      "A. {ans} m³",
      "B. {w1} m³",
      "C. {w2} m³",
      "D. {w3} m³"
    ],
    "correctIndex": 0,
    "hints": [
      "Để tính tổng lượng nước sử dụng, em cần cộng lượng nước của từng tháng lại với nhau.",
      "Chú ý đơn vị mét khối ($ m^3 $)."
    ],
    "solutionHtml": "Để tính tổng lượng nước sinh hoạt của {family} trong 6 tháng đầu năm, ta cộng tất cả các số liệu lại:<br/>$ {month1} + {month2} + {month3} + {month4} + {month5} + {month6} = {ans} $ ($ m^3 $).<br/>Vậy, {family} đã sử dụng tổng cộng $ {ans} $ mét khối nước trong 6 tháng đầu năm.<br/>Đáp án đúng là A.",
    "tip": "Hãy kiểm tra lại phép cộng nhiều lần để đảm bảo kết quả chính xác, đặc biệt với các số lớn.",
    "level": "chat-luong-cao",
    "type": "l4-bai-49-d4"
  },
  {
    "isTemplate": true,
    "variables": {
      "interval1": { "min": 5, "max": 15, "step": 1 },
      "interval2": { "min": 5, "max": 15, "step": 1 },
      "interval3": { "min": 5, "max": 15, "step": 1 },
      "interval4": { "min": 5, "max": 15, "step": 1 },
      "storeType": { "type": "string", "options": ["cửa hàng sách", "hiệu bánh", "cửa hàng đồ chơi"] }
    },
    "constraints": [
      "interval1 !== interval2", "interval1 !== interval3", "interval1 !== interval4",
      "interval2 !== interval3", "interval2 !== interval4",
      "interval3 !== interval4"
    ],
    "formulas": {
      "maxCustomersInInterval": "Math.max(variables.interval1, variables.interval2, variables.interval3, variables.interval4)",
      "minCustomersInInterval": "Math.min(variables.interval1, variables.interval2, variables.interval3, variables.interval4)",
      "ans": "formulas.maxCustomersInInterval - formulas.minCustomersInInterval",
      "w1": "formulas.maxCustomersInInterval + formulas.minCustomersInInterval",
      "w2": "formulas.maxCustomersInInterval",
      "w3": "formulas.minCustomersInInterval"
    },
    "questionText": "Một {storeType} thống kê số lượng khách ghé thăm trong một giờ (chia thành 4 khoảng thời gian 15 phút) như sau:<br/>Từ 8:00 đến 8:15: {interval1} khách<br/>Từ 8:15 đến 8:30: {interval2} khách<br/>Từ 8:30 đến 8:45: {interval3} khách<br/>Từ 8:45 đến 9:00: {interval4} khách<br/>Hỏi khoảng thời gian đông khách nhất hơn khoảng thời gian ít khách nhất bao nhiêu khách?",
    "options": [
      "A. {w1} khách",
      "B. {ans} khách",
      "C. {w2} khách",
      "D. {w3} khách"
    ],
    "correctIndex": 1,
    "hints": [
      "Xác định số khách nhiều nhất và số khách ít nhất trong các khoảng thời gian đã cho.",
      "Tìm hiệu của hai số đó để biết sự chênh lệch."
    ],
    "solutionHtml": "Để tìm khoảng thời gian đông khách nhất hơn khoảng thời gian ít khách nhất bao nhiêu khách, ta thực hiện các bước sau:<br/>1. Tìm số khách đông nhất trong các khoảng thời gian: $ {maxCustomersInInterval} $ khách.<br/>2. Tìm số khách ít nhất trong các khoảng thời gian: $ {minCustomersInInterval} $ khách.<br/>3. Tính hiệu số khách:<br/>$ {maxCustomersInInterval} - {minCustomersInInterval} = {ans} $ (khách).<br/>Vậy, khoảng thời gian đông khách nhất hơn khoảng thời gian ít khách nhất $ {ans} $ khách.<br/>Đáp án đúng là B.",
    "tip": "Luôn đọc kỹ câu hỏi để hiểu rõ yêu cầu: tìm tổng, tìm giá trị lớn nhất, nhỏ nhất, hay hiệu của chúng.",
    "level": "chat-luong-cao",
    "type": "l4-bai-49-d5"
  },
  {
    "isTemplate": true,
    "variables": {
      "popA": { "min": 2500, "max": 5000, "step": 100 },
      "popB": { "min": 2500, "max": 5000, "step": 100 },
      "popC": { "min": 2500, "max": 5000, "step": 100 },
      "popD": { "min": 2500, "max": 5000, "step": 100 },
      "communeA": { "type": "string", "options": ["Hòa Bình", "Thanh Sơn", "Đồng Tâm", "Phú Cường", "Tân Lập"] },
      "communeB": { "type": "string", "options": ["Hòa Bình", "Thanh Sơn", "Đồng Tâm", "Phú Cường", "Tân Lập"] },
      "communeC": { "type": "string", "options": ["Hòa Bình", "Thanh Sơn", "Đồng Tâm", "Phú Cường", "Tân Lập"] },
      "communeD": { "type": "string", "options": ["Hòa Bình", "Thanh Sơn", "Đồng Tâm", "Phú Cường", "Tân Lập"] }
    },
    "constraints": [
      "popA !== popB", "popA !== popC", "popA !== popD",
      "popB !== popC", "popB !== popD",
      "popC !== popD",
      "communeA !== communeB", "communeA !== communeC", "communeA !== communeD",
      "communeB !== communeC", "communeB !== communeD",
      "communeC !== communeD"
    ],
    "formulas": {
      "totalPopulation": "variables.popA + variables.popB + variables.popC + variables.popD",
      "maxPopulation": "Math.max(variables.popA, variables.popB, variables.popC, variables.popD)",
      "ans": "formulas.totalPopulation",
      "w1": "formulas.maxPopulation",
      "w2": "formulas.totalPopulation - variables.popA",
      "w3": "formulas.totalPopulation + 100"
    },
    "questionText": "Dưới đây là thống kê dân số của 4 xã thuộc một huyện:<br/>Xã {communeA}: {popA} người<br/>Xã {communeB}: {popB} người<br/>Xã {communeC}: {popC} người<br/>Xã {communeD}: {popD} người<br/>Tổng dân số của 4 xã trên là bao nhiêu người?",
    "options": [
      "A. {ans} người",
      "B. {w1} người",
      "C. {w2} người",
      "D. {w3} người"
    ],
    "correctIndex": 0,
    "hints": [
      "Để tính tổng dân số, em cần cộng số người của từng xã lại với nhau.",
      "Hãy cẩn thận khi cộng các số hàng nghìn."
    ],
    "solutionHtml": "Để tính tổng dân số của 4 xã, ta cộng số dân của mỗi xã lại:<br/>$ {popA} + {popB} + {popC} + {popD} = {ans} $ (người).<br/>Vậy, tổng dân số của 4 xã trên là $ {ans} $ người.<br/>Đáp án đúng là A.",
    "tip": "Khi cộng các số có nhiều chữ số, hãy đặt tính thẳng hàng và cộng từ phải sang trái để tránh nhầm lẫn.",
    "level": "chat-luong-cao",
    "type": "l4-bai-49-d6"
  },
  {
    "isTemplate": true,
    "variables": {
      "tempMon": { "min": 25, "max": 35, "step": 1 },
      "tempTue": { "min": 25, "max": 35, "step": 1 },
      "tempWed": { "min": 25, "max": 35, "step": 1 },
      "tempThu": { "min": 25, "max": 35, "step": 1 },
      "tempFri": { "min": 25, "max": 35, "step": 1 },
      "city": { "type": "string", "options": ["Hà Nội", "Đà Nẵng", "Thành phố Hồ Chí Minh", "Cần Thơ"] }
    },
    "constraints": [
      "tempMon !== tempTue", "tempMon !== tempWed", "tempMon !== tempThu", "tempMon !== tempFri",
      "tempTue !== tempWed", "tempTue !== tempThu", "tempTue !== tempFri",
      "tempWed !== tempThu", "tempWed !== tempFri",
      "tempThu !== tempFri"
    ],
    "formulas": {
      "maxTemp": "Math.max(variables.tempMon, variables.tempTue, variables.tempWed, variables.tempThu, variables.tempFri)",
      "minTemp": "Math.min(variables.tempMon, variables.tempTue, variables.tempWed, variables.tempThu, variables.tempFri)",
      "ans": "formulas.maxTemp - formulas.minTemp",
      "w1": "formulas.maxTemp + formulas.minTemp",
      "w2": "formulas.maxTemp",
      "w3": "formulas.minTemp"
    },
    "questionText": "Bảng thống kê nhiệt độ trung bình (đơn vị độ C) tại {city} trong 5 ngày đầu tuần như sau:<br/>Thứ Hai: {tempMon} $ ^\\circ C $<br/>Thứ Ba: {tempTue} $ ^\\circ C $<br/>Thứ Tư: {tempWed} $ ^\\circ C $<br/>Thứ Năm: {tempThu} $ ^\\circ C $<br/>Thứ Sáu: {tempFri} $ ^\\circ C $<br/>Hỏi nhiệt độ cao nhất và nhiệt độ thấp nhất trong 5 ngày này chênh lệch nhau bao nhiêu độ C?",
    "options": [
      "A. {w1} $ ^\\circ C $",
      "B. {ans} $ ^\\circ C $",
      "C. {w2} $ ^\\circ C $",
      "D. {w3} $ ^\\circ C $"
    ],
    "correctIndex": 1,
    "hints": [
      "Xác định nhiệt độ cao nhất và nhiệt độ thấp nhất trong dãy số liệu.",
      "Lấy nhiệt độ cao nhất trừ đi nhiệt độ thấp nhất để tìm sự chênh lệch."
    ],
    "solutionHtml": "Để tìm sự chênh lệch nhiệt độ cao nhất và nhiệt độ thấp nhất, ta làm như sau:<br/>1. Tìm nhiệt độ cao nhất trong 5 ngày: $ {maxTemp} ^\\circ C $.<br/>2. Tìm nhiệt độ thấp nhất trong 5 ngày: $ {minTemp} ^\\circ C $.<br/>3. Tính hiệu số nhiệt độ:<br/>$ {maxTemp} - {minTemp} = {ans} $ ($ ^\\circ C $).<br/>Vậy, nhiệt độ cao nhất và nhiệt độ thấp nhất chênh lệch nhau $ {ans} ^\\circ C $.<br/>Đáp án đúng là B.",
    "tip": "Khi so sánh các giá trị trong một dãy số liệu, hãy tìm giá trị lớn nhất và nhỏ nhất một cách cẩn thận.",
    "level": "chat-luong-cao",
    "type": "l4-bai-49-d7"
  },
  {
    "isTemplate": true,
    "variables": {
      "costDay1": { "min": 80000, "max": 150000, "step": 10000 },
      "costDay2": { "min": 80000, "max": 150000, "step": 10000 },
      "costDay3": { "min": 80000, "max": 150000, "step": 10000 },
      "person": { "type": "string", "options": ["Bác Ba", "Cô Tư", "Chú Năm", "Dì Sáu"] }
    },
    "constraints": [
      "costDay1 !== costDay2", "costDay1 !== costDay3",
      "costDay2 !== costDay3"
    ],
    "formulas": {
      "totalCost": "variables.costDay1 + variables.costDay2 + variables.costDay3",
      "maxCost": "Math.max(variables.costDay1, variables.costDay2, variables.costDay3)",
      "minCost": "Math.min(variables.costDay1, variables.costDay2, variables.costDay3)",
      "ans": "formulas.totalCost",
      "w1": "formulas.maxCost - formulas.minCost",
      "w2": "Math.floor(formulas.totalCost / 3)",
      "w3": "formulas.totalCost + 10000"
    },
    "questionText": "{person} ghi lại chi phí sinh hoạt của gia đình trong 3 ngày đầu tuần như sau:<br/>Thứ Hai: {costDay1} đồng<br/>Thứ Ba: {costDay2} đồng<br/>Thứ Tư: {costDay3} đồng<br/>Hỏi tổng số tiền gia đình {person} đã chi tiêu trong 3 ngày này là bao nhiêu?",
    "options": [
      "A. {ans} đồng",
      "B. {w1} đồng",
      "C. {w2} đồng",
      "D. {w3} đồng"
    ],
    "correctIndex": 0,
    "hints": [
      "Để tìm tổng số tiền chi tiêu, em cần cộng chi phí của mỗi ngày lại.",
      "Hãy chú ý đến các số có nhiều chữ số khi thực hiện phép cộng."
    ],
    "solutionHtml": "Để tính tổng số tiền gia đình {person} đã chi tiêu trong 3 ngày, ta cộng các khoản chi phí lại:<br/>$ {costDay1} + {costDay2} + {costDay3} = {ans} $ (đồng).<br/>Vậy, tổng số tiền gia đình {person} đã chi tiêu trong 3 ngày là $ {ans} $ đồng.<br/>Đáp án đúng là A.",
    "tip": "Khi làm việc với các số tiền lớn, hãy chắc chắn em đã cộng đúng các hàng đơn vị, hàng chục, hàng trăm, v.v. để tránh sai sót.",
    "level": "chat-luong-cao",
    "type": "l4-bai-49-d8"
  },
  {
    "isTemplate": true,
    "variables": {
      "timeA": { "min": 15, "max": 30, "step": 1 },
      "timeB": { "min": 15, "max": 30, "step": 1 },
      "timeC": { "min": 15, "max": 30, "step": 1 },
      "timeD": { "min": 15, "max": 30, "step": 1 },
      "studentA": { "type": "string", "options": ["Lan", "Nam", "An", "Bình", "Mai"] },
      "studentB": { "type": "string", "options": ["Lan", "Nam", "An", "Bình", "Mai"] },
      "studentC": { "type": "string", "options": ["Lan", "Nam", "An", "Bình", "Mai"] },
      "studentD": { "type": "string", "options": ["Lan", "Nam", "An", "Bình", "Mai"] }
    },
    "constraints": [
      "timeA !== timeB", "timeA !== timeC", "timeA !== timeD",
      "timeB !== timeC", "timeB !== timeD",
      "timeC !== timeD",
      "studentA !== studentB", "studentA !== studentC", "studentA !== studentD",
      "studentB !== studentC", "studentB !== studentD",
      "studentC !== studentD"
    ],
    "formulas": {
      "maxTime": "Math.max(variables.timeA, variables.timeB, variables.timeC, variables.timeD)",
      "minTime": "Math.min(variables.timeA, variables.timeB, variables.timeC, variables.timeD)",
      "ans": "formulas.maxTime - formulas.minTime",
      "w1": "formulas.maxTime + formulas.minTime",
      "w2": "formulas.maxTime",
      "w3": "formulas.minTime"
    },
    "questionText": "Dưới đây là thời gian (tính bằng phút) hoàn thành bài tập Toán của 4 bạn học sinh lớp 4:<br/>Bạn {studentA}: {timeA} phút<br/>Bạn {studentB}: {timeB} phút<br/>Bạn {studentC}: {timeC} phút<br/>Bạn {studentD}: {timeD} phút<br/>Hỏi bạn làm bài lâu nhất hơn bạn làm bài nhanh nhất bao nhiêu phút?",
    "options": [
      "A. {w1} phút",
      "B. {ans} phút",
      "C. {w2} phút",
      "D. {w3} phút"
    ],
    "correctIndex": 1,
    "hints": [
      "Xác định thời gian làm bài dài nhất (lâu nhất) và ngắn nhất (nhanh nhất) trong dãy số liệu.",
      "Lấy thời gian dài nhất trừ đi thời gian ngắn nhất để tìm sự chênh lệch."
    ],
    "solutionHtml": "Để tìm sự chênh lệch thời gian giữa bạn làm bài lâu nhất và bạn làm bài nhanh nhất, ta làm như sau:<br/>1. Thời gian làm bài lâu nhất là: $ {maxTime} $ phút.<br/>2. Thời gian làm bài nhanh nhất là: $ {minTime} $ phút.<br/>3. Tính hiệu số thời gian:<br/>$ {maxTime} - {minTime} = {ans} $ (phút).<br/>Vậy, bạn làm bài lâu nhất hơn bạn làm bài nhanh nhất $ {ans} $ phút.<br/>Đáp án đúng là B.",
    "tip": "Thời gian hoàn thành bài tập càng nhỏ thì bạn đó làm càng nhanh. Thời gian càng lớn thì bạn đó làm càng lâu.",
    "level": "chat-luong-cao",
    "type": "l4-bai-49-d9"
  },
  {
    "isTemplate": true,
    "variables": {
      "booksA": { "min": 5, "max": 12, "step": 1 },
      "booksB": { "min": 5, "max": 12, "step": 1 },
      "booksC": { "min": 5, "max": 12, "step": 1 },
      "booksD": { "min": 5, "max": 12, "step": 1 },
      "booksE": { "min": 5, "max": 12, "step": 1 },
      "readerA": { "type": "string", "options": ["Hà", "Minh", "Quân", "Trang", "Việt"] },
      "readerB": { "type": "string", "options": ["Hà", "Minh", "Quân", "Trang", "Việt"] },
      "readerC": { "type": "string", "options": ["Hà", "Minh", "Quân", "Trang", "Việt"] },
      "readerD": { "type": "string", "options": ["Hà", "Minh", "Quân", "Trang", "Việt"] },
      "readerE": { "type": "string", "options": ["Hà", "Minh", "Quân", "Trang", "Việt"] }
    },
    "constraints": [
      "booksA !== booksB", "booksA !== booksC", "booksA !== booksD", "booksA !== booksE",
      "booksB !== booksC", "booksB !== booksD", "booksB !== booksE",
      "booksC !== booksD", "booksC !== booksE",
      "booksD !== booksE",
      "readerA !== readerB", "readerA !== readerC", "readerA !== readerD", "readerA !== readerE",
      "readerB !== readerC", "readerB !== readerD", "readerB !== readerE",
      "readerC !== readerD", "readerC !== readerE",
      "readerD !== readerE"
    ],
    "formulas": {
      "totalBooks": "variables.booksA + variables.booksB + variables.booksC + variables.booksD + variables.booksE",
      "maxBooks": "Math.max(variables.booksA, variables.booksB, variables.booksC, variables.booksD, variables.booksE)",
      "minBooks": "Math.min(variables.booksA, variables.booksB, variables.booksC, variables.booksD, variables.booksE)",
      "ans": "formulas.totalBooks",
      "w1": "formulas.maxBooks",
      "w2": "formulas.maxBooks - formulas.minBooks",
      "w3": "formulas.totalBooks - 5"
    },
    "questionText": "Dãy số liệu thống kê dưới đây cho biết số quyển sách mỗi bạn đọc được trong tháng vừa qua:<br/>Bạn {readerA}: {booksA} quyển<br/>Bạn {readerB}: {booksB} quyển<br/>Bạn {readerC}: {booksC} quyển<br/>Bạn {readerD}: {booksD} quyển<br/>Bạn {readerE}: {booksE} quyển<br/>Hỏi tổng cộng 5 bạn đã đọc được bao nhiêu quyển sách trong tháng?",
    "options": [
      "A. {w1} quyển",
      "B. {w2} quyển",
      "C. {ans} quyển",
      "D. {w3} quyển"
    ],
    "correctIndex": 2,
    "hints": [
      "Để tìm tổng số sách đã đọc, em cần cộng số sách của từng bạn lại với nhau.",
      "Cẩn thận khi thực hiện phép cộng các số nhỏ."
    ],
    "solutionHtml": "Để tìm tổng số quyển sách mà 5 bạn đã đọc trong tháng, ta cộng số sách của mỗi bạn lại:<br/>$ {booksA} + {booksB} + {booksC} + {booksD} + {booksE} = {ans} $ (quyển).<br/>Vậy, tổng cộng 5 bạn đã đọc được $ {ans} $ quyển sách trong tháng.<br/>Đáp án đúng là C.",
    "tip": "Hãy đọc kỹ câu hỏi và xác định phép tính cần thực hiện (cộng, trừ, tìm giá trị lớn nhất/nhỏ nhất) dựa trên yêu cầu của đề bài.",
    "level": "chat-luong-cao",
    "type": "l4-bai-49-d10"
  }
]

