==================================================
AI GENERATION ERROR REPORT
Time: 2026-07-06T01:08:18.101Z
Lesson ID: l4-bai-1
Lesson Title: Bài 1: Ôn tập các số đến 100 000
==================================================

[ERROR DETAILS]
Expected ',' or '}' after property value in JSON at position 19852 (line 377 column 735)
SyntaxError: Expected ',' or '}' after property value in JSON at position 19852 (line 377 column 735)
    at JSON.parse (<anonymous>)
    at F:\KHQS\AntiGravity\HocTap\server.js:1251:25
    at process.processTicksAndRejections (node:internal/process/task_queues:104:5)

[JSON DIAGNOSTICS]
Error Position: 19852 (Line: 377, Column: 735)
Character causing error: "]"

Context:
... br/>Các số lẻ trong tập hợp $ {d1}, {d2}, {d3}, {d4} $ là: <br/>$ {eval('JSON.stringify([d1, d2, d3, d4].filter(d => d % 2 !== 0))').replace(/[\\[\\]">>>[LỖI TẠI ĐÂY]<<<]/g, '')} $. <br/> Số lẻ nhỏ nhất có 4 chữ số lập được là $ {smallestOdd} $ (thực tế, đây là quá trình sắp xếp cẩn thận để số nhỏ nhất và là số lẻ).<b ...

[CLEANED JSON TEXT]
[
  {
    "isTemplate": true,
    "variables": {
      "d1": { "min": 5, "max": 9, "step": 1 },
      "d2": { "min": 2, "max": 4, "step": 1 },
      "d3": { "min": 0, "max": 1, "step": 1 },
      "d4": { "min": 6, "max": 9, "step": 1 },
      "d5": { "min": 0, "max": 1, "step": 1 },
      "addValue": { "min": 100, "max": 500, "step": 10 }
    },
    "constraints": [
      "d1 !== d2",
      "d1 !== d3",
      "d1 !== d4",
      "d1 !== d5",
      "d2 !== d3",
      "d2 !== d4",
      "d2 !== d5",
      "d3 !== d4",
      "d3 !== d5",
      "d4 !== d5",
      "d1 > d2",
      "d2 > d3",
      "d4 > d1",
      "d5 < d3"
    ],
    "formulas": {
      "digitA": "d4",
      "digitB": "d1",
      "digitC": "d2",
      "digitD": "d3",
      "digitE": "d5",
      "baseNumber": "digitA * 10000 + digitB * 1000 + digitC * 100 + digitD * 10 + digitE",
      "ans": "baseNumber + addValue",
      "w1": "baseNumber - addValue",
      "w2": "baseNumber + addValue + 10",
      "w3": "baseNumber + addValue - 100"
    },
    "questionText": "Cho 5 chữ số khác nhau: $ {digitA}, {digitB}, {digitC}, {digitD}, {digitE} $. Từ 5 chữ số này, bạn Mai đã lập được số lớn nhất có 5 chữ số là $ {baseNumber} $. Nếu thêm $ {addValue} $ đơn vị vào số của Mai, số mới sẽ là bao nhiêu?",
    "options": [
      "A. $ {w1} $",
      "B. $ {w2} $",
      "C. $ {ans} $",
      "D. $ {w3} $"
    ],
    "correctIndex": 2,
    "hints": [
      "Đầu tiên, hãy xác định số lớn nhất có 5 chữ số được tạo từ các chữ số đã cho. Số này đã được cho là $ {baseNumber} $.",
      "Sau đó, thực hiện phép cộng để tìm số mới: Số lớn nhất + $ {addValue} $."
    ],
    "solutionHtml": "Số lớn nhất có 5 chữ số được tạo từ các chữ số đã cho là $ {baseNumber} $. <br/>Nếu thêm $ {addValue} $ đơn vị vào số này, ta thực hiện phép cộng: <br/>$ {baseNumber} + {addValue} = {ans} $<br/>Vậy số mới là $ {ans} $.<br/>Đáp án đúng là C.",
    "tip": "Để tạo số lớn nhất từ các chữ số khác nhau, ta sắp xếp các chữ số theo thứ tự giảm dần từ hàng chục nghìn đến hàng đơn vị. Sau đó, đọc kỹ yêu cầu để thực hiện phép tính chính xác.",
    "level": "chat-luong-cao",
    "type": "l4-bai-1-q1"
  },
  {
    "isTemplate": true,
    "variables": {
      "initialCount": { "min": 50000, "max": 70000, "step": 1000 },
      "produceDay1": { "min": 10000, "max": 15000, "step": 500 },
      "produceDay2": { "min": 12000, "max": 18000, "step": 500 },
      "soldItems": { "min": 25000, "max": 40000, "step": 1000 }
    },
    "constraints": [
      "initialCount + produceDay1 + produceDay2 > soldItems"
    ],
    "formulas": {
      "totalProduced": "produceDay1 + produceDay2",
      "totalBeforeSale": "initialCount + totalProduced",
      "ans": "totalBeforeSale - soldItems",
      "w1": "initialCount + produceDay1 + produceDay2 + soldItems",
      "w2": "initialCount + soldItems - produceDay1 - produceDay2",
      "w3": "initialCount + produceDay1 - soldItems"
    },
    "questionText": "Một nhà máy có sẵn $ {initialCount} $ sản phẩm. Ngày thứ nhất, nhà máy sản xuất thêm được $ {produceDay1} $ sản phẩm. Ngày thứ hai, nhà máy sản xuất thêm $ {produceDay2} $ sản phẩm nữa. Sau đó, nhà máy đã bán được $ {soldItems} $ sản phẩm. Hỏi nhà máy còn lại bao nhiêu sản phẩm?",
    "options": [
      "A. $ {w1} $ sản phẩm",
      "B. $ {w2} $ sản phẩm",
      "C. $ {ans} $ sản phẩm",
      "D. $ {w3} $ sản phẩm"
    ],
    "correctIndex": 2,
    "hints": [
      "Tính tổng số sản phẩm nhà máy có sau 2 ngày sản xuất.",
      "Sau đó, lấy tổng số sản phẩm trừ đi số sản phẩm đã bán."
    ],
    "solutionHtml": "Tổng số sản phẩm nhà máy sản xuất thêm trong hai ngày là:<br/>$ {produceDay1} + {produceDay2} = {totalProduced} $ (sản phẩm)<br/>Tổng số sản phẩm nhà máy có trước khi bán là:<br/>$ {initialCount} + {totalProduced} = {totalBeforeSale} $ (sản phẩm)<br/>Số sản phẩm nhà máy còn lại sau khi bán là:<br/>$ {totalBeforeSale} - {soldItems} = {ans} $ (sản phẩm)<br/>Đáp án đúng là C.",
    "tip": "Khi giải bài toán có nhiều bước, hãy đọc kỹ từng dữ kiện và xác định thứ tự các phép tính cần thực hiện. Cộng các phần thêm vào, rồi trừ đi phần đã mất.",
    "level": "chat-luong-cao",
    "type": "l4-bai-1-q2"
  },
  {
    "isTemplate": true,
    "variables": {
      "numA": { "min": 35000, "max": 45000, "step": 1000 },
      "numB": { "min": 50000, "max": 60000, "step": 1000 },
      "midDigit": { "min": 2, "max": 7, "step": 1 }
    },
    "constraints": [
      "numB > numA",
      "numB % 10000 === 0",
      "numA % 10000 === 0"
    ],
    "formulas": {
      "xLowerBound": "numA + 1",
      "xUpperBound": "numB - 1",
      "targetNumberTensThousands": "Math.floor(xLowerBound / 10000)",
      "targetNumberThousands": "Math.floor((xLowerBound % 10000) / 1000)",
      "ans": "midDigit * 10000 + targetNumberThousands * 1000 + 5000 + (midDigit + 1) * 100 + (midDigit + 2) * 10 + (midDigit + 3)",
      "numC": "midDigit * 10000 + targetNumberThousands * 1000 + 5000 + (midDigit + 1) * 100 + (midDigit + 2) * 10 + (midDigit + 3)",
      "w1": "ans + 10000",
      "w2": "ans - 1000",
      "w3": "ans + 100"
    },
    "questionText": "Cho số $ X = {midDigit}0000 $. Bạn An cần tìm một số tự nhiên có 5 chữ số, sao cho số đó lớn hơn $ {numA} $ và nhỏ hơn $ {numB} $. Chữ số hàng chục nghìn của số đó phải là $ {midDigit} $, và chữ số hàng nghìn là $ {targetNumberThousands} $. Nếu chữ số hàng trăm là 5, hàng chục là $ {midDigit + 1} $, và hàng đơn vị là $ {midDigit + 2} $, thì số đó là bao nhiêu?",
    "options": [
      "A. $ {w1} $",
      "B. $ {w2} $",
      "C. $ {ans} $",
      "D. $ {w3} $"
    ],
    "correctIndex": 2,
    "hints": [
      "Số cần tìm phải lớn hơn $ {numA} $ và nhỏ hơn $ {numB} $.",
      "Xác định các chữ số của số đó theo thứ tự từ hàng chục nghìn đến hàng đơn vị theo các gợi ý trong đề bài."
    ],
    "solutionHtml": "Số cần tìm có 5 chữ số. <br/>Theo đề bài, các chữ số của số đó là:<br/>- Chữ số hàng chục nghìn là $ {midDigit} $.<br/>- Chữ số hàng nghìn là $ {targetNumberThousands} $.<br/>- Chữ số hàng trăm là $ 5 $.<br/>- Chữ số hàng chục là $ {midDigit + 1} $.<br/>- Chữ số hàng đơn vị là $ {midDigit + 2} $.<br/>Ghép các chữ số lại, ta được số: $ {midDigit}{targetNumberThousands}5({midDigit+1})({midDigit+2}) $.<br/>Số đó là $ {ans} $.<br/>Ta kiểm tra: $ {numA} < {ans} < {numB} $ ($ {numA} < {midDigit}{targetNumberThousands}5({midDigit+1})({midDigit+2}) < {numB} $). Điều kiện này thỏa mãn.<br/>Đáp án đúng là C.",
    "tip": "Khi tìm một số dựa trên các điều kiện về chữ số và khoảng giá trị, hãy bắt đầu bằng việc xác định các chữ số theo từng hàng một, từ hàng lớn nhất đến hàng nhỏ nhất. Sau đó, kiểm tra xem số tạo thành có thỏa mãn tất cả các điều kiện về khoảng giá trị không.",
    "level": "chat-luong-cao",
    "type": "l4-bai-1-q3"
  },
  {
    "isTemplate": true,
    "variables": {
      "initialMoney": { "min": 20000, "max": 30000, "step": 1000 },
      "dailySavings": { "min": 500, "max": 1000, "step": 100 },
      "numDays": { "min": 15, "max": 25, "step": 1 },
      "itemCost": { "min": 10000, "max": 15000, "step": 500 }
    },
    "constraints": [
      "initialMoney + dailySavings * numDays > itemCost",
      "initialMoney + dailySavings * numDays - itemCost > 0"
    ],
    "formulas": {
      "savedDuringDays": "dailySavings * numDays",
      "totalMoney": "initialMoney + savedDuringDays",
      "ans": "totalMoney - itemCost",
      "w1": "totalMoney + itemCost",
      "w2": "totalMoney - itemCost + 5000",
      "w3": "initialMoney + savedDuringDays + itemCost"
    },
    "questionText": "Bạn Hoa có sẵn $ {initialMoney} $ đồng. Mỗi ngày, bạn Hoa tiết kiệm thêm $ {dailySavings} $ đồng. Sau $ {numDays} $ ngày, bạn Hoa dùng tiền tiết kiệm được để mua một món đồ chơi giá $ {itemCost} $ đồng. Hỏi bạn Hoa còn lại bao nhiêu tiền?",
    "options": [
      "A. $ {w1} $ đồng",
      "B. $ {w2} $ đồng",
      "C. $ {ans} $ đồng",
      "D. $ {w3} $ đồng"
    ],
    "correctIndex": 2,
    "hints": [
      "Tính số tiền bạn Hoa tiết kiệm được trong $ {numDays} $ ngày.",
      "Tính tổng số tiền bạn Hoa có sau khi tiết kiệm.",
      "Lấy tổng số tiền trừ đi giá tiền món đồ chơi."
    ],
    "solutionHtml": "Số tiền bạn Hoa tiết kiệm được trong $ {numDays} $ ngày là:<br/>$ {dailySavings} \\times {numDays} = {savedDuringDays} $ (đồng)<br/>Tổng số tiền bạn Hoa có sau khi tiết kiệm là:<br/>$ {initialMoney} + {savedDuringDays} = {totalMoney} $ (đồng)<br/>Số tiền bạn Hoa còn lại sau khi mua đồ chơi là:<br/>$ {totalMoney} - {itemCost} = {ans} $ (đồng)<br/>Đáp án đúng là C.",
    "tip": "Đây là một bài toán nhiều bước liên quan đến tiền bạc. Hãy cẩn thận thực hiện từng phép tính: nhân để tính tổng số tiền tiết kiệm được, cộng với số tiền ban đầu, rồi cuối cùng là trừ đi số tiền đã chi tiêu.",
    "level": "chat-luong-cao",
    "type": "l4-bai-1-q4"
  },
  {
    "isTemplate": true,
    "variables": {
      "tensThousandsDigit": { "min": 4, "max": 6, "step": 1 },
      "thousandsDigit": { "min": 2, "max": 3, "step": 1 },
      "hundredsDigit": { "min": 7, "max": 9, "step": 1 },
      "tensDigit": { "min": 0, "max": 1, "step": 1 },
      "unitsDigitFactor": { "min": 2, "max": 3, "step": 1 }
    },
    "constraints": [
      "tensThousandsDigit > thousandsDigit",
      "hundredsDigit > thousandsDigit",
      "tensDigit < thousandsDigit",
      "unitsDigitFactor * thousandsDigit < 10"
    ],
    "formulas": {
      "unitsDigit": "unitsDigitFactor * thousandsDigit",
      "targetNumber": "tensThousandsDigit * 10000 + thousandsDigit * 1000 + hundredsDigit * 100 + tensDigit * 10 + unitsDigit",
      "ans": "tensThousandsDigit + thousandsDigit + hundredsDigit + tensDigit + unitsDigit",
      "w1": "ans + 5",
      "w2": "ans - 3",
      "w3": "ans * 2"
    },
    "questionText": "Một số có 5 chữ số có các đặc điểm sau: Chữ số hàng chục nghìn là $ {tensThousandsDigit} $. Chữ số hàng nghìn là $ {thousandsDigit} $. Chữ số hàng trăm là $ {hundredsDigit} $. Chữ số hàng chục là $ {tensDigit} $. Chữ số hàng đơn vị gấp $ {unitsDigitFactor} $ lần chữ số hàng nghìn. Hỏi tổng các chữ số của số đó là bao nhiêu?",
    "options": [
      "A. $ {w1} $",
      "B. $ {ans} $",
      "C. $ {w2} $",
      "D. $ {w3} $"
    ],
    "correctIndex": 1,
    "hints": [
      "Trước tiên, hãy tìm chữ số hàng đơn vị dựa trên thông tin đã cho.",
      "Sau đó, viết ra số có 5 chữ số đó.",
      "Cuối cùng, cộng tất cả các chữ số của số đó lại."
    ],
    "solutionHtml": "Theo đề bài:<br/>- Chữ số hàng chục nghìn là $ {tensThousandsDigit} $.<br/>- Chữ số hàng nghìn là $ {thousandsDigit} $.<br/>- Chữ số hàng trăm là $ {hundredsDigit} $.<br/>- Chữ số hàng chục là $ {tensDigit} $.<br/>- Chữ số hàng đơn vị gấp $ {unitsDigitFactor} $ lần chữ số hàng nghìn, vậy chữ số hàng đơn vị là $ {thousandsDigit} \\times {unitsDigitFactor} = {unitsDigit} $.<br/>Số có 5 chữ số đó là $ {targetNumber} $.<br/>Tổng các chữ số của số đó là:<br/>$ {tensThousandsDigit} + {thousandsDigit} + {hundredsDigit} + {tensDigit} + {unitsDigit} = {ans} $<br/>Đáp án đúng là B.",
    "tip": "Đọc kỹ từng đặc điểm của số để xác định từng chữ số một. Đặc biệt chú ý đến mối quan hệ 'gấp mấy lần' để tìm chữ số cuối cùng, sau đó mới tính tổng.",
    "level": "chat-luong-cao",
    "type": "l4-bai-1-q5"
  },
  {
    "isTemplate": true,
    "variables": {
      "initialRows": { "min": 25, "max": 35, "step": 1 },
      "studentsPerRow": { "min": 10, "max": 15, "step": 1 },
      "newGroups": { "min": 5, "max": 7, "step": 1 }
    },
    "constraints": [
      "initialRows * studentsPerRow > 100",
      "(initialRows * studentsPerRow) % newGroups === 0"
    ],
    "formulas": {
      "totalStudents": "initialRows * studentsPerRow",
      "ans": "totalStudents / newGroups",
      "w1": "totalStudents + newGroups",
      "w2": "totalStudents * newGroups",
      "w3": "totalStudents / (newGroups - 1)"
    },
    "questionText": "Trong buổi lễ khai giảng, trường có $ {initialRows} $ hàng học sinh, mỗi hàng có $ {studentsPerRow} $ học sinh. Sau đó, tất cả học sinh được chia thành $ {newGroups} $ nhóm đều nhau để tham gia trò chơi. Hỏi mỗi nhóm có bao nhiêu học sinh?",
    "options": [
      "A. $ {w1} $ học sinh",
      "B. $ {ans} $ học sinh",
      "C. $ {w2} $ học sinh",
      "D. $ {w3} $ học sinh"
    ],
    "correctIndex": 1,
    "hints": [
      "Tính tổng số học sinh của trường.",
      "Sau đó, chia tổng số học sinh cho số nhóm để tìm số học sinh trong mỗi nhóm."
    ],
    "solutionHtml": "Tổng số học sinh của trường là:<br/>$ {initialRows} \\times {studentsPerRow} = {totalStudents} $ (học sinh)<br/>Số học sinh trong mỗi nhóm là:<br/>$ {totalStudents} : {newGroups} = {ans} $ (học sinh)<br/>Đáp án đúng là B.",
    "tip": "Bài toán này đòi hỏi hai phép tính liên tiếp. Phép nhân giúp tìm tổng số lượng, còn phép chia giúp phân phối đều vào các nhóm.",
    "level": "chat-luong-cao",
    "type": "l4-bai-1-q6"
  },
  {
    "isTemplate": true,
    "variables": {
      "startNum": { "min": 10000, "max": 20000, "step": 1000 },
      "increment": { "min": 50, "max": 100, "step": 10 },
      "termIndex": { "min": 15, "max": 25, "step": 1 }
    },
    "constraints": [
      "startNum + (termIndex - 1) * increment < 100000",
      "increment > 0"
    ],
    "formulas": {
      "ans": "startNum + (termIndex - 1) * increment",
      "w1": "startNum + termIndex * increment",
      "w2": "startNum + (termIndex + 1) * increment",
      "w3": "startNum + (termIndex - 2) * increment"
    },
    "questionText": "Cho dãy số: $ {startNum}, {startNum + increment}, {startNum + 2 * increment}, ... $ (mỗi số trong dãy cách đều nhau $ {increment} $ đơn vị). Hỏi số thứ $ {termIndex} $ của dãy là bao nhiêu?",
    "options": [
      "A. $ {w1} $",
      "B. $ {ans} $",
      "C. $ {w2} $",
      "D. $ {w3} $"
    ],
    "correctIndex": 1,
    "hints": [
      "Số thứ nhất là $ {startNum} $.",
      "Số thứ hai là $ {startNum} + {increment} $.",
      "Số thứ ba là $ {startNum} + 2 \\times {increment} $.",
      "Để tìm số thứ $ {termIndex} $, ta lấy số hạng đầu cộng với tích của (số thứ tự - 1) và khoảng cách giữa các số."
    ],
    "solutionHtml": "Dãy số đã cho là một dãy số cách đều.<br/>Số hạng thứ nhất là $ {startNum} $.<br/>Khoảng cách giữa hai số hạng liên tiếp là $ {increment} $.<br/>Để tìm số hạng thứ $ {termIndex} $ của dãy, ta dùng công thức:<br/>Số hạng thứ $ {termIndex} = \\text{Số hạng đầu} + (\\text{Số thứ tự} - 1) \\times \\text{Khoảng cách}<br/>Số hạng thứ $ {termIndex} $ là: $ {startNum} + ({termIndex} - 1) \\times {increment} $<br/>$ = {startNum} + {termIndex - 1} \\times {increment} $<br/>$ = {startNum} + { (termIndex - 1) * increment } $<br/>$ = {ans} $<br/>Đáp án đúng là B.",
    "tip": "Hãy nhớ công thức tìm số hạng thứ 'n' trong dãy số cách đều: Số hạng đầu + (n - 1) x Khoảng cách. Đừng nhầm lẫn giữa 'n' và 'n - 1' trong phép tính.",
    "level": "chat-luong-cao",
    "type": "l4-bai-1-q7"
  },
  {
    "isTemplate": true,
    "variables": {
      "numA": { "min": 15000, "max": 25000, "step": 500 },
      "numB": { "min": 8000, "max": 12000, "step": 500 },
      "factorC": { "min": 2, "max": 4, "step": 1 }
    },
    "constraints": [
      "numA > numB",
      "numA + numB + numB * factorC < 100000"
    ],
    "formulas": {
      "numC": "numB * factorC",
      "ans": "numA + numB + numC",
      "w1": "numA + numB - numC",
      "w2": "numA * numB + numC",
      "w3": "numA + numB * factorC"
    },
    "questionText": "Cho ba số A, B và C. Biết số A là $ {numA} $. Số B kém số A là $ {numA - numB} $ đơn vị. Số C gấp $ {factorC} $ lần số B. Hỏi tổng của ba số A, B và C là bao nhiêu?",
    "options": [
      "A. $ {w1} $",
      "B. $ {ans} $",
      "C. $ {w2} $",
      "D. $ {w3} $"
    ],
    "correctIndex": 1,
    "hints": [
      "Tính số B dựa vào số A và thông tin 'kém hơn'.",
      "Tính số C dựa vào số B và thông tin 'gấp ... lần'.",
      "Cuối cùng, tính tổng của ba số A, B và C."
    ],
    "solutionHtml": "Theo đề bài:<br/>Số A là $ {numA} $.<br/>Số B kém số A là $ {numA - numB} $ đơn vị, vậy số B là:<br/>$ {numA} - ({numA - numB}) = {numB} $<br/>Số C gấp $ {factorC} $ lần số B, vậy số C là:<br/>$ {numB} \\times {factorC} = {numC} $<br/>Tổng của ba số A, B và C là:<br/>$ {numA} + {numB} + {numC} = {ans} $<br/>Đáp án đúng là B.",
    "tip": "Khi giải bài toán có nhiều số và mối quan hệ giữa chúng, hãy lần lượt tìm giá trị của từng số một theo thứ tự từ dễ đến khó. Sau khi tìm được tất cả các số, thực hiện phép tính cuối cùng theo yêu cầu đề bài.",
    "level": "chat-luong-cao",
    "type": "l4-bai-1-q8"
  },
  {
    "isTemplate": true,
    "variables": {
      "d1": { "min": 6, "max": 9, "step": 1 },
      "d2": { "min": 0, "max": 2, "step": 1 },
      "d3": { "min": 3, "max": 5, "step": 1 },
      "d4": { "min": 1, "max": 2, "step": 1 }
    },
    "constraints": [
      "d1 !== d2",
      "d1 !== d3",
      "d1 !== d4",
      "d2 !== d3",
      "d2 !== d4",
      "d3 !== d4"
    ],
    "formulas": {
      "largestDigit": "Math.max(d1, d2, d3, d4)",
      "smallestDigit": "Math.min(d1, d2, d3, d4)",
      "otherDigit1": "d1 + d2 - largestDigit - smallestDigit + d3 + d4 - (d1 + d2 + d3 + d4 - largestDigit - smallestDigit - d1 - d2 - d3 - d4)",
      "otherDigit2": "(d1 + d2 + d3 + d4) - largestDigit - smallestDigit - otherDigit1",
      "sortedDigits": "JSON.stringify([d1, d2, d3, d4].sort((a, b) => a - b))",
      "sd0": "eval(sortedDigits)[0]",
      "sd1": "eval(sortedDigits)[1]",
      "sd2": "eval(sortedDigits)[2]",
      "sd3": "eval(sortedDigits)[3]",
      "finalDigits": "sd0 === 0 ? [sd1, sd0, sd2, sd3] : [sd0, sd1, sd2, sd3]",
      "fd0": "finalDigits[0]",
      "fd1": "finalDigits[1]",
      "fd2": "finalDigits[2]",
      "fd3": "finalDigits[3]",
      "number1": "fd0 * 1000 + fd1 * 100 + fd2 * 10 + fd3",
      "number2": "fd0 * 1000 + fd1 * 100 + fd3 * 10 + fd2",
      "number3": "fd0 * 1000 + fd2 * 100 + fd1 * 10 + fd3",
      "number4": "fd0 * 1000 + fd2 * 100 + fd3 * 10 + fd1",
      "number5": "fd0 * 1000 + fd3 * 100 + fd1 * 10 + fd2",
      "number6": "fd0 * 1000 + fd3 * 100 + fd2 * 10 + fd1",
      "allNumbers": "JSON.stringify([number1, number2, number3, number4, number5, number6].filter(n => n >= 1000 && n <= 9999))",
      "smallestOdd": "Math.min(...eval(allNumbers).filter(n => n % 2 !== 0))",
      "largestEven": "Math.max(...eval(allNumbers).filter(n => n % 2 === 0))",
      "ans": "smallestOdd + 1",
      "w1": "largestEven - 1",
      "w2": "smallestOdd + 10",
      "w3": "smallestOdd - 1"
    },
    "questionText": "Cho 4 chữ số khác nhau: $ {d1}, {d2}, {d3}, {d4} $. Từ 4 chữ số này, hãy lập số lẻ nhỏ nhất có 4 chữ số. Hỏi số liền sau của số lẻ nhỏ nhất đó là bao nhiêu?",
    "options": [
      "A. $ {w1} $",
      "B. $ {ans} $",
      "C. $ {w2} $",
      "D. $ {w3} $"
    ],
    "correctIndex": 1,
    "hints": [
      "Sắp xếp 4 chữ số đã cho theo thứ tự tăng dần. (Lưu ý nếu có chữ số 0, nó không thể đứng đầu)",
      "Để lập số lẻ nhỏ nhất có 4 chữ số, hãy đặt các chữ số nhỏ nhất ở hàng cao nhất, và chữ số hàng đơn vị phải là số lẻ nhỏ nhất có thể.",
      "Số liền sau của một số là số đó cộng thêm 1."
    ],
    "solutionHtml": "Các chữ số đã cho là: $ {d1}, {d2}, {d3}, {d4} $.<br/>Sắp xếp các chữ số này theo thứ tự tăng dần (đảm bảo chữ số hàng nghìn không phải là 0): $ {fd0}, {fd1}, {fd2}, {fd3} $.<br/>Để lập số lẻ nhỏ nhất có 4 chữ số từ $ {fd0}, {fd1}, {fd2}, {fd3} $:<br/>- Chữ số hàng nghìn phải là chữ số nhỏ nhất (không phải 0), tức là $ {fd0} $.<br/>- Các chữ số tiếp theo (hàng trăm, hàng chục) phải là các chữ số nhỏ nhất còn lại để số nhỏ nhất có thể.<br/>- Chữ số hàng đơn vị phải là số lẻ và là số nhỏ nhất trong các chữ số còn lại để đảm bảo số là số lẻ và là số nhỏ nhất.<br/>Các số lẻ trong tập hợp $ {d1}, {d2}, {d3}, {d4} $ là: <br/>$ {eval('JSON.stringify([d1, d2, d3, d4].filter(d => d % 2 !== 0))').replace(/[\\[\\]"]/g, '')} $. <br/> Số lẻ nhỏ nhất có 4 chữ số lập được là $ {smallestOdd} $ (thực tế, đây là quá trình sắp xếp cẩn thận để số nhỏ nhất và là số lẻ).<br/>Số liền sau của $ {smallestOdd} $ là $ {smallestOdd} + 1 = {ans} $.<br/>Đáp án đúng là B.",\n    'tip": "Khi lập số có điều kiện (lẻ/chẵn, lớn nhất/nhỏ nhất), hãy ưu tiên các hàng giá trị cao (hàng nghìn, hàng trăm) để quyết định độ lớn của số. Sau đó, mới xét đến điều kiện lẻ/chẵn ở hàng đơn vị. Cuối cùng, đừng quên yêu cầu tìm 'số liền sau' chứ không phải chính số đó.",
    "level": "chat-luong-cao",
    "type": "l4-bai-1-q9"
  },
  {
    "isTemplate": true,
    "variables": {
      "totalGuests": { "min": 80, "max": 120, "step": 5 },
      "tablesOfX": { "min": 6, "max": 8, "step": 1 },
      "chairsPerTableX": { "min": 8, "max": 10, "step": 1 },
      "tablesOfY": { "min": 4, "max": 6, "step": 1 }
    },
    "constraints": [
      "totalGuests > tablesOfX * chairsPerTableX",
      "(totalGuests - (tablesOfX * chairsPerTableX)) % tablesOfY === 0",
      "chairsPerTableX > 5"
    ],
    "formulas": {
      "seatedGuestsX": "tablesOfX * chairsPerTableX",
      "remainingGuests": "totalGuests - seatedGuestsX",
      "ans": "remainingGuests / tablesOfY",
      "w1": "ans + 2",
      "w2": "ans - 1",
      "w3": "ans * 2"
    },
    "questionText": "Một nhà hàng có $ {totalGuests} $ khách. Có $ {tablesOfX} $ bàn loại lớn, mỗi bàn có $ {chairsPerTableX} $ ghế. Số khách còn lại được xếp đều vào $ {tablesOfY} $ bàn loại nhỏ. Hỏi mỗi bàn loại nhỏ có bao nhiêu ghế?",
    "options": [
      "A. $ {w1} $ ghế",
      "B. $ {ans} $ ghế",
      "C. $ {w2} $ ghế",
      "D. $ {w3} $ ghế"
    ],
    "correctIndex": 1,
    "hints": [
      "Tính tổng số khách ngồi ở các bàn loại lớn.",
      "Tính số khách còn lại.",
      "Chia số khách còn lại cho số bàn loại nhỏ để tìm số ghế mỗi bàn loại nhỏ."
    ],
    "solutionHtml": "Số khách ngồi ở các bàn loại lớn là:<br/>$ {tablesOfX} \\times {chairsPerTableX} = {seatedGuestsX} $ (khách)<br/>Số khách còn lại sau khi xếp vào các bàn lớn là:<br/>$ {totalGuests} - {seatedGuestsX} = {remainingGuests} $ (khách)<br/>Số ghế ở mỗi bàn loại nhỏ là (số khách còn lại được xếp đều vào $ {tablesOfY} $ bàn):<br/>$ {remainingGuests} : {tablesOfY} = {ans} $ (ghế)<br/>Đáp án đúng là B.",
    "tip": "Đây là bài toán thực tế kết hợp phép nhân, trừ và chia. Hãy xác định rõ ràng 'tổng số khách', 'số khách đã xếp' và 'số khách cần xếp thêm' để tránh nhầm lẫn trong các bước tính toán.",
    "level": "chat-luong-cao",
    "type": "l4-bai-1-q10"
  }
]

[RAW AI RESPONSE TEXT]
[
  {
    "isTemplate": true,
    "variables": {
      "d1": { "min": 5, "max": 9, "step": 1 },
      "d2": { "min": 2, "max": 4, "step": 1 },
      "d3": { "min": 0, "max": 1, "step": 1 },
      "d4": { "min": 6, "max": 9, "step": 1 },
      "d5": { "min": 0, "max": 1, "step": 1 },
      "addValue": { "min": 100, "max": 500, "step": 10 }
    },
    "constraints": [
      "d1 !== d2",
      "d1 !== d3",
      "d1 !== d4",
      "d1 !== d5",
      "d2 !== d3",
      "d2 !== d4",
      "d2 !== d5",
      "d3 !== d4",
      "d3 !== d5",
      "d4 !== d5",
      "d1 > d2",
      "d2 > d3",
      "d4 > d1",
      "d5 < d3"
    ],
    "formulas": {
      "digitA": "d4",
      "digitB": "d1",
      "digitC": "d2",
      "digitD": "d3",
      "digitE": "d5",
      "baseNumber": "digitA * 10000 + digitB * 1000 + digitC * 100 + digitD * 10 + digitE",
      "ans": "baseNumber + addValue",
      "w1": "baseNumber - addValue",
      "w2": "baseNumber + addValue + 10",
      "w3": "baseNumber + addValue - 100"
    },
    "questionText": "Cho 5 chữ số khác nhau: $ {digitA}, {digitB}, {digitC}, {digitD}, {digitE} $. Từ 5 chữ số này, bạn Mai đã lập được số lớn nhất có 5 chữ số là $ {baseNumber} $. Nếu thêm $ {addValue} $ đơn vị vào số của Mai, số mới sẽ là bao nhiêu?",
    "options": [
      "A. $ {w1} $",
      "B. $ {w2} $",
      "C. $ {ans} $",
      "D. $ {w3} $"
    ],
    "correctIndex": 2,
    "hints": [
      "Đầu tiên, hãy xác định số lớn nhất có 5 chữ số được tạo từ các chữ số đã cho. Số này đã được cho là $ {baseNumber} $.",
      "Sau đó, thực hiện phép cộng để tìm số mới: Số lớn nhất + $ {addValue} $."
    ],
    "solutionHtml": "Số lớn nhất có 5 chữ số được tạo từ các chữ số đã cho là $ {baseNumber} $. <br/>Nếu thêm $ {addValue} $ đơn vị vào số này, ta thực hiện phép cộng: <br/>$ {baseNumber} + {addValue} = {ans} $<br/>Vậy số mới là $ {ans} $.<br/>Đáp án đúng là C.",
    "tip": "Để tạo số lớn nhất từ các chữ số khác nhau, ta sắp xếp các chữ số theo thứ tự giảm dần từ hàng chục nghìn đến hàng đơn vị. Sau đó, đọc kỹ yêu cầu để thực hiện phép tính chính xác.",
    "level": "chat-luong-cao",
    "type": "l4-bai-1-q1"
  },
  {
    "isTemplate": true,
    "variables": {
      "initialCount": { "min": 50000, "max": 70000, "step": 1000 },
      "produceDay1": { "min": 10000, "max": 15000, "step": 500 },
      "produceDay2": { "min": 12000, "max": 18000, "step": 500 },
      "soldItems": { "min": 25000, "max": 40000, "step": 1000 }
    },
    "constraints": [
      "initialCount + produceDay1 + produceDay2 > soldItems"
    ],
    "formulas": {
      "totalProduced": "produceDay1 + produceDay2",
      "totalBeforeSale": "initialCount + totalProduced",
      "ans": "totalBeforeSale - soldItems",
      "w1": "initialCount + produceDay1 + produceDay2 + soldItems",
      "w2": "initialCount + soldItems - produceDay1 - produceDay2",
      "w3": "initialCount + produceDay1 - soldItems"
    },
    "questionText": "Một nhà máy có sẵn $ {initialCount} $ sản phẩm. Ngày thứ nhất, nhà máy sản xuất thêm được $ {produceDay1} $ sản phẩm. Ngày thứ hai, nhà máy sản xuất thêm $ {produceDay2} $ sản phẩm nữa. Sau đó, nhà máy đã bán được $ {soldItems} $ sản phẩm. Hỏi nhà máy còn lại bao nhiêu sản phẩm?",
    "options": [
      "A. $ {w1} $ sản phẩm",
      "B. $ {w2} $ sản phẩm",
      "C. $ {ans} $ sản phẩm",
      "D. $ {w3} $ sản phẩm"
    ],
    "correctIndex": 2,
    "hints": [
      "Tính tổng số sản phẩm nhà máy có sau 2 ngày sản xuất.",
      "Sau đó, lấy tổng số sản phẩm trừ đi số sản phẩm đã bán."
    ],
    "solutionHtml": "Tổng số sản phẩm nhà máy sản xuất thêm trong hai ngày là:<br/>$ {produceDay1} + {produceDay2} = {totalProduced} $ (sản phẩm)<br/>Tổng số sản phẩm nhà máy có trước khi bán là:<br/>$ {initialCount} + {totalProduced} = {totalBeforeSale} $ (sản phẩm)<br/>Số sản phẩm nhà máy còn lại sau khi bán là:<br/>$ {totalBeforeSale} - {soldItems} = {ans} $ (sản phẩm)<br/>Đáp án đúng là C.",
    "tip": "Khi giải bài toán có nhiều bước, hãy đọc kỹ từng dữ kiện và xác định thứ tự các phép tính cần thực hiện. Cộng các phần thêm vào, rồi trừ đi phần đã mất.",
    "level": "chat-luong-cao",
    "type": "l4-bai-1-q2"
  },
  {
    "isTemplate": true,
    "variables": {
      "numA": { "min": 35000, "max": 45000, "step": 1000 },
      "numB": { "min": 50000, "max": 60000, "step": 1000 },
      "midDigit": { "min": 2, "max": 7, "step": 1 }
    },
    "constraints": [
      "numB > numA",
      "numB % 10000 === 0",
      "numA % 10000 === 0"
    ],
    "formulas": {
      "xLowerBound": "numA + 1",
      "xUpperBound": "numB - 1",
      "targetNumberTensThousands": "Math.floor(xLowerBound / 10000)",
      "targetNumberThousands": "Math.floor((xLowerBound % 10000) / 1000)",
      "ans": "midDigit * 10000 + targetNumberThousands * 1000 + 5000 + (midDigit + 1) * 100 + (midDigit + 2) * 10 + (midDigit + 3)",
      "numC": "midDigit * 10000 + targetNumberThousands * 1000 + 5000 + (midDigit + 1) * 100 + (midDigit + 2) * 10 + (midDigit + 3)",
      "w1": "ans + 10000",
      "w2": "ans - 1000",
      "w3": "ans + 100"
    },
    "questionText": "Cho số $ X = {midDigit}0000 $. Bạn An cần tìm một số tự nhiên có 5 chữ số, sao cho số đó lớn hơn $ {numA} $ và nhỏ hơn $ {numB} $. Chữ số hàng chục nghìn của số đó phải là $ {midDigit} $, và chữ số hàng nghìn là $ {targetNumberThousands} $. Nếu chữ số hàng trăm là 5, hàng chục là $ {midDigit + 1} $, và hàng đơn vị là $ {midDigit + 2} $, thì số đó là bao nhiêu?",
    "options": [
      "A. $ {w1} $",
      "B. $ {w2} $",
      "C. $ {ans} $",
      "D. $ {w3} $"
    ],
    "correctIndex": 2,
    "hints": [
      "Số cần tìm phải lớn hơn $ {numA} $ và nhỏ hơn $ {numB} $.",
      "Xác định các chữ số của số đó theo thứ tự từ hàng chục nghìn đến hàng đơn vị theo các gợi ý trong đề bài."
    ],
    "solutionHtml": "Số cần tìm có 5 chữ số. <br/>Theo đề bài, các chữ số của số đó là:<br/>- Chữ số hàng chục nghìn là $ {midDigit} $.<br/>- Chữ số hàng nghìn là $ {targetNumberThousands} $.<br/>- Chữ số hàng trăm là $ 5 $.<br/>- Chữ số hàng chục là $ {midDigit + 1} $.<br/>- Chữ số hàng đơn vị là $ {midDigit + 2} $.<br/>Ghép các chữ số lại, ta được số: $ {midDigit}{targetNumberThousands}5({midDigit+1})({midDigit+2}) $.<br/>Số đó là $ {ans} $.<br/>Ta kiểm tra: $ {numA} < {ans} < {numB} $ ($ {numA} < {midDigit}{targetNumberThousands}5({midDigit+1})({midDigit+2}) < {numB} $). Điều kiện này thỏa mãn.<br/>Đáp án đúng là C.",
    "tip": "Khi tìm một số dựa trên các điều kiện về chữ số và khoảng giá trị, hãy bắt đầu bằng việc xác định các chữ số theo từng hàng một, từ hàng lớn nhất đến hàng nhỏ nhất. Sau đó, kiểm tra xem số tạo thành có thỏa mãn tất cả các điều kiện về khoảng giá trị không.",
    "level": "chat-luong-cao",
    "type": "l4-bai-1-q3"
  },
  {
    "isTemplate": true,
    "variables": {
      "initialMoney": { "min": 20000, "max": 30000, "step": 1000 },
      "dailySavings": { "min": 500, "max": 1000, "step": 100 },
      "numDays": { "min": 15, "max": 25, "step": 1 },
      "itemCost": { "min": 10000, "max": 15000, "step": 500 }
    },
    "constraints": [
      "initialMoney + dailySavings * numDays > itemCost",
      "initialMoney + dailySavings * numDays - itemCost > 0"
    ],
    "formulas": {
      "savedDuringDays": "dailySavings * numDays",
      "totalMoney": "initialMoney + savedDuringDays",
      "ans": "totalMoney - itemCost",
      "w1": "totalMoney + itemCost",
      "w2": "totalMoney - itemCost + 5000",
      "w3": "initialMoney + savedDuringDays + itemCost"
    },
    "questionText": "Bạn Hoa có sẵn $ {initialMoney} $ đồng. Mỗi ngày, bạn Hoa tiết kiệm thêm $ {dailySavings} $ đồng. Sau $ {numDays} $ ngày, bạn Hoa dùng tiền tiết kiệm được để mua một món đồ chơi giá $ {itemCost} $ đồng. Hỏi bạn Hoa còn lại bao nhiêu tiền?",
    "options": [
      "A. $ {w1} $ đồng",
      "B. $ {w2} $ đồng",
      "C. $ {ans} $ đồng",
      "D. $ {w3} $ đồng"
    ],
    "correctIndex": 2,
    "hints": [
      "Tính số tiền bạn Hoa tiết kiệm được trong $ {numDays} $ ngày.",
      "Tính tổng số tiền bạn Hoa có sau khi tiết kiệm.",
      "Lấy tổng số tiền trừ đi giá tiền món đồ chơi."
    ],
    "solutionHtml": "Số tiền bạn Hoa tiết kiệm được trong $ {numDays} $ ngày là:<br/>$ {dailySavings} \\times {numDays} = {savedDuringDays} $ (đồng)<br/>Tổng số tiền bạn Hoa có sau khi tiết kiệm là:<br/>$ {initialMoney} + {savedDuringDays} = {totalMoney} $ (đồng)<br/>Số tiền bạn Hoa còn lại sau khi mua đồ chơi là:<br/>$ {totalMoney} - {itemCost} = {ans} $ (đồng)<br/>Đáp án đúng là C.",
    "tip": "Đây là một bài toán nhiều bước liên quan đến tiền bạc. Hãy cẩn thận thực hiện từng phép tính: nhân để tính tổng số tiền tiết kiệm được, cộng với số tiền ban đầu, rồi cuối cùng là trừ đi số tiền đã chi tiêu.",
    "level": "chat-luong-cao",
    "type": "l4-bai-1-q4"
  },
  {
    "isTemplate": true,
    "variables": {
      "tensThousandsDigit": { "min": 4, "max": 6, "step": 1 },
      "thousandsDigit": { "min": 2, "max": 3, "step": 1 },
      "hundredsDigit": { "min": 7, "max": 9, "step": 1 },
      "tensDigit": { "min": 0, "max": 1, "step": 1 },
      "unitsDigitFactor": { "min": 2, "max": 3, "step": 1 }
    },
    "constraints": [
      "tensThousandsDigit > thousandsDigit",
      "hundredsDigit > thousandsDigit",
      "tensDigit < thousandsDigit",
      "unitsDigitFactor * thousandsDigit < 10"
    ],
    "formulas": {
      "unitsDigit": "unitsDigitFactor * thousandsDigit",
      "targetNumber": "tensThousandsDigit * 10000 + thousandsDigit * 1000 + hundredsDigit * 100 + tensDigit * 10 + unitsDigit",
      "ans": "tensThousandsDigit + thousandsDigit + hundredsDigit + tensDigit + unitsDigit",
      "w1": "ans + 5",
      "w2": "ans - 3",
      "w3": "ans * 2"
    },
    "questionText": "Một số có 5 chữ số có các đặc điểm sau: Chữ số hàng chục nghìn là $ {tensThousandsDigit} $. Chữ số hàng nghìn là $ {thousandsDigit} $. Chữ số hàng trăm là $ {hundredsDigit} $. Chữ số hàng chục là $ {tensDigit} $. Chữ số hàng đơn vị gấp $ {unitsDigitFactor} $ lần chữ số hàng nghìn. Hỏi tổng các chữ số của số đó là bao nhiêu?",
    "options": [
      "A. $ {w1} $",
      "B. $ {ans} $",
      "C. $ {w2} $",
      "D. $ {w3} $"
    ],
    "correctIndex": 1,
    "hints": [
      "Trước tiên, hãy tìm chữ số hàng đơn vị dựa trên thông tin đã cho.",
      "Sau đó, viết ra số có 5 chữ số đó.",
      "Cuối cùng, cộng tất cả các chữ số của số đó lại."
    ],
    "solutionHtml": "Theo đề bài:<br/>- Chữ số hàng chục nghìn là $ {tensThousandsDigit} $.<br/>- Chữ số hàng nghìn là $ {thousandsDigit} $.<br/>- Chữ số hàng trăm là $ {hundredsDigit} $.<br/>- Chữ số hàng chục là $ {tensDigit} $.<br/>- Chữ số hàng đơn vị gấp $ {unitsDigitFactor} $ lần chữ số hàng nghìn, vậy chữ số hàng đơn vị là $ {thousandsDigit} \\times {unitsDigitFactor} = {unitsDigit} $.<br/>Số có 5 chữ số đó là $ {targetNumber} $.<br/>Tổng các chữ số của số đó là:<br/>$ {tensThousandsDigit} + {thousandsDigit} + {hundredsDigit} + {tensDigit} + {unitsDigit} = {ans} $<br/>Đáp án đúng là B.",
    "tip": "Đọc kỹ từng đặc điểm của số để xác định từng chữ số một. Đặc biệt chú ý đến mối quan hệ 'gấp mấy lần' để tìm chữ số cuối cùng, sau đó mới tính tổng.",
    "level": "chat-luong-cao",
    "type": "l4-bai-1-q5"
  },
  {
    "isTemplate": true,
    "variables": {
      "initialRows": { "min": 25, "max": 35, "step": 1 },
      "studentsPerRow": { "min": 10, "max": 15, "step": 1 },
      "newGroups": { "min": 5, "max": 7, "step": 1 }
    },
    "constraints": [
      "initialRows * studentsPerRow > 100",
      "(initialRows * studentsPerRow) % newGroups === 0"
    ],
    "formulas": {
      "totalStudents": "initialRows * studentsPerRow",
      "ans": "totalStudents / newGroups",
      "w1": "totalStudents + newGroups",
      "w2": "totalStudents * newGroups",
      "w3": "totalStudents / (newGroups - 1)"
    },
    "questionText": "Trong buổi lễ khai giảng, trường có $ {initialRows} $ hàng học sinh, mỗi hàng có $ {studentsPerRow} $ học sinh. Sau đó, tất cả học sinh được chia thành $ {newGroups} $ nhóm đều nhau để tham gia trò chơi. Hỏi mỗi nhóm có bao nhiêu học sinh?",
    "options": [
      "A. $ {w1} $ học sinh",
      "B. $ {ans} $ học sinh",
      "C. $ {w2} $ học sinh",
      "D. $ {w3} $ học sinh"
    ],
    "correctIndex": 1,
    "hints": [
      "Tính tổng số học sinh của trường.",
      "Sau đó, chia tổng số học sinh cho số nhóm để tìm số học sinh trong mỗi nhóm."
    ],
    "solutionHtml": "Tổng số học sinh của trường là:<br/>$ {initialRows} \\times {studentsPerRow} = {totalStudents} $ (học sinh)<br/>Số học sinh trong mỗi nhóm là:<br/>$ {totalStudents} : {newGroups} = {ans} $ (học sinh)<br/>Đáp án đúng là B.",
    "tip": "Bài toán này đòi hỏi hai phép tính liên tiếp. Phép nhân giúp tìm tổng số lượng, còn phép chia giúp phân phối đều vào các nhóm.",
    "level": "chat-luong-cao",
    "type": "l4-bai-1-q6"
  },
  {
    "isTemplate": true,
    "variables": {
      "startNum": { "min": 10000, "max": 20000, "step": 1000 },
      "increment": { "min": 50, "max": 100, "step": 10 },
      "termIndex": { "min": 15, "max": 25, "step": 1 }
    },
    "constraints": [
      "startNum + (termIndex - 1) * increment < 100000",
      "increment > 0"
    ],
    "formulas": {
      "ans": "startNum + (termIndex - 1) * increment",
      "w1": "startNum + termIndex * increment",
      "w2": "startNum + (termIndex + 1) * increment",
      "w3": "startNum + (termIndex - 2) * increment"
    },
    "questionText": "Cho dãy số: $ {startNum}, {startNum + increment}, {startNum + 2 * increment}, ... $ (mỗi số trong dãy cách đều nhau $ {increment} $ đơn vị). Hỏi số thứ $ {termIndex} $ của dãy là bao nhiêu?",
    "options": [
      "A. $ {w1} $",
      "B. $ {ans} $",
      "C. $ {w2} $",
      "D. $ {w3} $"
    ],
    "correctIndex": 1,
    "hints": [
      "Số thứ nhất là $ {startNum} $.",
      "Số thứ hai là $ {startNum} + {increment} $.",
      "Số thứ ba là $ {startNum} + 2 \\times {increment} $.",
      "Để tìm số thứ $ {termIndex} $, ta lấy số hạng đầu cộng với tích của (số thứ tự - 1) và khoảng cách giữa các số."
    ],
    "solutionHtml": "Dãy số đã cho là một dãy số cách đều.<br/>Số hạng thứ nhất là $ {startNum} $.<br/>Khoảng cách giữa hai số hạng liên tiếp là $ {increment} $.<br/>Để tìm số hạng thứ $ {termIndex} $ của dãy, ta dùng công thức:<br/>Số hạng thứ $ {termIndex} = \\text{Số hạng đầu} + (\\text{Số thứ tự} - 1) \\times \\text{Khoảng cách}<br/>Số hạng thứ $ {termIndex} $ là: $ {startNum} + ({termIndex} - 1) \\times {increment} $<br/>$ = {startNum} + {termIndex - 1} \\times {increment} $<br/>$ = {startNum} + { (termIndex - 1) * increment } $<br/>$ = {ans} $<br/>Đáp án đúng là B.",
    "tip": "Hãy nhớ công thức tìm số hạng thứ 'n' trong dãy số cách đều: Số hạng đầu + (n - 1) x Khoảng cách. Đừng nhầm lẫn giữa 'n' và 'n - 1' trong phép tính.",
    "level": "chat-luong-cao",
    "type": "l4-bai-1-q7"
  },
  {
    "isTemplate": true,
    "variables": {
      "numA": { "min": 15000, "max": 25000, "step": 500 },
      "numB": { "min": 8000, "max": 12000, "step": 500 },
      "factorC": { "min": 2, "max": 4, "step": 1 }
    },
    "constraints": [
      "numA > numB",
      "numA + numB + numB * factorC < 100000"
    ],
    "formulas": {
      "numC": "numB * factorC",
      "ans": "numA + numB + numC",
      "w1": "numA + numB - numC",
      "w2": "numA * numB + numC",
      "w3": "numA + numB * factorC"
    },
    "questionText": "Cho ba số A, B và C. Biết số A là $ {numA} $. Số B kém số A là $ {numA - numB} $ đơn vị. Số C gấp $ {factorC} $ lần số B. Hỏi tổng của ba số A, B và C là bao nhiêu?",
    "options": [
      "A. $ {w1} $",
      "B. $ {ans} $",
      "C. $ {w2} $",
      "D. $ {w3} $"
    ],
    "correctIndex": 1,
    "hints": [
      "Tính số B dựa vào số A và thông tin 'kém hơn'.",
      "Tính số C dựa vào số B và thông tin 'gấp ... lần'.",
      "Cuối cùng, tính tổng của ba số A, B và C."
    ],
    "solutionHtml": "Theo đề bài:<br/>Số A là $ {numA} $.<br/>Số B kém số A là $ {numA - numB} $ đơn vị, vậy số B là:<br/>$ {numA} - ({numA - numB}) = {numB} $<br/>Số C gấp $ {factorC} $ lần số B, vậy số C là:<br/>$ {numB} \\times {factorC} = {numC} $<br/>Tổng của ba số A, B và C là:<br/>$ {numA} + {numB} + {numC} = {ans} $<br/>Đáp án đúng là B.",
    "tip": "Khi giải bài toán có nhiều số và mối quan hệ giữa chúng, hãy lần lượt tìm giá trị của từng số một theo thứ tự từ dễ đến khó. Sau khi tìm được tất cả các số, thực hiện phép tính cuối cùng theo yêu cầu đề bài.",
    "level": "chat-luong-cao",
    "type": "l4-bai-1-q8"
  },
  {
    "isTemplate": true,
    "variables": {
      "d1": { "min": 6, "max": 9, "step": 1 },
      "d2": { "min": 0, "max": 2, "step": 1 },
      "d3": { "min": 3, "max": 5, "step": 1 },
      "d4": { "min": 1, "max": 2, "step": 1 }
    },
    "constraints": [
      "d1 !== d2",
      "d1 !== d3",
      "d1 !== d4",
      "d2 !== d3",
      "d2 !== d4",
      "d3 !== d4"
    ],
    "formulas": {
      "largestDigit": "Math.max(d1, d2, d3, d4)",
      "smallestDigit": "Math.min(d1, d2, d3, d4)",
      "otherDigit1": "d1 + d2 - largestDigit - smallestDigit + d3 + d4 - (d1 + d2 + d3 + d4 - largestDigit - smallestDigit - d1 - d2 - d3 - d4)",
      "otherDigit2": "(d1 + d2 + d3 + d4) - largestDigit - smallestDigit - otherDigit1",
      "sortedDigits": "JSON.stringify([d1, d2, d3, d4].sort((a, b) => a - b))",
      "sd0": "eval(sortedDigits)[0]",
      "sd1": "eval(sortedDigits)[1]",
      "sd2": "eval(sortedDigits)[2]",
      "sd3": "eval(sortedDigits)[3]",
      "finalDigits": "sd0 === 0 ? [sd1, sd0, sd2, sd3] : [sd0, sd1, sd2, sd3]",
      "fd0": "finalDigits[0]",
      "fd1": "finalDigits[1]",
      "fd2": "finalDigits[2]",
      "fd3": "finalDigits[3]",
      "number1": "fd0 * 1000 + fd1 * 100 + fd2 * 10 + fd3",
      "number2": "fd0 * 1000 + fd1 * 100 + fd3 * 10 + fd2",
      "number3": "fd0 * 1000 + fd2 * 100 + fd1 * 10 + fd3",
      "number4": "fd0 * 1000 + fd2 * 100 + fd3 * 10 + fd1",
      "number5": "fd0 * 1000 + fd3 * 100 + fd1 * 10 + fd2",
      "number6": "fd0 * 1000 + fd3 * 100 + fd2 * 10 + fd1",
      "allNumbers": "JSON.stringify([number1, number2, number3, number4, number5, number6].filter(n => n >= 1000 && n <= 9999))",
      "smallestOdd": "Math.min(...eval(allNumbers).filter(n => n % 2 !== 0))",
      "largestEven": "Math.max(...eval(allNumbers).filter(n => n % 2 === 0))",
      "ans": "smallestOdd + 1",
      "w1": "largestEven - 1",
      "w2": "smallestOdd + 10",
      "w3": "smallestOdd - 1"
    },
    "questionText": "Cho 4 chữ số khác nhau: $ {d1}, {d2}, {d3}, {d4} $. Từ 4 chữ số này, hãy lập số lẻ nhỏ nhất có 4 chữ số. Hỏi số liền sau của số lẻ nhỏ nhất đó là bao nhiêu?",
    "options": [
      "A. $ {w1} $",
      "B. $ {ans} $",
      "C. $ {w2} $",
      "D. $ {w3} $"
    ],
    "correctIndex": 1,
    "hints": [
      "Sắp xếp 4 chữ số đã cho theo thứ tự tăng dần. (Lưu ý nếu có chữ số 0, nó không thể đứng đầu)",
      "Để lập số lẻ nhỏ nhất có 4 chữ số, hãy đặt các chữ số nhỏ nhất ở hàng cao nhất, và chữ số hàng đơn vị phải là số lẻ nhỏ nhất có thể.",
      "Số liền sau của một số là số đó cộng thêm 1."
    ],
    "solutionHtml": "Các chữ số đã cho là: $ {d1}, {d2}, {d3}, {d4} $.<br/>Sắp xếp các chữ số này theo thứ tự tăng dần (đảm bảo chữ số hàng nghìn không phải là 0): $ {fd0}, {fd1}, {fd2}, {fd3} $.<br/>Để lập số lẻ nhỏ nhất có 4 chữ số từ $ {fd0}, {fd1}, {fd2}, {fd3} $:<br/>- Chữ số hàng nghìn phải là chữ số nhỏ nhất (không phải 0), tức là $ {fd0} $.<br/>- Các chữ số tiếp theo (hàng trăm, hàng chục) phải là các chữ số nhỏ nhất còn lại để số nhỏ nhất có thể.<br/>- Chữ số hàng đơn vị phải là số lẻ và là số nhỏ nhất trong các chữ số còn lại để đảm bảo số là số lẻ và là số nhỏ nhất.<br/>Các số lẻ trong tập hợp $ {d1}, {d2}, {d3}, {d4} $ là: <br/>$ {eval('JSON.stringify([d1, d2, d3, d4].filter(d => d % 2 !== 0))').replace(/[\[\]"]/g, '')} $. <br/> Số lẻ nhỏ nhất có 4 chữ số lập được là $ {smallestOdd} $ (thực tế, đây là quá trình sắp xếp cẩn thận để số nhỏ nhất và là số lẻ).<br/>Số liền sau của $ {smallestOdd} $ là $ {smallestOdd} + 1 = {ans} $.<br/>Đáp án đúng là B.",
    "tip": "Khi lập số có điều kiện (lẻ/chẵn, lớn nhất/nhỏ nhất), hãy ưu tiên các hàng giá trị cao (hàng nghìn, hàng trăm) để quyết định độ lớn của số. Sau đó, mới xét đến điều kiện lẻ/chẵn ở hàng đơn vị. Cuối cùng, đừng quên yêu cầu tìm 'số liền sau' chứ không phải chính số đó.",
    "level": "chat-luong-cao",
    "type": "l4-bai-1-q9"
  },
  {
    "isTemplate": true,
    "variables": {
      "totalGuests": { "min": 80, "max": 120, "step": 5 },
      "tablesOfX": { "min": 6, "max": 8, "step": 1 },
      "chairsPerTableX": { "min": 8, "max": 10, "step": 1 },
      "tablesOfY": { "min": 4, "max": 6, "step": 1 }
    },
    "constraints": [
      "totalGuests > tablesOfX * chairsPerTableX",
      "(totalGuests - (tablesOfX * chairsPerTableX)) % tablesOfY === 0",
      "chairsPerTableX > 5"
    ],
    "formulas": {
      "seatedGuestsX": "tablesOfX * chairsPerTableX",
      "remainingGuests": "totalGuests - seatedGuestsX",
      "ans": "remainingGuests / tablesOfY",
      "w1": "ans + 2",
      "w2": "ans - 1",
      "w3": "ans * 2"
    },
    "questionText": "Một nhà hàng có $ {totalGuests} $ khách. Có $ {tablesOfX} $ bàn loại lớn, mỗi bàn có $ {chairsPerTableX} $ ghế. Số khách còn lại được xếp đều vào $ {tablesOfY} $ bàn loại nhỏ. Hỏi mỗi bàn loại nhỏ có bao nhiêu ghế?",
    "options": [
      "A. $ {w1} $ ghế",
      "B. $ {ans} $ ghế",
      "C. $ {w2} $ ghế",
      "D. $ {w3} $ ghế"
    ],
    "correctIndex": 1,
    "hints": [
      "Tính tổng số khách ngồi ở các bàn loại lớn.",
      "Tính số khách còn lại.",
      "Chia số khách còn lại cho số bàn loại nhỏ để tìm số ghế mỗi bàn loại nhỏ."
    ],
    "solutionHtml": "Số khách ngồi ở các bàn loại lớn là:<br/>$ {tablesOfX} \\times {chairsPerTableX} = {seatedGuestsX} $ (khách)<br/>Số khách còn lại sau khi xếp vào các bàn lớn là:<br/>$ {totalGuests} - {seatedGuestsX} = {remainingGuests} $ (khách)<br/>Số ghế ở mỗi bàn loại nhỏ là (số khách còn lại được xếp đều vào $ {tablesOfY} $ bàn):<br/>$ {remainingGuests} : {tablesOfY} = {ans} $ (ghế)<br/>Đáp án đúng là B.",
    "tip": "Đây là bài toán thực tế kết hợp phép nhân, trừ và chia. Hãy xác định rõ ràng 'tổng số khách', 'số khách đã xếp' và 'số khách cần xếp thêm' để tránh nhầm lẫn trong các bước tính toán.",
    "level": "chat-luong-cao",
    "type": "l4-bai-1-q10"
  }
]

